2025-07-19 15:07:24.997 [main] INFO  c.k.t.TliasWebManagement1Application-Starting TliasWebManagement1Application using Java 17.0.14 with PID 26044 (F:\学习资料\编程\后端开发\kei\tlias-web-management1\target\classes started by hp in F:\学习资料\编程\后端开发\kei\tlias-web-management1)
2025-07-19 15:07:25.001 [main] INFO  c.k.t.TliasWebManagement1Application-No active profile set, falling back to 1 default profile: "default"
2025-07-19 15:07:30.778 [main] INFO  o.s.boot.web.embedded.tomcat.TomcatWebServer-Tomcat initialized with port 8080 (http)
2025-07-19 15:07:30.798 [main] INFO  org.apache.coyote.http11.Http11NioProtocol-Initializing ProtocolHandler ["http-nio-8080"]
2025-07-19 15:07:30.801 [main] INFO  org.apache.catalina.core.StandardService-Starting service [Tomcat]
2025-07-19 15:07:30.822 [main] INFO  org.apache.catalina.core.StandardEngine-Starting Servlet engine: [Apache Tomcat/10.1.40]
2025-07-19 15:07:30.947 [main] INFO  o.a.c.core.ContainerBase.[Tomcat].[localhost].[/]-Initializing Spring embedded WebApplicationContext
2025-07-19 15:07:30.947 [main] INFO  o.s.b.w.s.c.ServletWebServerApplicationContext-Root WebApplicationContext: initialization completed in 5882 ms
2025-07-19 15:07:33.892 [main] INFO  o.s.b.actuate.endpoint.web.EndpointLinksResolver-Exposing 1 endpoint beneath base path '/actuator'
2025-07-19 15:07:34.015 [main] INFO  org.apache.coyote.http11.Http11NioProtocol-Starting ProtocolHandler ["http-nio-8080"]
2025-07-19 15:07:34.041 [main] INFO  o.s.boot.web.embedded.tomcat.TomcatWebServer-Tomcat started on port 8080 (http) with context path '/'
2025-07-19 15:07:34.062 [main] INFO  c.k.t.TliasWebManagement1Application-Started TliasWebManagement1Application in 9.746 seconds (process running for 12.277)
2025-07-19 15:07:34.622 [RMI TCP Connection(9)-192.168.3.75] INFO  o.a.c.core.ContainerBase.[Tomcat].[localhost].[/]-Initializing Spring DispatcherServlet 'dispatcherServlet'
2025-07-19 15:07:34.622 [RMI TCP Connection(9)-192.168.3.75] INFO  org.springframework.web.servlet.DispatcherServlet-Initializing Servlet 'dispatcherServlet'
2025-07-19 15:07:34.625 [RMI TCP Connection(9)-192.168.3.75] INFO  org.springframework.web.servlet.DispatcherServlet-Completed initialization in 3 ms
2025-07-19 15:07:34.627 [RMI TCP Connection(7)-192.168.3.75] INFO  com.zaxxer.hikari.HikariDataSource-HikariPool-1 - Starting...
2025-07-19 15:07:36.518 [RMI TCP Connection(7)-192.168.3.75] INFO  com.zaxxer.hikari.pool.HikariPool-HikariPool-1 - Added connection com.mysql.cj.jdbc.ConnectionImpl@2cc4591
2025-07-19 15:07:36.527 [RMI TCP Connection(7)-192.168.3.75] INFO  com.zaxxer.hikari.HikariDataSource-HikariPool-1 - Start completed.
2025-07-19 15:27:29.267 [http-nio-8080-exec-1] INFO  c.kei.tliaswebmanagement1.controller.EmpController-分页查询：EmpQueryParam(name=, gender=null, begin=null, end=null, page=1, pageSize=100)
2025-07-19 15:27:29.270 [http-nio-8080-exec-1] INFO  com.kei.tliaswebmanagement1.aop.RecordTimeAspect-before
2025-07-19 15:27:29.271 [http-nio-8080-exec-1] INFO  com.kei.tliaswebmanagement1.aop.RecordTimeAspect-目标对象：com.kei.tliaswebmanagement1.service.Impl.EmpServiceImpl@778e1eac
2025-07-19 15:27:29.271 [http-nio-8080-exec-1] INFO  com.kei.tliaswebmanagement1.aop.RecordTimeAspect-目标类：com.kei.tliaswebmanagement1.service.Impl.EmpServiceImpl
2025-07-19 15:27:29.272 [http-nio-8080-exec-1] INFO  com.kei.tliaswebmanagement1.aop.RecordTimeAspect-目标方法：pageByPageHelper
2025-07-19 15:27:29.272 [http-nio-8080-exec-1] INFO  com.kei.tliaswebmanagement1.aop.RecordTimeAspect-目标方法参数：EmpQueryParam(name=, gender=null, begin=null, end=null, page=1, pageSize=100)
2025-07-19 15:28:46.047 [http-nio-8080-exec-3] INFO  c.kei.tliaswebmanagement1.controller.EmpController-分页查询：EmpQueryParam(name=, gender=null, begin=null, end=null, page=1, pageSize=100)
2025-07-19 15:28:46.047 [http-nio-8080-exec-3] INFO  com.kei.tliaswebmanagement1.aop.RecordTimeAspect-before
2025-07-19 15:28:46.047 [http-nio-8080-exec-3] INFO  com.kei.tliaswebmanagement1.aop.RecordTimeAspect-目标对象：com.kei.tliaswebmanagement1.service.Impl.EmpServiceImpl@778e1eac
2025-07-19 15:28:46.048 [http-nio-8080-exec-3] INFO  com.kei.tliaswebmanagement1.aop.RecordTimeAspect-目标类：com.kei.tliaswebmanagement1.service.Impl.EmpServiceImpl
2025-07-19 15:28:46.048 [http-nio-8080-exec-3] INFO  com.kei.tliaswebmanagement1.aop.RecordTimeAspect-目标方法：pageByPageHelper
2025-07-19 15:28:46.048 [http-nio-8080-exec-3] INFO  com.kei.tliaswebmanagement1.aop.RecordTimeAspect-目标方法参数：EmpQueryParam(name=, gender=null, begin=null, end=null, page=1, pageSize=100)
2025-07-19 15:30:34.243 [http-nio-8080-exec-2] INFO  c.kei.tliaswebmanagement1.controller.EmpController-分页查询：EmpQueryParam(name=, gender=null, begin=null, end=null, page=1, pageSize=100)
2025-07-19 15:30:34.244 [http-nio-8080-exec-2] INFO  com.kei.tliaswebmanagement1.aop.RecordTimeAspect-before
2025-07-19 15:30:34.244 [http-nio-8080-exec-2] INFO  com.kei.tliaswebmanagement1.aop.RecordTimeAspect-目标对象：com.kei.tliaswebmanagement1.service.Impl.EmpServiceImpl@778e1eac
2025-07-19 15:30:34.244 [http-nio-8080-exec-2] INFO  com.kei.tliaswebmanagement1.aop.RecordTimeAspect-目标类：com.kei.tliaswebmanagement1.service.Impl.EmpServiceImpl
2025-07-19 15:30:34.244 [http-nio-8080-exec-2] INFO  com.kei.tliaswebmanagement1.aop.RecordTimeAspect-目标方法：pageByPageHelper
2025-07-19 15:30:34.244 [http-nio-8080-exec-2] INFO  com.kei.tliaswebmanagement1.aop.RecordTimeAspect-目标方法参数：EmpQueryParam(name=, gender=null, begin=null, end=null, page=1, pageSize=100)
2025-07-19 15:33:25.917 [http-nio-8080-exec-5] INFO  c.kei.tliaswebmanagement1.controller.EmpController-分页查询：EmpQueryParam(name=白, gender=null, begin=null, end=null, page=1, pageSize=5)
2025-07-19 15:33:25.918 [http-nio-8080-exec-5] INFO  com.kei.tliaswebmanagement1.aop.RecordTimeAspect-before
2025-07-19 15:33:25.918 [http-nio-8080-exec-5] INFO  com.kei.tliaswebmanagement1.aop.RecordTimeAspect-目标对象：com.kei.tliaswebmanagement1.service.Impl.EmpServiceImpl@778e1eac
2025-07-19 15:33:25.918 [http-nio-8080-exec-5] INFO  com.kei.tliaswebmanagement1.aop.RecordTimeAspect-目标类：com.kei.tliaswebmanagement1.service.Impl.EmpServiceImpl
2025-07-19 15:33:25.918 [http-nio-8080-exec-5] INFO  com.kei.tliaswebmanagement1.aop.RecordTimeAspect-目标方法：pageByPageHelper
2025-07-19 15:33:25.918 [http-nio-8080-exec-5] INFO  com.kei.tliaswebmanagement1.aop.RecordTimeAspect-目标方法参数：EmpQueryParam(name=白, gender=null, begin=null, end=null, page=1, pageSize=5)
2025-07-19 15:33:41.318 [http-nio-8080-exec-8] INFO  c.kei.tliaswebmanagement1.controller.EmpController-分页查询：EmpQueryParam(name=白, gender=0, begin=null, end=null, page=1, pageSize=5)
2025-07-19 15:33:41.319 [http-nio-8080-exec-8] INFO  com.kei.tliaswebmanagement1.aop.RecordTimeAspect-before
2025-07-19 15:33:41.319 [http-nio-8080-exec-8] INFO  com.kei.tliaswebmanagement1.aop.RecordTimeAspect-目标对象：com.kei.tliaswebmanagement1.service.Impl.EmpServiceImpl@778e1eac
2025-07-19 15:33:41.320 [http-nio-8080-exec-8] INFO  com.kei.tliaswebmanagement1.aop.RecordTimeAspect-目标类：com.kei.tliaswebmanagement1.service.Impl.EmpServiceImpl
2025-07-19 15:33:41.320 [http-nio-8080-exec-8] INFO  com.kei.tliaswebmanagement1.aop.RecordTimeAspect-目标方法：pageByPageHelper
2025-07-19 15:33:41.320 [http-nio-8080-exec-8] INFO  com.kei.tliaswebmanagement1.aop.RecordTimeAspect-目标方法参数：EmpQueryParam(name=白, gender=0, begin=null, end=null, page=1, pageSize=5)
2025-07-19 15:33:45.788 [http-nio-8080-exec-6] INFO  c.kei.tliaswebmanagement1.controller.EmpController-分页查询：EmpQueryParam(name=白, gender=1, begin=null, end=null, page=1, pageSize=5)
2025-07-19 15:33:45.789 [http-nio-8080-exec-6] INFO  com.kei.tliaswebmanagement1.aop.RecordTimeAspect-before
2025-07-19 15:33:45.789 [http-nio-8080-exec-6] INFO  com.kei.tliaswebmanagement1.aop.RecordTimeAspect-目标对象：com.kei.tliaswebmanagement1.service.Impl.EmpServiceImpl@778e1eac
2025-07-19 15:33:45.789 [http-nio-8080-exec-6] INFO  com.kei.tliaswebmanagement1.aop.RecordTimeAspect-目标类：com.kei.tliaswebmanagement1.service.Impl.EmpServiceImpl
2025-07-19 15:33:45.789 [http-nio-8080-exec-6] INFO  com.kei.tliaswebmanagement1.aop.RecordTimeAspect-目标方法：pageByPageHelper
2025-07-19 15:33:45.789 [http-nio-8080-exec-6] INFO  com.kei.tliaswebmanagement1.aop.RecordTimeAspect-目标方法参数：EmpQueryParam(name=白, gender=1, begin=null, end=null, page=1, pageSize=5)
2025-07-19 15:33:49.151 [http-nio-8080-exec-7] INFO  c.kei.tliaswebmanagement1.controller.EmpController-分页查询：EmpQueryParam(name=白, gender=0, begin=null, end=null, page=1, pageSize=5)
2025-07-19 15:33:49.152 [http-nio-8080-exec-7] INFO  com.kei.tliaswebmanagement1.aop.RecordTimeAspect-before
2025-07-19 15:33:49.152 [http-nio-8080-exec-7] INFO  com.kei.tliaswebmanagement1.aop.RecordTimeAspect-目标对象：com.kei.tliaswebmanagement1.service.Impl.EmpServiceImpl@778e1eac
2025-07-19 15:33:49.153 [http-nio-8080-exec-7] INFO  com.kei.tliaswebmanagement1.aop.RecordTimeAspect-目标类：com.kei.tliaswebmanagement1.service.Impl.EmpServiceImpl
2025-07-19 15:33:49.153 [http-nio-8080-exec-7] INFO  com.kei.tliaswebmanagement1.aop.RecordTimeAspect-目标方法：pageByPageHelper
2025-07-19 15:33:49.153 [http-nio-8080-exec-7] INFO  com.kei.tliaswebmanagement1.aop.RecordTimeAspect-目标方法参数：EmpQueryParam(name=白, gender=0, begin=null, end=null, page=1, pageSize=5)
2025-07-19 15:34:29.948 [http-nio-8080-exec-4] INFO  c.kei.tliaswebmanagement1.controller.EmpController-分页查询：EmpQueryParam(name=白, gender=2, begin=null, end=null, page=1, pageSize=5)
2025-07-19 15:34:29.949 [http-nio-8080-exec-4] INFO  com.kei.tliaswebmanagement1.aop.RecordTimeAspect-before
2025-07-19 15:34:29.950 [http-nio-8080-exec-4] INFO  com.kei.tliaswebmanagement1.aop.RecordTimeAspect-目标对象：com.kei.tliaswebmanagement1.service.Impl.EmpServiceImpl@778e1eac
2025-07-19 15:34:29.951 [http-nio-8080-exec-4] INFO  com.kei.tliaswebmanagement1.aop.RecordTimeAspect-目标类：com.kei.tliaswebmanagement1.service.Impl.EmpServiceImpl
2025-07-19 15:34:29.951 [http-nio-8080-exec-4] INFO  com.kei.tliaswebmanagement1.aop.RecordTimeAspect-目标方法：pageByPageHelper
2025-07-19 15:34:29.951 [http-nio-8080-exec-4] INFO  com.kei.tliaswebmanagement1.aop.RecordTimeAspect-目标方法参数：EmpQueryParam(name=白, gender=2, begin=null, end=null, page=1, pageSize=5)
2025-07-19 15:34:32.690 [http-nio-8080-exec-9] INFO  c.kei.tliaswebmanagement1.controller.EmpController-分页查询：EmpQueryParam(name=白, gender=1, begin=null, end=null, page=1, pageSize=5)
2025-07-19 15:34:32.691 [http-nio-8080-exec-9] INFO  com.kei.tliaswebmanagement1.aop.RecordTimeAspect-before
2025-07-19 15:34:32.692 [http-nio-8080-exec-9] INFO  com.kei.tliaswebmanagement1.aop.RecordTimeAspect-目标对象：com.kei.tliaswebmanagement1.service.Impl.EmpServiceImpl@778e1eac
2025-07-19 15:34:32.692 [http-nio-8080-exec-9] INFO  com.kei.tliaswebmanagement1.aop.RecordTimeAspect-目标类：com.kei.tliaswebmanagement1.service.Impl.EmpServiceImpl
2025-07-19 15:34:32.692 [http-nio-8080-exec-9] INFO  com.kei.tliaswebmanagement1.aop.RecordTimeAspect-目标方法：pageByPageHelper
2025-07-19 15:34:32.693 [http-nio-8080-exec-9] INFO  com.kei.tliaswebmanagement1.aop.RecordTimeAspect-目标方法参数：EmpQueryParam(name=白, gender=1, begin=null, end=null, page=1, pageSize=5)
2025-07-19 15:34:35.111 [http-nio-8080-exec-10] INFO  c.kei.tliaswebmanagement1.controller.EmpController-分页查询：EmpQueryParam(name=白, gender=2, begin=null, end=null, page=1, pageSize=5)
2025-07-19 15:34:35.111 [http-nio-8080-exec-10] INFO  com.kei.tliaswebmanagement1.aop.RecordTimeAspect-before
2025-07-19 15:34:35.111 [http-nio-8080-exec-10] INFO  com.kei.tliaswebmanagement1.aop.RecordTimeAspect-目标对象：com.kei.tliaswebmanagement1.service.Impl.EmpServiceImpl@778e1eac
2025-07-19 15:34:35.111 [http-nio-8080-exec-10] INFO  com.kei.tliaswebmanagement1.aop.RecordTimeAspect-目标类：com.kei.tliaswebmanagement1.service.Impl.EmpServiceImpl
2025-07-19 15:34:35.111 [http-nio-8080-exec-10] INFO  com.kei.tliaswebmanagement1.aop.RecordTimeAspect-目标方法：pageByPageHelper
2025-07-19 15:34:35.111 [http-nio-8080-exec-10] INFO  com.kei.tliaswebmanagement1.aop.RecordTimeAspect-目标方法参数：EmpQueryParam(name=白, gender=2, begin=null, end=null, page=1, pageSize=5)
2025-07-19 15:35:10.141 [http-nio-8080-exec-1] INFO  c.kei.tliaswebmanagement1.controller.EmpController-分页查询：EmpQueryParam(name=白, gender=2, begin=2025-07-04, end=2025-08-06, page=1, pageSize=5)
2025-07-19 15:35:10.141 [http-nio-8080-exec-1] INFO  com.kei.tliaswebmanagement1.aop.RecordTimeAspect-before
2025-07-19 15:35:10.141 [http-nio-8080-exec-1] INFO  com.kei.tliaswebmanagement1.aop.RecordTimeAspect-目标对象：com.kei.tliaswebmanagement1.service.Impl.EmpServiceImpl@778e1eac
2025-07-19 15:35:10.142 [http-nio-8080-exec-1] INFO  com.kei.tliaswebmanagement1.aop.RecordTimeAspect-目标类：com.kei.tliaswebmanagement1.service.Impl.EmpServiceImpl
2025-07-19 15:35:10.142 [http-nio-8080-exec-1] INFO  com.kei.tliaswebmanagement1.aop.RecordTimeAspect-目标方法：pageByPageHelper
2025-07-19 15:35:10.142 [http-nio-8080-exec-1] INFO  com.kei.tliaswebmanagement1.aop.RecordTimeAspect-目标方法参数：EmpQueryParam(name=白, gender=2, begin=2025-07-04, end=2025-08-06, page=1, pageSize=5)
2025-07-19 15:35:17.416 [http-nio-8080-exec-3] INFO  c.kei.tliaswebmanagement1.controller.EmpController-分页查询：EmpQueryParam(name=白, gender=1, begin=2025-07-04, end=2025-08-06, page=1, pageSize=5)
2025-07-19 15:35:17.416 [http-nio-8080-exec-3] INFO  com.kei.tliaswebmanagement1.aop.RecordTimeAspect-before
2025-07-19 15:35:17.417 [http-nio-8080-exec-3] INFO  com.kei.tliaswebmanagement1.aop.RecordTimeAspect-目标对象：com.kei.tliaswebmanagement1.service.Impl.EmpServiceImpl@778e1eac
2025-07-19 15:35:17.417 [http-nio-8080-exec-3] INFO  com.kei.tliaswebmanagement1.aop.RecordTimeAspect-目标类：com.kei.tliaswebmanagement1.service.Impl.EmpServiceImpl
2025-07-19 15:35:17.418 [http-nio-8080-exec-3] INFO  com.kei.tliaswebmanagement1.aop.RecordTimeAspect-目标方法：pageByPageHelper
2025-07-19 15:35:17.418 [http-nio-8080-exec-3] INFO  com.kei.tliaswebmanagement1.aop.RecordTimeAspect-目标方法参数：EmpQueryParam(name=白, gender=1, begin=2025-07-04, end=2025-08-06, page=1, pageSize=5)
2025-07-19 15:35:27.863 [http-nio-8080-exec-2] INFO  c.kei.tliaswebmanagement1.controller.EmpController-分页查询：EmpQueryParam(name=白, gender=1, begin=2025-07-04, end=2025-08-06, page=1, pageSize=5)
2025-07-19 15:35:27.863 [http-nio-8080-exec-2] INFO  com.kei.tliaswebmanagement1.aop.RecordTimeAspect-before
2025-07-19 15:35:27.863 [http-nio-8080-exec-2] INFO  com.kei.tliaswebmanagement1.aop.RecordTimeAspect-目标对象：com.kei.tliaswebmanagement1.service.Impl.EmpServiceImpl@778e1eac
2025-07-19 15:35:27.863 [http-nio-8080-exec-2] INFO  com.kei.tliaswebmanagement1.aop.RecordTimeAspect-目标类：com.kei.tliaswebmanagement1.service.Impl.EmpServiceImpl
2025-07-19 15:35:27.865 [http-nio-8080-exec-2] INFO  com.kei.tliaswebmanagement1.aop.RecordTimeAspect-目标方法：pageByPageHelper
2025-07-19 15:35:27.865 [http-nio-8080-exec-2] INFO  com.kei.tliaswebmanagement1.aop.RecordTimeAspect-目标方法参数：EmpQueryParam(name=白, gender=1, begin=2025-07-04, end=2025-08-06, page=1, pageSize=5)
2025-07-19 15:35:31.706 [http-nio-8080-exec-5] INFO  c.kei.tliaswebmanagement1.controller.EmpController-分页查询：EmpQueryParam(name=, gender=1, begin=2025-07-04, end=2025-08-06, page=1, pageSize=5)
2025-07-19 15:35:31.707 [http-nio-8080-exec-5] INFO  com.kei.tliaswebmanagement1.aop.RecordTimeAspect-before
2025-07-19 15:35:31.707 [http-nio-8080-exec-5] INFO  com.kei.tliaswebmanagement1.aop.RecordTimeAspect-目标对象：com.kei.tliaswebmanagement1.service.Impl.EmpServiceImpl@778e1eac
2025-07-19 15:35:31.707 [http-nio-8080-exec-5] INFO  com.kei.tliaswebmanagement1.aop.RecordTimeAspect-目标类：com.kei.tliaswebmanagement1.service.Impl.EmpServiceImpl
2025-07-19 15:35:31.707 [http-nio-8080-exec-5] INFO  com.kei.tliaswebmanagement1.aop.RecordTimeAspect-目标方法：pageByPageHelper
2025-07-19 15:35:31.708 [http-nio-8080-exec-5] INFO  com.kei.tliaswebmanagement1.aop.RecordTimeAspect-目标方法参数：EmpQueryParam(name=, gender=1, begin=2025-07-04, end=2025-08-06, page=1, pageSize=5)
2025-07-19 15:35:45.150 [http-nio-8080-exec-8] INFO  c.kei.tliaswebmanagement1.controller.EmpController-分页查询：EmpQueryParam(name=, gender=1, begin=2024-07-01, end=2031-08-30, page=1, pageSize=5)
2025-07-19 15:35:45.151 [http-nio-8080-exec-8] INFO  com.kei.tliaswebmanagement1.aop.RecordTimeAspect-before
2025-07-19 15:35:45.152 [http-nio-8080-exec-8] INFO  com.kei.tliaswebmanagement1.aop.RecordTimeAspect-目标对象：com.kei.tliaswebmanagement1.service.Impl.EmpServiceImpl@778e1eac
2025-07-19 15:35:45.153 [http-nio-8080-exec-8] INFO  com.kei.tliaswebmanagement1.aop.RecordTimeAspect-目标类：com.kei.tliaswebmanagement1.service.Impl.EmpServiceImpl
2025-07-19 15:35:45.153 [http-nio-8080-exec-8] INFO  com.kei.tliaswebmanagement1.aop.RecordTimeAspect-目标方法：pageByPageHelper
2025-07-19 15:35:45.153 [http-nio-8080-exec-8] INFO  com.kei.tliaswebmanagement1.aop.RecordTimeAspect-目标方法参数：EmpQueryParam(name=, gender=1, begin=2024-07-01, end=2031-08-30, page=1, pageSize=5)
2025-07-19 15:35:48.779 [http-nio-8080-exec-6] INFO  c.kei.tliaswebmanagement1.controller.EmpController-分页查询：EmpQueryParam(name=, gender=2, begin=2024-07-01, end=2031-08-30, page=1, pageSize=5)
2025-07-19 15:35:48.780 [http-nio-8080-exec-6] INFO  com.kei.tliaswebmanagement1.aop.RecordTimeAspect-before
2025-07-19 15:35:48.780 [http-nio-8080-exec-6] INFO  com.kei.tliaswebmanagement1.aop.RecordTimeAspect-目标对象：com.kei.tliaswebmanagement1.service.Impl.EmpServiceImpl@778e1eac
2025-07-19 15:35:48.780 [http-nio-8080-exec-6] INFO  com.kei.tliaswebmanagement1.aop.RecordTimeAspect-目标类：com.kei.tliaswebmanagement1.service.Impl.EmpServiceImpl
2025-07-19 15:35:48.780 [http-nio-8080-exec-6] INFO  com.kei.tliaswebmanagement1.aop.RecordTimeAspect-目标方法：pageByPageHelper
2025-07-19 15:35:48.780 [http-nio-8080-exec-6] INFO  com.kei.tliaswebmanagement1.aop.RecordTimeAspect-目标方法参数：EmpQueryParam(name=, gender=2, begin=2024-07-01, end=2031-08-30, page=1, pageSize=5)
2025-07-19 15:36:55.398 [http-nio-8080-exec-7] INFO  c.kei.tliaswebmanagement1.controller.EmpController-分页查询：EmpQueryParam(name=, gender=null, begin=null, end=null, page=1, pageSize=100)
2025-07-19 15:36:55.398 [http-nio-8080-exec-7] INFO  com.kei.tliaswebmanagement1.aop.RecordTimeAspect-before
2025-07-19 15:36:55.398 [http-nio-8080-exec-7] INFO  com.kei.tliaswebmanagement1.aop.RecordTimeAspect-目标对象：com.kei.tliaswebmanagement1.service.Impl.EmpServiceImpl@778e1eac
2025-07-19 15:36:55.399 [http-nio-8080-exec-7] INFO  com.kei.tliaswebmanagement1.aop.RecordTimeAspect-目标类：com.kei.tliaswebmanagement1.service.Impl.EmpServiceImpl
2025-07-19 15:36:55.399 [http-nio-8080-exec-7] INFO  com.kei.tliaswebmanagement1.aop.RecordTimeAspect-目标方法：pageByPageHelper
2025-07-19 15:36:55.399 [http-nio-8080-exec-7] INFO  com.kei.tliaswebmanagement1.aop.RecordTimeAspect-目标方法参数：EmpQueryParam(name=, gender=null, begin=null, end=null, page=1, pageSize=100)
2025-07-19 15:36:58.133 [http-nio-8080-exec-4] INFO  c.kei.tliaswebmanagement1.controller.EmpController-分页查询：EmpQueryParam(name=, gender=null, begin=null, end=null, page=1, pageSize=100)
2025-07-19 15:36:58.134 [http-nio-8080-exec-4] INFO  com.kei.tliaswebmanagement1.aop.RecordTimeAspect-before
2025-07-19 15:36:58.134 [http-nio-8080-exec-4] INFO  com.kei.tliaswebmanagement1.aop.RecordTimeAspect-目标对象：com.kei.tliaswebmanagement1.service.Impl.EmpServiceImpl@778e1eac
2025-07-19 15:36:58.134 [http-nio-8080-exec-4] INFO  com.kei.tliaswebmanagement1.aop.RecordTimeAspect-目标类：com.kei.tliaswebmanagement1.service.Impl.EmpServiceImpl
2025-07-19 15:36:58.134 [http-nio-8080-exec-4] INFO  com.kei.tliaswebmanagement1.aop.RecordTimeAspect-目标方法：pageByPageHelper
2025-07-19 15:36:58.134 [http-nio-8080-exec-4] INFO  com.kei.tliaswebmanagement1.aop.RecordTimeAspect-目标方法参数：EmpQueryParam(name=, gender=null, begin=null, end=null, page=1, pageSize=100)
2025-07-19 15:37:00.360 [http-nio-8080-exec-9] INFO  c.k.tliaswebmanagement1.controller.DeptController-查询全部乐队数据
2025-07-19 15:37:00.361 [http-nio-8080-exec-9] INFO  com.kei.tliaswebmanagement1.aop.RecordTimeAspect-before
2025-07-19 15:37:00.361 [http-nio-8080-exec-9] INFO  com.kei.tliaswebmanagement1.aop.RecordTimeAspect-目标对象：com.kei.tliaswebmanagement1.service.Impl.DeptServiceImpl@4cf0c1a1
2025-07-19 15:37:00.361 [http-nio-8080-exec-9] INFO  com.kei.tliaswebmanagement1.aop.RecordTimeAspect-目标类：com.kei.tliaswebmanagement1.service.Impl.DeptServiceImpl
2025-07-19 15:37:00.361 [http-nio-8080-exec-9] INFO  com.kei.tliaswebmanagement1.aop.RecordTimeAspect-目标方法：findAll
2025-07-19 15:37:00.361 [http-nio-8080-exec-9] INFO  com.kei.tliaswebmanagement1.aop.RecordTimeAspect-目标方法参数：{}
2025-07-19 15:37:01.639 [http-nio-8080-exec-10] INFO  c.kei.tliaswebmanagement1.controller.EmpController-分页查询：EmpQueryParam(name=, gender=null, begin=null, end=null, page=1, pageSize=100)
2025-07-19 15:37:01.639 [http-nio-8080-exec-10] INFO  com.kei.tliaswebmanagement1.aop.RecordTimeAspect-before
2025-07-19 15:37:01.639 [http-nio-8080-exec-10] INFO  com.kei.tliaswebmanagement1.aop.RecordTimeAspect-目标对象：com.kei.tliaswebmanagement1.service.Impl.EmpServiceImpl@778e1eac
2025-07-19 15:37:01.639 [http-nio-8080-exec-10] INFO  com.kei.tliaswebmanagement1.aop.RecordTimeAspect-目标类：com.kei.tliaswebmanagement1.service.Impl.EmpServiceImpl
2025-07-19 15:37:01.639 [http-nio-8080-exec-10] INFO  com.kei.tliaswebmanagement1.aop.RecordTimeAspect-目标方法：pageByPageHelper
2025-07-19 15:37:01.640 [http-nio-8080-exec-10] INFO  com.kei.tliaswebmanagement1.aop.RecordTimeAspect-目标方法参数：EmpQueryParam(name=, gender=null, begin=null, end=null, page=1, pageSize=100)
2025-07-19 15:39:47.252 [http-nio-8080-exec-1] INFO  c.kei.tliaswebmanagement1.controller.EmpController-分页查询：EmpQueryParam(name=, gender=null, begin=null, end=null, page=1, pageSize=100)
2025-07-19 15:39:47.253 [http-nio-8080-exec-1] INFO  com.kei.tliaswebmanagement1.aop.RecordTimeAspect-before
2025-07-19 15:39:47.253 [http-nio-8080-exec-1] INFO  com.kei.tliaswebmanagement1.aop.RecordTimeAspect-目标对象：com.kei.tliaswebmanagement1.service.Impl.EmpServiceImpl@778e1eac
2025-07-19 15:39:47.253 [http-nio-8080-exec-1] INFO  com.kei.tliaswebmanagement1.aop.RecordTimeAspect-目标类：com.kei.tliaswebmanagement1.service.Impl.EmpServiceImpl
2025-07-19 15:39:47.253 [http-nio-8080-exec-1] INFO  com.kei.tliaswebmanagement1.aop.RecordTimeAspect-目标方法：pageByPageHelper
2025-07-19 15:39:47.254 [http-nio-8080-exec-1] INFO  com.kei.tliaswebmanagement1.aop.RecordTimeAspect-目标方法参数：EmpQueryParam(name=, gender=null, begin=null, end=null, page=1, pageSize=100)
2025-07-19 15:39:52.138 [http-nio-8080-exec-3] INFO  c.kei.tliaswebmanagement1.controller.EmpController-分页查询：EmpQueryParam(name=, gender=null, begin=null, end=null, page=1, pageSize=5)
2025-07-19 15:39:52.139 [http-nio-8080-exec-3] INFO  com.kei.tliaswebmanagement1.aop.RecordTimeAspect-before
2025-07-19 15:39:52.139 [http-nio-8080-exec-3] INFO  com.kei.tliaswebmanagement1.aop.RecordTimeAspect-目标对象：com.kei.tliaswebmanagement1.service.Impl.EmpServiceImpl@778e1eac
2025-07-19 15:39:52.139 [http-nio-8080-exec-3] INFO  com.kei.tliaswebmanagement1.aop.RecordTimeAspect-目标类：com.kei.tliaswebmanagement1.service.Impl.EmpServiceImpl
2025-07-19 15:39:52.139 [http-nio-8080-exec-3] INFO  com.kei.tliaswebmanagement1.aop.RecordTimeAspect-目标方法：pageByPageHelper
2025-07-19 15:39:52.140 [http-nio-8080-exec-3] INFO  com.kei.tliaswebmanagement1.aop.RecordTimeAspect-目标方法参数：EmpQueryParam(name=, gender=null, begin=null, end=null, page=1, pageSize=5)
2025-07-19 15:39:54.323 [http-nio-8080-exec-2] INFO  c.kei.tliaswebmanagement1.controller.EmpController-分页查询：EmpQueryParam(name=, gender=null, begin=null, end=null, page=2, pageSize=5)
2025-07-19 15:39:54.323 [http-nio-8080-exec-2] INFO  com.kei.tliaswebmanagement1.aop.RecordTimeAspect-before
2025-07-19 15:39:54.323 [http-nio-8080-exec-2] INFO  com.kei.tliaswebmanagement1.aop.RecordTimeAspect-目标对象：com.kei.tliaswebmanagement1.service.Impl.EmpServiceImpl@778e1eac
2025-07-19 15:39:54.323 [http-nio-8080-exec-2] INFO  com.kei.tliaswebmanagement1.aop.RecordTimeAspect-目标类：com.kei.tliaswebmanagement1.service.Impl.EmpServiceImpl
2025-07-19 15:39:54.323 [http-nio-8080-exec-2] INFO  com.kei.tliaswebmanagement1.aop.RecordTimeAspect-目标方法：pageByPageHelper
2025-07-19 15:39:54.324 [http-nio-8080-exec-2] INFO  com.kei.tliaswebmanagement1.aop.RecordTimeAspect-目标方法参数：EmpQueryParam(name=, gender=null, begin=null, end=null, page=2, pageSize=5)
2025-07-19 15:39:55.205 [http-nio-8080-exec-5] INFO  c.kei.tliaswebmanagement1.controller.EmpController-分页查询：EmpQueryParam(name=, gender=null, begin=null, end=null, page=3, pageSize=5)
2025-07-19 15:39:55.205 [http-nio-8080-exec-5] INFO  com.kei.tliaswebmanagement1.aop.RecordTimeAspect-before
2025-07-19 15:39:55.205 [http-nio-8080-exec-5] INFO  com.kei.tliaswebmanagement1.aop.RecordTimeAspect-目标对象：com.kei.tliaswebmanagement1.service.Impl.EmpServiceImpl@778e1eac
2025-07-19 15:39:55.205 [http-nio-8080-exec-5] INFO  com.kei.tliaswebmanagement1.aop.RecordTimeAspect-目标类：com.kei.tliaswebmanagement1.service.Impl.EmpServiceImpl
2025-07-19 15:39:55.205 [http-nio-8080-exec-5] INFO  com.kei.tliaswebmanagement1.aop.RecordTimeAspect-目标方法：pageByPageHelper
2025-07-19 15:39:55.205 [http-nio-8080-exec-5] INFO  com.kei.tliaswebmanagement1.aop.RecordTimeAspect-目标方法参数：EmpQueryParam(name=, gender=null, begin=null, end=null, page=3, pageSize=5)
2025-07-19 15:39:59.782 [http-nio-8080-exec-8] INFO  c.kei.tliaswebmanagement1.controller.EmpController-分页查询：EmpQueryParam(name=, gender=null, begin=null, end=null, page=4, pageSize=5)
2025-07-19 15:39:59.782 [http-nio-8080-exec-8] INFO  com.kei.tliaswebmanagement1.aop.RecordTimeAspect-before
2025-07-19 15:39:59.782 [http-nio-8080-exec-8] INFO  com.kei.tliaswebmanagement1.aop.RecordTimeAspect-目标对象：com.kei.tliaswebmanagement1.service.Impl.EmpServiceImpl@778e1eac
2025-07-19 15:39:59.782 [http-nio-8080-exec-8] INFO  com.kei.tliaswebmanagement1.aop.RecordTimeAspect-目标类：com.kei.tliaswebmanagement1.service.Impl.EmpServiceImpl
2025-07-19 15:39:59.782 [http-nio-8080-exec-8] INFO  com.kei.tliaswebmanagement1.aop.RecordTimeAspect-目标方法：pageByPageHelper
2025-07-19 15:39:59.782 [http-nio-8080-exec-8] INFO  com.kei.tliaswebmanagement1.aop.RecordTimeAspect-目标方法参数：EmpQueryParam(name=, gender=null, begin=null, end=null, page=4, pageSize=5)
2025-07-19 15:40:00.657 [http-nio-8080-exec-6] INFO  c.kei.tliaswebmanagement1.controller.EmpController-分页查询：EmpQueryParam(name=, gender=null, begin=null, end=null, page=5, pageSize=5)
2025-07-19 15:40:00.657 [http-nio-8080-exec-6] INFO  com.kei.tliaswebmanagement1.aop.RecordTimeAspect-before
2025-07-19 15:40:00.658 [http-nio-8080-exec-6] INFO  com.kei.tliaswebmanagement1.aop.RecordTimeAspect-目标对象：com.kei.tliaswebmanagement1.service.Impl.EmpServiceImpl@778e1eac
2025-07-19 15:40:00.658 [http-nio-8080-exec-6] INFO  com.kei.tliaswebmanagement1.aop.RecordTimeAspect-目标类：com.kei.tliaswebmanagement1.service.Impl.EmpServiceImpl
2025-07-19 15:40:00.658 [http-nio-8080-exec-6] INFO  com.kei.tliaswebmanagement1.aop.RecordTimeAspect-目标方法：pageByPageHelper
2025-07-19 15:40:00.658 [http-nio-8080-exec-6] INFO  com.kei.tliaswebmanagement1.aop.RecordTimeAspect-目标方法参数：EmpQueryParam(name=, gender=null, begin=null, end=null, page=5, pageSize=5)
2025-07-19 15:40:03.601 [http-nio-8080-exec-7] INFO  c.kei.tliaswebmanagement1.controller.EmpController-分页查询：EmpQueryParam(name=, gender=null, begin=null, end=null, page=1, pageSize=5)
2025-07-19 15:40:03.601 [http-nio-8080-exec-7] INFO  com.kei.tliaswebmanagement1.aop.RecordTimeAspect-before
2025-07-19 15:40:03.601 [http-nio-8080-exec-7] INFO  com.kei.tliaswebmanagement1.aop.RecordTimeAspect-目标对象：com.kei.tliaswebmanagement1.service.Impl.EmpServiceImpl@778e1eac
2025-07-19 15:40:03.602 [http-nio-8080-exec-7] INFO  com.kei.tliaswebmanagement1.aop.RecordTimeAspect-目标类：com.kei.tliaswebmanagement1.service.Impl.EmpServiceImpl
2025-07-19 15:40:03.602 [http-nio-8080-exec-7] INFO  com.kei.tliaswebmanagement1.aop.RecordTimeAspect-目标方法：pageByPageHelper
2025-07-19 15:40:03.602 [http-nio-8080-exec-7] INFO  com.kei.tliaswebmanagement1.aop.RecordTimeAspect-目标方法参数：EmpQueryParam(name=, gender=null, begin=null, end=null, page=1, pageSize=5)
2025-07-19 15:40:06.592 [http-nio-8080-exec-4] INFO  c.kei.tliaswebmanagement1.controller.EmpController-分页查询：EmpQueryParam(name=, gender=null, begin=null, end=null, page=6, pageSize=5)
2025-07-19 15:40:06.592 [http-nio-8080-exec-4] INFO  com.kei.tliaswebmanagement1.aop.RecordTimeAspect-before
2025-07-19 15:40:06.592 [http-nio-8080-exec-4] INFO  com.kei.tliaswebmanagement1.aop.RecordTimeAspect-目标对象：com.kei.tliaswebmanagement1.service.Impl.EmpServiceImpl@778e1eac
2025-07-19 15:40:06.593 [http-nio-8080-exec-4] INFO  com.kei.tliaswebmanagement1.aop.RecordTimeAspect-目标类：com.kei.tliaswebmanagement1.service.Impl.EmpServiceImpl
2025-07-19 15:40:06.593 [http-nio-8080-exec-4] INFO  com.kei.tliaswebmanagement1.aop.RecordTimeAspect-目标方法：pageByPageHelper
2025-07-19 15:40:06.593 [http-nio-8080-exec-4] INFO  com.kei.tliaswebmanagement1.aop.RecordTimeAspect-目标方法参数：EmpQueryParam(name=, gender=null, begin=null, end=null, page=6, pageSize=5)
2025-07-19 15:57:15.777 [http-nio-8080-exec-9] INFO  c.kei.tliaswebmanagement1.controller.EmpController-分页查询：EmpQueryParam(name=, gender=null, begin=null, end=null, page=1, pageSize=100)
2025-07-19 15:57:15.778 [http-nio-8080-exec-9] INFO  com.kei.tliaswebmanagement1.aop.RecordTimeAspect-before
2025-07-19 15:57:15.778 [http-nio-8080-exec-9] INFO  com.kei.tliaswebmanagement1.aop.RecordTimeAspect-目标对象：com.kei.tliaswebmanagement1.service.Impl.EmpServiceImpl@778e1eac
2025-07-19 15:57:15.778 [http-nio-8080-exec-9] INFO  com.kei.tliaswebmanagement1.aop.RecordTimeAspect-目标类：com.kei.tliaswebmanagement1.service.Impl.EmpServiceImpl
2025-07-19 15:57:15.778 [http-nio-8080-exec-9] INFO  com.kei.tliaswebmanagement1.aop.RecordTimeAspect-目标方法：pageByPageHelper
2025-07-19 15:57:15.778 [http-nio-8080-exec-9] INFO  com.kei.tliaswebmanagement1.aop.RecordTimeAspect-目标方法参数：EmpQueryParam(name=, gender=null, begin=null, end=null, page=1, pageSize=100)
2025-07-19 16:05:56.793 [http-nio-8080-exec-10] INFO  c.kei.tliaswebmanagement1.controller.EmpController-分页查询：EmpQueryParam(name=, gender=null, begin=null, end=null, page=1, pageSize=5)
2025-07-19 16:05:56.793 [http-nio-8080-exec-10] INFO  com.kei.tliaswebmanagement1.aop.RecordTimeAspect-before
2025-07-19 16:05:56.793 [http-nio-8080-exec-10] INFO  com.kei.tliaswebmanagement1.aop.RecordTimeAspect-目标对象：com.kei.tliaswebmanagement1.service.Impl.EmpServiceImpl@778e1eac
2025-07-19 16:05:56.794 [http-nio-8080-exec-10] INFO  com.kei.tliaswebmanagement1.aop.RecordTimeAspect-目标类：com.kei.tliaswebmanagement1.service.Impl.EmpServiceImpl
2025-07-19 16:05:56.794 [http-nio-8080-exec-10] INFO  com.kei.tliaswebmanagement1.aop.RecordTimeAspect-目标方法：pageByPageHelper
2025-07-19 16:05:56.795 [http-nio-8080-exec-10] INFO  com.kei.tliaswebmanagement1.aop.RecordTimeAspect-目标方法参数：EmpQueryParam(name=, gender=null, begin=null, end=null, page=1, pageSize=5)
2025-07-19 16:06:17.591 [http-nio-8080-exec-1] INFO  c.kei.tliaswebmanagement1.controller.EmpController-分页查询：EmpQueryParam(name=, gender=null, begin=null, end=null, page=1, pageSize=5)
2025-07-19 16:06:17.591 [http-nio-8080-exec-1] INFO  com.kei.tliaswebmanagement1.aop.RecordTimeAspect-before
2025-07-19 16:06:17.591 [http-nio-8080-exec-1] INFO  com.kei.tliaswebmanagement1.aop.RecordTimeAspect-目标对象：com.kei.tliaswebmanagement1.service.Impl.EmpServiceImpl@778e1eac
2025-07-19 16:06:17.591 [http-nio-8080-exec-1] INFO  com.kei.tliaswebmanagement1.aop.RecordTimeAspect-目标类：com.kei.tliaswebmanagement1.service.Impl.EmpServiceImpl
2025-07-19 16:06:17.591 [http-nio-8080-exec-1] INFO  com.kei.tliaswebmanagement1.aop.RecordTimeAspect-目标方法：pageByPageHelper
2025-07-19 16:06:17.591 [http-nio-8080-exec-1] INFO  com.kei.tliaswebmanagement1.aop.RecordTimeAspect-目标方法参数：EmpQueryParam(name=, gender=null, begin=null, end=null, page=1, pageSize=5)
2025-07-19 16:06:20.518 [http-nio-8080-exec-3] INFO  c.kei.tliaswebmanagement1.controller.EmpController-分页查询：EmpQueryParam(name=, gender=null, begin=null, end=null, page=5, pageSize=5)
2025-07-19 16:06:20.518 [http-nio-8080-exec-3] INFO  com.kei.tliaswebmanagement1.aop.RecordTimeAspect-before
2025-07-19 16:06:20.518 [http-nio-8080-exec-3] INFO  com.kei.tliaswebmanagement1.aop.RecordTimeAspect-目标对象：com.kei.tliaswebmanagement1.service.Impl.EmpServiceImpl@778e1eac
2025-07-19 16:06:20.519 [http-nio-8080-exec-3] INFO  com.kei.tliaswebmanagement1.aop.RecordTimeAspect-目标类：com.kei.tliaswebmanagement1.service.Impl.EmpServiceImpl
2025-07-19 16:06:20.519 [http-nio-8080-exec-3] INFO  com.kei.tliaswebmanagement1.aop.RecordTimeAspect-目标方法：pageByPageHelper
2025-07-19 16:06:20.519 [http-nio-8080-exec-3] INFO  com.kei.tliaswebmanagement1.aop.RecordTimeAspect-目标方法参数：EmpQueryParam(name=, gender=null, begin=null, end=null, page=5, pageSize=5)
2025-07-19 16:06:23.044 [http-nio-8080-exec-2] INFO  c.kei.tliaswebmanagement1.controller.EmpController-分页查询：EmpQueryParam(name=, gender=null, begin=null, end=null, page=7, pageSize=5)
2025-07-19 16:06:23.045 [http-nio-8080-exec-2] INFO  com.kei.tliaswebmanagement1.aop.RecordTimeAspect-before
2025-07-19 16:06:23.045 [http-nio-8080-exec-2] INFO  com.kei.tliaswebmanagement1.aop.RecordTimeAspect-目标对象：com.kei.tliaswebmanagement1.service.Impl.EmpServiceImpl@778e1eac
2025-07-19 16:06:23.045 [http-nio-8080-exec-2] INFO  com.kei.tliaswebmanagement1.aop.RecordTimeAspect-目标类：com.kei.tliaswebmanagement1.service.Impl.EmpServiceImpl
2025-07-19 16:06:23.045 [http-nio-8080-exec-2] INFO  com.kei.tliaswebmanagement1.aop.RecordTimeAspect-目标方法：pageByPageHelper
2025-07-19 16:06:23.045 [http-nio-8080-exec-2] INFO  com.kei.tliaswebmanagement1.aop.RecordTimeAspect-目标方法参数：EmpQueryParam(name=, gender=null, begin=null, end=null, page=7, pageSize=5)
2025-07-19 16:06:24.946 [http-nio-8080-exec-5] INFO  c.kei.tliaswebmanagement1.controller.EmpController-分页查询：EmpQueryParam(name=, gender=null, begin=null, end=null, page=8, pageSize=5)
2025-07-19 16:06:24.946 [http-nio-8080-exec-5] INFO  com.kei.tliaswebmanagement1.aop.RecordTimeAspect-before
2025-07-19 16:06:24.946 [http-nio-8080-exec-5] INFO  com.kei.tliaswebmanagement1.aop.RecordTimeAspect-目标对象：com.kei.tliaswebmanagement1.service.Impl.EmpServiceImpl@778e1eac
2025-07-19 16:06:24.946 [http-nio-8080-exec-5] INFO  com.kei.tliaswebmanagement1.aop.RecordTimeAspect-目标类：com.kei.tliaswebmanagement1.service.Impl.EmpServiceImpl
2025-07-19 16:06:24.947 [http-nio-8080-exec-5] INFO  com.kei.tliaswebmanagement1.aop.RecordTimeAspect-目标方法：pageByPageHelper
2025-07-19 16:06:24.947 [http-nio-8080-exec-5] INFO  com.kei.tliaswebmanagement1.aop.RecordTimeAspect-目标方法参数：EmpQueryParam(name=, gender=null, begin=null, end=null, page=8, pageSize=5)
2025-07-19 16:06:25.794 [http-nio-8080-exec-8] INFO  c.kei.tliaswebmanagement1.controller.EmpController-分页查询：EmpQueryParam(name=, gender=null, begin=null, end=null, page=7, pageSize=5)
2025-07-19 16:06:25.795 [http-nio-8080-exec-8] INFO  com.kei.tliaswebmanagement1.aop.RecordTimeAspect-before
2025-07-19 16:06:25.795 [http-nio-8080-exec-8] INFO  com.kei.tliaswebmanagement1.aop.RecordTimeAspect-目标对象：com.kei.tliaswebmanagement1.service.Impl.EmpServiceImpl@778e1eac
2025-07-19 16:06:25.795 [http-nio-8080-exec-8] INFO  com.kei.tliaswebmanagement1.aop.RecordTimeAspect-目标类：com.kei.tliaswebmanagement1.service.Impl.EmpServiceImpl
2025-07-19 16:06:25.795 [http-nio-8080-exec-8] INFO  com.kei.tliaswebmanagement1.aop.RecordTimeAspect-目标方法：pageByPageHelper
2025-07-19 16:06:25.796 [http-nio-8080-exec-8] INFO  com.kei.tliaswebmanagement1.aop.RecordTimeAspect-目标方法参数：EmpQueryParam(name=, gender=null, begin=null, end=null, page=7, pageSize=5)
2025-07-19 16:06:26.523 [http-nio-8080-exec-6] INFO  c.kei.tliaswebmanagement1.controller.EmpController-分页查询：EmpQueryParam(name=, gender=null, begin=null, end=null, page=5, pageSize=5)
2025-07-19 16:06:26.524 [http-nio-8080-exec-6] INFO  com.kei.tliaswebmanagement1.aop.RecordTimeAspect-before
2025-07-19 16:06:26.524 [http-nio-8080-exec-6] INFO  com.kei.tliaswebmanagement1.aop.RecordTimeAspect-目标对象：com.kei.tliaswebmanagement1.service.Impl.EmpServiceImpl@778e1eac
2025-07-19 16:06:26.524 [http-nio-8080-exec-6] INFO  com.kei.tliaswebmanagement1.aop.RecordTimeAspect-目标类：com.kei.tliaswebmanagement1.service.Impl.EmpServiceImpl
2025-07-19 16:06:26.524 [http-nio-8080-exec-6] INFO  com.kei.tliaswebmanagement1.aop.RecordTimeAspect-目标方法：pageByPageHelper
2025-07-19 16:06:26.524 [http-nio-8080-exec-6] INFO  com.kei.tliaswebmanagement1.aop.RecordTimeAspect-目标方法参数：EmpQueryParam(name=, gender=null, begin=null, end=null, page=5, pageSize=5)
2025-07-19 17:20:00.902 [http-nio-8080-exec-7] INFO  c.kei.tliaswebmanagement1.controller.EmpController-分页查询：EmpQueryParam(name=, gender=null, begin=null, end=null, page=1, pageSize=5)
2025-07-19 17:20:00.913 [http-nio-8080-exec-7] INFO  com.kei.tliaswebmanagement1.aop.RecordTimeAspect-before
2025-07-19 17:20:00.914 [http-nio-8080-exec-7] INFO  com.kei.tliaswebmanagement1.aop.RecordTimeAspect-目标对象：com.kei.tliaswebmanagement1.service.Impl.EmpServiceImpl@778e1eac
2025-07-19 17:20:00.914 [http-nio-8080-exec-7] INFO  com.kei.tliaswebmanagement1.aop.RecordTimeAspect-目标类：com.kei.tliaswebmanagement1.service.Impl.EmpServiceImpl
2025-07-19 17:20:00.914 [http-nio-8080-exec-7] INFO  com.kei.tliaswebmanagement1.aop.RecordTimeAspect-目标方法：pageByPageHelper
2025-07-19 17:20:00.915 [http-nio-8080-exec-7] INFO  com.kei.tliaswebmanagement1.aop.RecordTimeAspect-目标方法参数：EmpQueryParam(name=, gender=null, begin=null, end=null, page=1, pageSize=5)
2025-07-19 17:20:01.394 [http-nio-8080-exec-4] INFO  c.kei.tliaswebmanagement1.controller.EmpController-分页查询：EmpQueryParam(name=, gender=null, begin=null, end=null, page=1, pageSize=5)
2025-07-19 17:20:01.394 [http-nio-8080-exec-4] INFO  com.kei.tliaswebmanagement1.aop.RecordTimeAspect-before
2025-07-19 17:20:01.394 [http-nio-8080-exec-4] INFO  com.kei.tliaswebmanagement1.aop.RecordTimeAspect-目标对象：com.kei.tliaswebmanagement1.service.Impl.EmpServiceImpl@778e1eac
2025-07-19 17:20:01.394 [http-nio-8080-exec-4] INFO  com.kei.tliaswebmanagement1.aop.RecordTimeAspect-目标类：com.kei.tliaswebmanagement1.service.Impl.EmpServiceImpl
2025-07-19 17:20:01.394 [http-nio-8080-exec-4] INFO  com.kei.tliaswebmanagement1.aop.RecordTimeAspect-目标方法：pageByPageHelper
2025-07-19 17:20:01.394 [http-nio-8080-exec-4] INFO  com.kei.tliaswebmanagement1.aop.RecordTimeAspect-目标方法参数：EmpQueryParam(name=, gender=null, begin=null, end=null, page=1, pageSize=5)
2025-07-19 17:21:01.385 [http-nio-8080-exec-9] INFO  c.kei.tliaswebmanagement1.controller.EmpController-分页查询：EmpQueryParam(name=, gender=null, begin=null, end=null, page=1, pageSize=5)
2025-07-19 17:21:01.387 [http-nio-8080-exec-9] INFO  com.kei.tliaswebmanagement1.aop.RecordTimeAspect-before
2025-07-19 17:21:01.387 [http-nio-8080-exec-9] INFO  com.kei.tliaswebmanagement1.aop.RecordTimeAspect-目标对象：com.kei.tliaswebmanagement1.service.Impl.EmpServiceImpl@778e1eac
2025-07-19 17:21:01.387 [http-nio-8080-exec-9] INFO  com.kei.tliaswebmanagement1.aop.RecordTimeAspect-目标类：com.kei.tliaswebmanagement1.service.Impl.EmpServiceImpl
2025-07-19 17:21:01.387 [http-nio-8080-exec-9] INFO  com.kei.tliaswebmanagement1.aop.RecordTimeAspect-目标方法：pageByPageHelper
2025-07-19 17:21:01.387 [http-nio-8080-exec-9] INFO  com.kei.tliaswebmanagement1.aop.RecordTimeAspect-目标方法参数：EmpQueryParam(name=, gender=null, begin=null, end=null, page=1, pageSize=5)
2025-07-19 17:21:09.514 [http-nio-8080-exec-10] INFO  c.kei.tliaswebmanagement1.controller.EmpController-分页查询：EmpQueryParam(name=, gender=null, begin=null, end=null, page=1, pageSize=5)
2025-07-19 17:21:09.515 [http-nio-8080-exec-10] INFO  com.kei.tliaswebmanagement1.aop.RecordTimeAspect-before
2025-07-19 17:21:09.515 [http-nio-8080-exec-10] INFO  com.kei.tliaswebmanagement1.aop.RecordTimeAspect-目标对象：com.kei.tliaswebmanagement1.service.Impl.EmpServiceImpl@778e1eac
2025-07-19 17:21:09.515 [http-nio-8080-exec-10] INFO  com.kei.tliaswebmanagement1.aop.RecordTimeAspect-目标类：com.kei.tliaswebmanagement1.service.Impl.EmpServiceImpl
2025-07-19 17:21:09.515 [http-nio-8080-exec-10] INFO  com.kei.tliaswebmanagement1.aop.RecordTimeAspect-目标方法：pageByPageHelper
2025-07-19 17:21:09.515 [http-nio-8080-exec-10] INFO  com.kei.tliaswebmanagement1.aop.RecordTimeAspect-目标方法参数：EmpQueryParam(name=, gender=null, begin=null, end=null, page=1, pageSize=5)
2025-07-19 17:21:21.074 [http-nio-8080-exec-1] INFO  c.kei.tliaswebmanagement1.controller.EmpController-分页查询：EmpQueryParam(name=, gender=null, begin=null, end=null, page=1, pageSize=5)
2025-07-19 17:21:21.076 [http-nio-8080-exec-1] INFO  com.kei.tliaswebmanagement1.aop.RecordTimeAspect-before
2025-07-19 17:21:21.077 [http-nio-8080-exec-1] INFO  com.kei.tliaswebmanagement1.aop.RecordTimeAspect-目标对象：com.kei.tliaswebmanagement1.service.Impl.EmpServiceImpl@778e1eac
2025-07-19 17:21:21.077 [http-nio-8080-exec-1] INFO  com.kei.tliaswebmanagement1.aop.RecordTimeAspect-目标类：com.kei.tliaswebmanagement1.service.Impl.EmpServiceImpl
2025-07-19 17:21:21.077 [http-nio-8080-exec-1] INFO  com.kei.tliaswebmanagement1.aop.RecordTimeAspect-目标方法：pageByPageHelper
2025-07-19 17:21:21.077 [http-nio-8080-exec-1] INFO  com.kei.tliaswebmanagement1.aop.RecordTimeAspect-目标方法参数：EmpQueryParam(name=, gender=null, begin=null, end=null, page=1, pageSize=5)
2025-07-19 17:29:53.647 [http-nio-8080-exec-3] INFO  c.kei.tliaswebmanagement1.controller.EmpController-分页查询：EmpQueryParam(name=, gender=null, begin=null, end=null, page=1, pageSize=5)
2025-07-19 17:29:53.648 [http-nio-8080-exec-3] INFO  com.kei.tliaswebmanagement1.aop.RecordTimeAspect-before
2025-07-19 17:29:53.648 [http-nio-8080-exec-3] INFO  com.kei.tliaswebmanagement1.aop.RecordTimeAspect-目标对象：com.kei.tliaswebmanagement1.service.Impl.EmpServiceImpl@778e1eac
2025-07-19 17:29:53.648 [http-nio-8080-exec-3] INFO  com.kei.tliaswebmanagement1.aop.RecordTimeAspect-目标类：com.kei.tliaswebmanagement1.service.Impl.EmpServiceImpl
2025-07-19 17:29:53.648 [http-nio-8080-exec-3] INFO  com.kei.tliaswebmanagement1.aop.RecordTimeAspect-目标方法：pageByPageHelper
2025-07-19 17:29:53.648 [http-nio-8080-exec-3] INFO  com.kei.tliaswebmanagement1.aop.RecordTimeAspect-目标方法参数：EmpQueryParam(name=, gender=null, begin=null, end=null, page=1, pageSize=5)
2025-07-19 17:40:29.164 [http-nio-8080-exec-2] INFO  c.kei.tliaswebmanagement1.controller.EmpController-分页查询：EmpQueryParam(name=, gender=null, begin=null, end=null, page=1, pageSize=5)
2025-07-19 17:40:29.165 [http-nio-8080-exec-2] INFO  com.kei.tliaswebmanagement1.aop.RecordTimeAspect-before
2025-07-19 17:40:29.166 [http-nio-8080-exec-2] INFO  com.kei.tliaswebmanagement1.aop.RecordTimeAspect-目标对象：com.kei.tliaswebmanagement1.service.Impl.EmpServiceImpl@778e1eac
2025-07-19 17:40:29.166 [http-nio-8080-exec-2] INFO  com.kei.tliaswebmanagement1.aop.RecordTimeAspect-目标类：com.kei.tliaswebmanagement1.service.Impl.EmpServiceImpl
2025-07-19 17:40:29.167 [http-nio-8080-exec-2] INFO  com.kei.tliaswebmanagement1.aop.RecordTimeAspect-目标方法：pageByPageHelper
2025-07-19 17:40:29.167 [http-nio-8080-exec-2] INFO  com.kei.tliaswebmanagement1.aop.RecordTimeAspect-目标方法参数：EmpQueryParam(name=, gender=null, begin=null, end=null, page=1, pageSize=5)
2025-07-19 17:52:45.191 [http-nio-8080-exec-5] INFO  c.kei.tliaswebmanagement1.controller.EmpController-分页查询：EmpQueryParam(name=, gender=null, begin=null, end=null, page=1, pageSize=5)
2025-07-19 17:52:45.215 [http-nio-8080-exec-5] INFO  com.kei.tliaswebmanagement1.aop.RecordTimeAspect-before
2025-07-19 17:52:45.215 [http-nio-8080-exec-5] INFO  com.kei.tliaswebmanagement1.aop.RecordTimeAspect-目标对象：com.kei.tliaswebmanagement1.service.Impl.EmpServiceImpl@778e1eac
2025-07-19 17:52:45.215 [http-nio-8080-exec-5] INFO  com.kei.tliaswebmanagement1.aop.RecordTimeAspect-目标类：com.kei.tliaswebmanagement1.service.Impl.EmpServiceImpl
2025-07-19 17:52:45.215 [http-nio-8080-exec-5] INFO  com.kei.tliaswebmanagement1.aop.RecordTimeAspect-目标方法：pageByPageHelper
2025-07-19 17:52:45.215 [http-nio-8080-exec-5] INFO  com.kei.tliaswebmanagement1.aop.RecordTimeAspect-目标方法参数：EmpQueryParam(name=, gender=null, begin=null, end=null, page=1, pageSize=5)
2025-07-19 17:57:57.844 [http-nio-8080-exec-8] INFO  c.kei.tliaswebmanagement1.controller.EmpController-分页查询：EmpQueryParam(name=, gender=null, begin=null, end=null, page=1, pageSize=5)
2025-07-19 17:57:57.845 [http-nio-8080-exec-8] INFO  com.kei.tliaswebmanagement1.aop.RecordTimeAspect-before
2025-07-19 17:57:57.845 [http-nio-8080-exec-8] INFO  com.kei.tliaswebmanagement1.aop.RecordTimeAspect-目标对象：com.kei.tliaswebmanagement1.service.Impl.EmpServiceImpl@778e1eac
2025-07-19 17:57:57.845 [http-nio-8080-exec-8] INFO  com.kei.tliaswebmanagement1.aop.RecordTimeAspect-目标类：com.kei.tliaswebmanagement1.service.Impl.EmpServiceImpl
2025-07-19 17:57:57.845 [http-nio-8080-exec-8] INFO  com.kei.tliaswebmanagement1.aop.RecordTimeAspect-目标方法：pageByPageHelper
2025-07-19 17:57:57.845 [http-nio-8080-exec-8] INFO  com.kei.tliaswebmanagement1.aop.RecordTimeAspect-目标方法参数：EmpQueryParam(name=, gender=null, begin=null, end=null, page=1, pageSize=5)
2025-07-19 21:06:20.087 [http-nio-8080-exec-6] INFO  c.kei.tliaswebmanagement1.controller.EmpController-分页查询：EmpQueryParam(name=, gender=null, begin=null, end=null, page=1, pageSize=5)
2025-07-19 21:06:20.110 [http-nio-8080-exec-6] INFO  com.kei.tliaswebmanagement1.aop.RecordTimeAspect-before
2025-07-19 21:06:20.111 [http-nio-8080-exec-6] INFO  com.kei.tliaswebmanagement1.aop.RecordTimeAspect-目标对象：com.kei.tliaswebmanagement1.service.Impl.EmpServiceImpl@778e1eac
2025-07-19 21:06:20.111 [http-nio-8080-exec-6] INFO  com.kei.tliaswebmanagement1.aop.RecordTimeAspect-目标类：com.kei.tliaswebmanagement1.service.Impl.EmpServiceImpl
2025-07-19 21:06:20.111 [http-nio-8080-exec-6] INFO  com.kei.tliaswebmanagement1.aop.RecordTimeAspect-目标方法：pageByPageHelper
2025-07-19 21:06:20.111 [http-nio-8080-exec-6] INFO  com.kei.tliaswebmanagement1.aop.RecordTimeAspect-目标方法参数：EmpQueryParam(name=, gender=null, begin=null, end=null, page=1, pageSize=5)
2025-07-19 21:22:18.259 [http-nio-8080-exec-7] INFO  c.kei.tliaswebmanagement1.controller.EmpController-分页查询：EmpQueryParam(name=, gender=null, begin=null, end=null, page=1, pageSize=5)
2025-07-19 21:22:18.305 [http-nio-8080-exec-7] INFO  com.kei.tliaswebmanagement1.aop.RecordTimeAspect-before
2025-07-19 21:22:18.305 [http-nio-8080-exec-7] INFO  com.kei.tliaswebmanagement1.aop.RecordTimeAspect-目标对象：com.kei.tliaswebmanagement1.service.Impl.EmpServiceImpl@778e1eac
2025-07-19 21:22:18.306 [http-nio-8080-exec-7] INFO  com.kei.tliaswebmanagement1.aop.RecordTimeAspect-目标类：com.kei.tliaswebmanagement1.service.Impl.EmpServiceImpl
2025-07-19 21:22:18.308 [http-nio-8080-exec-7] INFO  com.kei.tliaswebmanagement1.aop.RecordTimeAspect-目标方法：pageByPageHelper
2025-07-19 21:22:18.309 [http-nio-8080-exec-7] INFO  com.kei.tliaswebmanagement1.aop.RecordTimeAspect-目标方法参数：EmpQueryParam(name=, gender=null, begin=null, end=null, page=1, pageSize=5)
2025-07-19 21:28:52.424 [http-nio-8080-exec-4] INFO  c.kei.tliaswebmanagement1.controller.EmpController-分页查询：EmpQueryParam(name=, gender=null, begin=null, end=null, page=1, pageSize=5)
2025-07-19 21:28:52.432 [http-nio-8080-exec-4] INFO  com.kei.tliaswebmanagement1.aop.RecordTimeAspect-before
2025-07-19 21:28:52.432 [http-nio-8080-exec-4] INFO  com.kei.tliaswebmanagement1.aop.RecordTimeAspect-目标对象：com.kei.tliaswebmanagement1.service.Impl.EmpServiceImpl@778e1eac
2025-07-19 21:28:52.433 [http-nio-8080-exec-4] INFO  com.kei.tliaswebmanagement1.aop.RecordTimeAspect-目标类：com.kei.tliaswebmanagement1.service.Impl.EmpServiceImpl
2025-07-19 21:28:52.433 [http-nio-8080-exec-4] INFO  com.kei.tliaswebmanagement1.aop.RecordTimeAspect-目标方法：pageByPageHelper
2025-07-19 21:28:52.433 [http-nio-8080-exec-4] INFO  com.kei.tliaswebmanagement1.aop.RecordTimeAspect-目标方法参数：EmpQueryParam(name=, gender=null, begin=null, end=null, page=1, pageSize=5)
2025-07-19 21:35:21.143 [http-nio-8080-exec-9] INFO  c.kei.tliaswebmanagement1.controller.EmpController-分页查询：EmpQueryParam(name=, gender=null, begin=null, end=null, page=1, pageSize=5)
2025-07-19 21:35:21.145 [http-nio-8080-exec-9] INFO  com.kei.tliaswebmanagement1.aop.RecordTimeAspect-before
2025-07-19 21:35:21.145 [http-nio-8080-exec-9] INFO  com.kei.tliaswebmanagement1.aop.RecordTimeAspect-目标对象：com.kei.tliaswebmanagement1.service.Impl.EmpServiceImpl@778e1eac
2025-07-19 21:35:21.146 [http-nio-8080-exec-9] INFO  com.kei.tliaswebmanagement1.aop.RecordTimeAspect-目标类：com.kei.tliaswebmanagement1.service.Impl.EmpServiceImpl
2025-07-19 21:35:21.146 [http-nio-8080-exec-9] INFO  com.kei.tliaswebmanagement1.aop.RecordTimeAspect-目标方法：pageByPageHelper
2025-07-19 21:35:21.146 [http-nio-8080-exec-9] INFO  com.kei.tliaswebmanagement1.aop.RecordTimeAspect-目标方法参数：EmpQueryParam(name=, gender=null, begin=null, end=null, page=1, pageSize=5)
2025-07-19 21:36:51.610 [SpringApplicationShutdownHook] INFO  o.s.boot.web.embedded.tomcat.GracefulShutdown-Commencing graceful shutdown. Waiting for active requests to complete
2025-07-19 21:36:52.402 [tomcat-shutdown] INFO  o.s.boot.web.embedded.tomcat.GracefulShutdown-Graceful shutdown complete
2025-07-19 21:36:52.444 [SpringApplicationShutdownHook] INFO  com.zaxxer.hikari.HikariDataSource-HikariPool-1 - Shutdown initiated...
2025-07-19 21:36:52.458 [SpringApplicationShutdownHook] INFO  com.zaxxer.hikari.HikariDataSource-HikariPool-1 - Shutdown completed.
