2025-07-18 00:01:51.267 [http-nio-8080-exec-1] INFO  c.k.tliaswebmanagement1.controller.DeptController-查询全部乐队数据
2025-07-18 00:01:51.271 [http-nio-8080-exec-1] INFO  com.kei.tliaswebmanagement1.aop.RecordTimeAspect-before
2025-07-18 00:01:51.271 [http-nio-8080-exec-1] INFO  com.kei.tliaswebmanagement1.aop.RecordTimeAspect-目标对象：com.kei.tliaswebmanagement1.service.Impl.DeptServiceImpl@7aa79607
2025-07-18 00:01:51.271 [http-nio-8080-exec-1] INFO  com.kei.tliaswebmanagement1.aop.RecordTimeAspect-目标类：com.kei.tliaswebmanagement1.service.Impl.DeptServiceImpl
2025-07-18 00:01:51.271 [http-nio-8080-exec-1] INFO  com.kei.tliaswebmanagement1.aop.RecordTimeAspect-目标方法：findAll
2025-07-18 00:01:51.423 [http-nio-8080-exec-1] INFO  com.kei.tliaswebmanagement1.aop.RecordTimeAspect-目标方法参数：{}
2025-07-18 00:04:28.415 [http-nio-8080-exec-2] INFO  c.k.tliaswebmanagement1.controller.DeptController-查询全部乐队数据
2025-07-18 00:04:28.415 [http-nio-8080-exec-2] INFO  com.kei.tliaswebmanagement1.aop.RecordTimeAspect-before
2025-07-18 00:04:28.415 [http-nio-8080-exec-2] INFO  com.kei.tliaswebmanagement1.aop.RecordTimeAspect-目标对象：com.kei.tliaswebmanagement1.service.Impl.DeptServiceImpl@7aa79607
2025-07-18 00:04:28.415 [http-nio-8080-exec-2] INFO  com.kei.tliaswebmanagement1.aop.RecordTimeAspect-目标类：com.kei.tliaswebmanagement1.service.Impl.DeptServiceImpl
2025-07-18 00:04:28.415 [http-nio-8080-exec-2] INFO  com.kei.tliaswebmanagement1.aop.RecordTimeAspect-目标方法：findAll
2025-07-18 00:04:28.415 [http-nio-8080-exec-2] INFO  com.kei.tliaswebmanagement1.aop.RecordTimeAspect-目标方法参数：{}
2025-07-18 00:05:18.668 [http-nio-8080-exec-5] INFO  c.k.tliaswebmanagement1.controller.DeptController-查询全部乐队数据
2025-07-18 00:05:18.668 [http-nio-8080-exec-5] INFO  com.kei.tliaswebmanagement1.aop.RecordTimeAspect-before
2025-07-18 00:05:18.668 [http-nio-8080-exec-5] INFO  com.kei.tliaswebmanagement1.aop.RecordTimeAspect-目标对象：com.kei.tliaswebmanagement1.service.Impl.DeptServiceImpl@7aa79607
2025-07-18 00:05:18.668 [http-nio-8080-exec-5] INFO  com.kei.tliaswebmanagement1.aop.RecordTimeAspect-目标类：com.kei.tliaswebmanagement1.service.Impl.DeptServiceImpl
2025-07-18 00:05:18.668 [http-nio-8080-exec-5] INFO  com.kei.tliaswebmanagement1.aop.RecordTimeAspect-目标方法：findAll
2025-07-18 00:05:18.668 [http-nio-8080-exec-5] INFO  com.kei.tliaswebmanagement1.aop.RecordTimeAspect-目标方法参数：{}
2025-07-18 00:07:23.925 [http-nio-8080-exec-4] INFO  c.k.tliaswebmanagement1.controller.DeptController-查询全部乐队数据
2025-07-18 00:07:23.925 [http-nio-8080-exec-4] INFO  com.kei.tliaswebmanagement1.aop.RecordTimeAspect-before
2025-07-18 00:07:23.925 [http-nio-8080-exec-4] INFO  com.kei.tliaswebmanagement1.aop.RecordTimeAspect-目标对象：com.kei.tliaswebmanagement1.service.Impl.DeptServiceImpl@7aa79607
2025-07-18 00:07:23.925 [http-nio-8080-exec-4] INFO  com.kei.tliaswebmanagement1.aop.RecordTimeAspect-目标类：com.kei.tliaswebmanagement1.service.Impl.DeptServiceImpl
2025-07-18 00:07:23.925 [http-nio-8080-exec-4] INFO  com.kei.tliaswebmanagement1.aop.RecordTimeAspect-目标方法：findAll
2025-07-18 00:07:23.925 [http-nio-8080-exec-4] INFO  com.kei.tliaswebmanagement1.aop.RecordTimeAspect-目标方法参数：{}
2025-07-18 00:07:28.137 [http-nio-8080-exec-3] INFO  c.k.tliaswebmanagement1.controller.DeptController-根据id删除乐队数据：null
2025-07-18 00:07:28.137 [http-nio-8080-exec-3] INFO  com.kei.tliaswebmanagement1.aop.RecordTimeAspect-before
2025-07-18 00:07:28.137 [http-nio-8080-exec-3] INFO  com.kei.tliaswebmanagement1.aop.RecordTimeAspect-目标对象：com.kei.tliaswebmanagement1.service.Impl.DeptServiceImpl@7aa79607
2025-07-18 00:07:28.137 [http-nio-8080-exec-3] INFO  com.kei.tliaswebmanagement1.aop.RecordTimeAspect-目标类：com.kei.tliaswebmanagement1.service.Impl.DeptServiceImpl
2025-07-18 00:07:28.137 [http-nio-8080-exec-3] INFO  com.kei.tliaswebmanagement1.aop.RecordTimeAspect-目标方法：deleteById
2025-07-18 00:07:28.137 [http-nio-8080-exec-3] INFO  com.kei.tliaswebmanagement1.aop.RecordTimeAspect-目标方法参数：null
2025-07-18 00:07:28.209 [http-nio-8080-exec-3] INFO  com.kei.tliaswebmanagement1.aop.OperateLogAspect-operateLog:OperateLog{id=null, operateEmpId=null, operateTime=2025-07-18T00:07:28.209484500, className='com.kei.tliaswebmanagement1.controller.DeptController', methodName='deleteById', methodParams='[Ljava.lang.Object;@238470e9', returnValue='Result(code=1, msg=success, data=null)', costTime=72}
2025-07-18 00:08:27.885 [http-nio-8080-exec-6] INFO  c.k.tliaswebmanagement1.controller.DeptController-查询全部乐队数据
2025-07-18 00:08:27.885 [http-nio-8080-exec-6] INFO  com.kei.tliaswebmanagement1.aop.RecordTimeAspect-before
2025-07-18 00:08:27.885 [http-nio-8080-exec-6] INFO  com.kei.tliaswebmanagement1.aop.RecordTimeAspect-目标对象：com.kei.tliaswebmanagement1.service.Impl.DeptServiceImpl@7aa79607
2025-07-18 00:08:27.885 [http-nio-8080-exec-6] INFO  com.kei.tliaswebmanagement1.aop.RecordTimeAspect-目标类：com.kei.tliaswebmanagement1.service.Impl.DeptServiceImpl
2025-07-18 00:08:27.885 [http-nio-8080-exec-6] INFO  com.kei.tliaswebmanagement1.aop.RecordTimeAspect-目标方法：findAll
2025-07-18 00:08:27.886 [http-nio-8080-exec-6] INFO  com.kei.tliaswebmanagement1.aop.RecordTimeAspect-目标方法参数：{}
2025-07-18 00:08:33.088 [http-nio-8080-exec-7] INFO  c.k.tliaswebmanagement1.controller.DeptController-根据id删除乐队数据：null
2025-07-18 00:08:33.088 [http-nio-8080-exec-7] INFO  com.kei.tliaswebmanagement1.aop.RecordTimeAspect-before
2025-07-18 00:08:33.088 [http-nio-8080-exec-7] INFO  com.kei.tliaswebmanagement1.aop.RecordTimeAspect-目标对象：com.kei.tliaswebmanagement1.service.Impl.DeptServiceImpl@7aa79607
2025-07-18 00:08:33.088 [http-nio-8080-exec-7] INFO  com.kei.tliaswebmanagement1.aop.RecordTimeAspect-目标类：com.kei.tliaswebmanagement1.service.Impl.DeptServiceImpl
2025-07-18 00:08:33.088 [http-nio-8080-exec-7] INFO  com.kei.tliaswebmanagement1.aop.RecordTimeAspect-目标方法：deleteById
2025-07-18 00:08:33.088 [http-nio-8080-exec-7] INFO  com.kei.tliaswebmanagement1.aop.RecordTimeAspect-目标方法参数：null
2025-07-18 00:08:33.091 [http-nio-8080-exec-7] INFO  com.kei.tliaswebmanagement1.aop.OperateLogAspect-operateLog:OperateLog{id=null, operateEmpId=null, operateTime=2025-07-18T00:08:33.091919300, className='com.kei.tliaswebmanagement1.controller.DeptController', methodName='deleteById', methodParams='[Ljava.lang.Object;@547836d3', returnValue='Result(code=1, msg=success, data=null)', costTime=3}
2025-07-18 00:08:33.165 [http-nio-8080-exec-10] INFO  c.k.tliaswebmanagement1.controller.DeptController-查询全部乐队数据
2025-07-18 00:08:33.165 [http-nio-8080-exec-10] INFO  com.kei.tliaswebmanagement1.aop.RecordTimeAspect-before
2025-07-18 00:08:33.165 [http-nio-8080-exec-10] INFO  com.kei.tliaswebmanagement1.aop.RecordTimeAspect-目标对象：com.kei.tliaswebmanagement1.service.Impl.DeptServiceImpl@7aa79607
2025-07-18 00:08:33.165 [http-nio-8080-exec-10] INFO  com.kei.tliaswebmanagement1.aop.RecordTimeAspect-目标类：com.kei.tliaswebmanagement1.service.Impl.DeptServiceImpl
2025-07-18 00:08:33.165 [http-nio-8080-exec-10] INFO  com.kei.tliaswebmanagement1.aop.RecordTimeAspect-目标方法：findAll
2025-07-18 00:08:33.165 [http-nio-8080-exec-10] INFO  com.kei.tliaswebmanagement1.aop.RecordTimeAspect-目标方法参数：{}
2025-07-18 00:08:37.487 [http-nio-8080-exec-8] INFO  c.k.tliaswebmanagement1.controller.DeptController-查询全部乐队数据
2025-07-18 00:08:37.487 [http-nio-8080-exec-8] INFO  com.kei.tliaswebmanagement1.aop.RecordTimeAspect-before
2025-07-18 00:08:37.487 [http-nio-8080-exec-8] INFO  com.kei.tliaswebmanagement1.aop.RecordTimeAspect-目标对象：com.kei.tliaswebmanagement1.service.Impl.DeptServiceImpl@7aa79607
2025-07-18 00:08:37.487 [http-nio-8080-exec-8] INFO  com.kei.tliaswebmanagement1.aop.RecordTimeAspect-目标类：com.kei.tliaswebmanagement1.service.Impl.DeptServiceImpl
2025-07-18 00:08:37.529 [http-nio-8080-exec-8] INFO  com.kei.tliaswebmanagement1.aop.RecordTimeAspect-目标方法：findAll
2025-07-18 00:08:37.530 [http-nio-8080-exec-8] INFO  com.kei.tliaswebmanagement1.aop.RecordTimeAspect-目标方法参数：{}
2025-07-18 00:09:31.279 [http-nio-8080-exec-9] INFO  c.k.tliaswebmanagement1.controller.DeptController-查询全部乐队数据
2025-07-18 00:09:31.280 [http-nio-8080-exec-9] INFO  com.kei.tliaswebmanagement1.aop.RecordTimeAspect-before
2025-07-18 00:09:31.280 [http-nio-8080-exec-9] INFO  com.kei.tliaswebmanagement1.aop.RecordTimeAspect-目标对象：com.kei.tliaswebmanagement1.service.Impl.DeptServiceImpl@7aa79607
2025-07-18 00:09:31.280 [http-nio-8080-exec-9] INFO  com.kei.tliaswebmanagement1.aop.RecordTimeAspect-目标类：com.kei.tliaswebmanagement1.service.Impl.DeptServiceImpl
2025-07-18 00:09:31.280 [http-nio-8080-exec-9] INFO  com.kei.tliaswebmanagement1.aop.RecordTimeAspect-目标方法：findAll
2025-07-18 00:09:31.280 [http-nio-8080-exec-9] INFO  com.kei.tliaswebmanagement1.aop.RecordTimeAspect-目标方法参数：{}
2025-07-18 00:09:35.631 [http-nio-8080-exec-1] INFO  c.k.tliaswebmanagement1.controller.DeptController-根据id删除乐队数据：null
2025-07-18 00:09:35.631 [http-nio-8080-exec-1] INFO  com.kei.tliaswebmanagement1.aop.RecordTimeAspect-before
2025-07-18 00:09:35.631 [http-nio-8080-exec-1] INFO  com.kei.tliaswebmanagement1.aop.RecordTimeAspect-目标对象：com.kei.tliaswebmanagement1.service.Impl.DeptServiceImpl@7aa79607
2025-07-18 00:09:35.631 [http-nio-8080-exec-1] INFO  com.kei.tliaswebmanagement1.aop.RecordTimeAspect-目标类：com.kei.tliaswebmanagement1.service.Impl.DeptServiceImpl
2025-07-18 00:09:35.631 [http-nio-8080-exec-1] INFO  com.kei.tliaswebmanagement1.aop.RecordTimeAspect-目标方法：deleteById
2025-07-18 00:09:35.631 [http-nio-8080-exec-1] INFO  com.kei.tliaswebmanagement1.aop.RecordTimeAspect-目标方法参数：null
2025-07-18 00:09:35.635 [http-nio-8080-exec-1] INFO  com.kei.tliaswebmanagement1.aop.OperateLogAspect-operateLog:OperateLog{id=null, operateEmpId=null, operateTime=2025-07-18T00:09:35.635177900, className='com.kei.tliaswebmanagement1.controller.DeptController', methodName='deleteById', methodParams='[Ljava.lang.Object;@46999f27', returnValue='Result(code=1, msg=success, data=null)', costTime=3}
2025-07-18 00:09:35.718 [http-nio-8080-exec-2] INFO  c.k.tliaswebmanagement1.controller.DeptController-查询全部乐队数据
2025-07-18 00:09:35.718 [http-nio-8080-exec-2] INFO  com.kei.tliaswebmanagement1.aop.RecordTimeAspect-before
2025-07-18 00:09:35.718 [http-nio-8080-exec-2] INFO  com.kei.tliaswebmanagement1.aop.RecordTimeAspect-目标对象：com.kei.tliaswebmanagement1.service.Impl.DeptServiceImpl@7aa79607
2025-07-18 00:09:35.718 [http-nio-8080-exec-2] INFO  com.kei.tliaswebmanagement1.aop.RecordTimeAspect-目标类：com.kei.tliaswebmanagement1.service.Impl.DeptServiceImpl
2025-07-18 00:09:35.718 [http-nio-8080-exec-2] INFO  com.kei.tliaswebmanagement1.aop.RecordTimeAspect-目标方法：findAll
2025-07-18 00:09:35.718 [http-nio-8080-exec-2] INFO  com.kei.tliaswebmanagement1.aop.RecordTimeAspect-目标方法参数：{}
2025-07-18 00:10:29.081 [http-nio-8080-exec-5] INFO  c.k.tliaswebmanagement1.controller.DeptController-查询全部乐队数据
2025-07-18 00:10:29.081 [http-nio-8080-exec-5] INFO  com.kei.tliaswebmanagement1.aop.RecordTimeAspect-before
2025-07-18 00:10:29.081 [http-nio-8080-exec-5] INFO  com.kei.tliaswebmanagement1.aop.RecordTimeAspect-目标对象：com.kei.tliaswebmanagement1.service.Impl.DeptServiceImpl@7aa79607
2025-07-18 00:10:29.081 [http-nio-8080-exec-5] INFO  com.kei.tliaswebmanagement1.aop.RecordTimeAspect-目标类：com.kei.tliaswebmanagement1.service.Impl.DeptServiceImpl
2025-07-18 00:10:29.081 [http-nio-8080-exec-5] INFO  com.kei.tliaswebmanagement1.aop.RecordTimeAspect-目标方法：findAll
2025-07-18 00:10:29.081 [http-nio-8080-exec-5] INFO  com.kei.tliaswebmanagement1.aop.RecordTimeAspect-目标方法参数：{}
2025-07-18 00:11:12.254 [http-nio-8080-exec-4] INFO  c.k.tliaswebmanagement1.controller.DeptController-查询全部乐队数据
2025-07-18 00:11:12.254 [http-nio-8080-exec-4] INFO  com.kei.tliaswebmanagement1.aop.RecordTimeAspect-before
2025-07-18 00:11:12.254 [http-nio-8080-exec-4] INFO  com.kei.tliaswebmanagement1.aop.RecordTimeAspect-目标对象：com.kei.tliaswebmanagement1.service.Impl.DeptServiceImpl@7aa79607
2025-07-18 00:11:12.254 [http-nio-8080-exec-4] INFO  com.kei.tliaswebmanagement1.aop.RecordTimeAspect-目标类：com.kei.tliaswebmanagement1.service.Impl.DeptServiceImpl
2025-07-18 00:11:12.254 [http-nio-8080-exec-4] INFO  com.kei.tliaswebmanagement1.aop.RecordTimeAspect-目标方法：findAll
2025-07-18 00:11:12.254 [http-nio-8080-exec-4] INFO  com.kei.tliaswebmanagement1.aop.RecordTimeAspect-目标方法参数：{}
2025-07-18 00:11:17.227 [http-nio-8080-exec-3] INFO  c.k.tliaswebmanagement1.controller.DeptController-查询全部乐队数据
2025-07-18 00:11:17.228 [http-nio-8080-exec-3] INFO  com.kei.tliaswebmanagement1.aop.RecordTimeAspect-before
2025-07-18 00:11:17.228 [http-nio-8080-exec-3] INFO  com.kei.tliaswebmanagement1.aop.RecordTimeAspect-目标对象：com.kei.tliaswebmanagement1.service.Impl.DeptServiceImpl@7aa79607
2025-07-18 00:11:17.228 [http-nio-8080-exec-3] INFO  com.kei.tliaswebmanagement1.aop.RecordTimeAspect-目标类：com.kei.tliaswebmanagement1.service.Impl.DeptServiceImpl
2025-07-18 00:11:17.228 [http-nio-8080-exec-3] INFO  com.kei.tliaswebmanagement1.aop.RecordTimeAspect-目标方法：findAll
2025-07-18 00:11:17.228 [http-nio-8080-exec-3] INFO  com.kei.tliaswebmanagement1.aop.RecordTimeAspect-目标方法参数：{}
2025-07-18 00:11:33.424 [http-nio-8080-exec-6] INFO  c.k.tliaswebmanagement1.controller.DeptController-根据id删除乐队数据：null
2025-07-18 00:11:33.424 [http-nio-8080-exec-6] INFO  com.kei.tliaswebmanagement1.aop.RecordTimeAspect-before
2025-07-18 00:11:33.424 [http-nio-8080-exec-6] INFO  com.kei.tliaswebmanagement1.aop.RecordTimeAspect-目标对象：com.kei.tliaswebmanagement1.service.Impl.DeptServiceImpl@7aa79607
2025-07-18 00:11:33.424 [http-nio-8080-exec-6] INFO  com.kei.tliaswebmanagement1.aop.RecordTimeAspect-目标类：com.kei.tliaswebmanagement1.service.Impl.DeptServiceImpl
2025-07-18 00:11:33.424 [http-nio-8080-exec-6] INFO  com.kei.tliaswebmanagement1.aop.RecordTimeAspect-目标方法：deleteById
2025-07-18 00:11:33.424 [http-nio-8080-exec-6] INFO  com.kei.tliaswebmanagement1.aop.RecordTimeAspect-目标方法参数：null
2025-07-18 00:11:33.427 [http-nio-8080-exec-6] INFO  com.kei.tliaswebmanagement1.aop.OperateLogAspect-operateLog:OperateLog{id=null, operateEmpId=null, operateTime=2025-07-18T00:11:33.427846400, className='com.kei.tliaswebmanagement1.controller.DeptController', methodName='deleteById', methodParams='[Ljava.lang.Object;@21242c56', returnValue='Result(code=1, msg=success, data=null)', costTime=3}
2025-07-18 00:11:33.507 [http-nio-8080-exec-7] INFO  c.k.tliaswebmanagement1.controller.DeptController-查询全部乐队数据
2025-07-18 00:11:33.507 [http-nio-8080-exec-7] INFO  com.kei.tliaswebmanagement1.aop.RecordTimeAspect-before
2025-07-18 00:11:33.507 [http-nio-8080-exec-7] INFO  com.kei.tliaswebmanagement1.aop.RecordTimeAspect-目标对象：com.kei.tliaswebmanagement1.service.Impl.DeptServiceImpl@7aa79607
2025-07-18 00:11:33.507 [http-nio-8080-exec-7] INFO  com.kei.tliaswebmanagement1.aop.RecordTimeAspect-目标类：com.kei.tliaswebmanagement1.service.Impl.DeptServiceImpl
2025-07-18 00:11:33.507 [http-nio-8080-exec-7] INFO  com.kei.tliaswebmanagement1.aop.RecordTimeAspect-目标方法：findAll
2025-07-18 00:11:33.507 [http-nio-8080-exec-7] INFO  com.kei.tliaswebmanagement1.aop.RecordTimeAspect-目标方法参数：{}
2025-07-18 00:13:51.477 [http-nio-8080-exec-10] INFO  c.k.tliaswebmanagement1.controller.DeptController-查询全部乐队数据
2025-07-18 00:13:51.477 [http-nio-8080-exec-10] INFO  com.kei.tliaswebmanagement1.aop.RecordTimeAspect-before
2025-07-18 00:13:51.477 [http-nio-8080-exec-10] INFO  com.kei.tliaswebmanagement1.aop.RecordTimeAspect-目标对象：com.kei.tliaswebmanagement1.service.Impl.DeptServiceImpl@7aa79607
2025-07-18 00:13:51.477 [http-nio-8080-exec-10] INFO  com.kei.tliaswebmanagement1.aop.RecordTimeAspect-目标类：com.kei.tliaswebmanagement1.service.Impl.DeptServiceImpl
2025-07-18 00:13:51.477 [http-nio-8080-exec-10] INFO  com.kei.tliaswebmanagement1.aop.RecordTimeAspect-目标方法：findAll
2025-07-18 00:13:51.477 [http-nio-8080-exec-10] INFO  com.kei.tliaswebmanagement1.aop.RecordTimeAspect-目标方法参数：{}
2025-07-18 00:13:54.669 [http-nio-8080-exec-8] INFO  c.k.tliaswebmanagement1.controller.DeptController-根据id删除乐队数据：null
2025-07-18 00:13:54.669 [http-nio-8080-exec-8] INFO  com.kei.tliaswebmanagement1.aop.RecordTimeAspect-before
2025-07-18 00:13:54.669 [http-nio-8080-exec-8] INFO  com.kei.tliaswebmanagement1.aop.RecordTimeAspect-目标对象：com.kei.tliaswebmanagement1.service.Impl.DeptServiceImpl@7aa79607
2025-07-18 00:13:54.670 [http-nio-8080-exec-8] INFO  com.kei.tliaswebmanagement1.aop.RecordTimeAspect-目标类：com.kei.tliaswebmanagement1.service.Impl.DeptServiceImpl
2025-07-18 00:13:54.670 [http-nio-8080-exec-8] INFO  com.kei.tliaswebmanagement1.aop.RecordTimeAspect-目标方法：deleteById
2025-07-18 00:13:54.670 [http-nio-8080-exec-8] INFO  com.kei.tliaswebmanagement1.aop.RecordTimeAspect-目标方法参数：null
2025-07-18 00:13:54.673 [http-nio-8080-exec-8] INFO  com.kei.tliaswebmanagement1.aop.OperateLogAspect-operateLog:OperateLog{id=null, operateEmpId=null, operateTime=2025-07-18T00:13:54.673521700, className='com.kei.tliaswebmanagement1.controller.DeptController', methodName='deleteById', methodParams='[Ljava.lang.Object;@4a423639', returnValue='Result(code=1, msg=success, data=null)', costTime=4}
2025-07-18 00:13:54.755 [http-nio-8080-exec-9] INFO  c.k.tliaswebmanagement1.controller.DeptController-查询全部乐队数据
2025-07-18 00:13:54.756 [http-nio-8080-exec-9] INFO  com.kei.tliaswebmanagement1.aop.RecordTimeAspect-before
2025-07-18 00:13:54.756 [http-nio-8080-exec-9] INFO  com.kei.tliaswebmanagement1.aop.RecordTimeAspect-目标对象：com.kei.tliaswebmanagement1.service.Impl.DeptServiceImpl@7aa79607
2025-07-18 00:13:54.756 [http-nio-8080-exec-9] INFO  com.kei.tliaswebmanagement1.aop.RecordTimeAspect-目标类：com.kei.tliaswebmanagement1.service.Impl.DeptServiceImpl
2025-07-18 00:13:54.756 [http-nio-8080-exec-9] INFO  com.kei.tliaswebmanagement1.aop.RecordTimeAspect-目标方法：findAll
2025-07-18 00:13:54.756 [http-nio-8080-exec-9] INFO  com.kei.tliaswebmanagement1.aop.RecordTimeAspect-目标方法参数：{}
2025-07-18 00:13:58.801 [http-nio-8080-exec-1] INFO  c.k.tliaswebmanagement1.controller.DeptController-查询全部乐队数据
2025-07-18 00:13:58.801 [http-nio-8080-exec-1] INFO  com.kei.tliaswebmanagement1.aop.RecordTimeAspect-before
2025-07-18 00:13:58.801 [http-nio-8080-exec-1] INFO  com.kei.tliaswebmanagement1.aop.RecordTimeAspect-目标对象：com.kei.tliaswebmanagement1.service.Impl.DeptServiceImpl@7aa79607
2025-07-18 00:13:58.801 [http-nio-8080-exec-1] INFO  com.kei.tliaswebmanagement1.aop.RecordTimeAspect-目标类：com.kei.tliaswebmanagement1.service.Impl.DeptServiceImpl
2025-07-18 00:13:58.801 [http-nio-8080-exec-1] INFO  com.kei.tliaswebmanagement1.aop.RecordTimeAspect-目标方法：findAll
2025-07-18 00:13:58.802 [http-nio-8080-exec-1] INFO  com.kei.tliaswebmanagement1.aop.RecordTimeAspect-目标方法参数：{}
2025-07-18 00:14:02.135 [http-nio-8080-exec-2] INFO  c.k.tliaswebmanagement1.controller.DeptController-根据id删除乐队数据：null
2025-07-18 00:14:02.135 [http-nio-8080-exec-2] INFO  com.kei.tliaswebmanagement1.aop.RecordTimeAspect-before
2025-07-18 00:14:02.135 [http-nio-8080-exec-2] INFO  com.kei.tliaswebmanagement1.aop.RecordTimeAspect-目标对象：com.kei.tliaswebmanagement1.service.Impl.DeptServiceImpl@7aa79607
2025-07-18 00:14:02.135 [http-nio-8080-exec-2] INFO  com.kei.tliaswebmanagement1.aop.RecordTimeAspect-目标类：com.kei.tliaswebmanagement1.service.Impl.DeptServiceImpl
2025-07-18 00:14:02.135 [http-nio-8080-exec-2] INFO  com.kei.tliaswebmanagement1.aop.RecordTimeAspect-目标方法：deleteById
2025-07-18 00:14:02.135 [http-nio-8080-exec-2] INFO  com.kei.tliaswebmanagement1.aop.RecordTimeAspect-目标方法参数：null
2025-07-18 00:14:02.140 [http-nio-8080-exec-2] INFO  com.kei.tliaswebmanagement1.aop.OperateLogAspect-operateLog:OperateLog{id=null, operateEmpId=null, operateTime=2025-07-18T00:14:02.140230600, className='com.kei.tliaswebmanagement1.controller.DeptController', methodName='deleteById', methodParams='[Ljava.lang.Object;@7f311e38', returnValue='Result(code=1, msg=success, data=null)', costTime=7}
2025-07-18 00:14:02.237 [http-nio-8080-exec-5] INFO  c.k.tliaswebmanagement1.controller.DeptController-查询全部乐队数据
2025-07-18 00:14:02.237 [http-nio-8080-exec-5] INFO  com.kei.tliaswebmanagement1.aop.RecordTimeAspect-before
2025-07-18 00:14:02.237 [http-nio-8080-exec-5] INFO  com.kei.tliaswebmanagement1.aop.RecordTimeAspect-目标对象：com.kei.tliaswebmanagement1.service.Impl.DeptServiceImpl@7aa79607
2025-07-18 00:14:02.237 [http-nio-8080-exec-5] INFO  com.kei.tliaswebmanagement1.aop.RecordTimeAspect-目标类：com.kei.tliaswebmanagement1.service.Impl.DeptServiceImpl
2025-07-18 00:14:02.237 [http-nio-8080-exec-5] INFO  com.kei.tliaswebmanagement1.aop.RecordTimeAspect-目标方法：findAll
2025-07-18 00:14:02.237 [http-nio-8080-exec-5] INFO  com.kei.tliaswebmanagement1.aop.RecordTimeAspect-目标方法参数：{}
2025-07-18 00:14:05.293 [http-nio-8080-exec-4] INFO  c.k.tliaswebmanagement1.controller.DeptController-根据id删除乐队数据：null
2025-07-18 00:14:05.293 [http-nio-8080-exec-4] INFO  com.kei.tliaswebmanagement1.aop.RecordTimeAspect-before
2025-07-18 00:14:05.293 [http-nio-8080-exec-4] INFO  com.kei.tliaswebmanagement1.aop.RecordTimeAspect-目标对象：com.kei.tliaswebmanagement1.service.Impl.DeptServiceImpl@7aa79607
2025-07-18 00:14:05.293 [http-nio-8080-exec-4] INFO  com.kei.tliaswebmanagement1.aop.RecordTimeAspect-目标类：com.kei.tliaswebmanagement1.service.Impl.DeptServiceImpl
2025-07-18 00:14:05.293 [http-nio-8080-exec-4] INFO  com.kei.tliaswebmanagement1.aop.RecordTimeAspect-目标方法：deleteById
2025-07-18 00:14:05.293 [http-nio-8080-exec-4] INFO  com.kei.tliaswebmanagement1.aop.RecordTimeAspect-目标方法参数：null
2025-07-18 00:14:05.298 [http-nio-8080-exec-4] INFO  com.kei.tliaswebmanagement1.aop.OperateLogAspect-operateLog:OperateLog{id=null, operateEmpId=null, operateTime=2025-07-18T00:14:05.298200400, className='com.kei.tliaswebmanagement1.controller.DeptController', methodName='deleteById', methodParams='[Ljava.lang.Object;@62cc76a', returnValue='Result(code=1, msg=success, data=null)', costTime=5}
2025-07-18 00:14:05.381 [http-nio-8080-exec-3] INFO  c.k.tliaswebmanagement1.controller.DeptController-查询全部乐队数据
2025-07-18 00:14:05.382 [http-nio-8080-exec-3] INFO  com.kei.tliaswebmanagement1.aop.RecordTimeAspect-before
2025-07-18 00:14:05.382 [http-nio-8080-exec-3] INFO  com.kei.tliaswebmanagement1.aop.RecordTimeAspect-目标对象：com.kei.tliaswebmanagement1.service.Impl.DeptServiceImpl@7aa79607
2025-07-18 00:14:05.382 [http-nio-8080-exec-3] INFO  com.kei.tliaswebmanagement1.aop.RecordTimeAspect-目标类：com.kei.tliaswebmanagement1.service.Impl.DeptServiceImpl
2025-07-18 00:14:05.382 [http-nio-8080-exec-3] INFO  com.kei.tliaswebmanagement1.aop.RecordTimeAspect-目标方法：findAll
2025-07-18 00:14:05.382 [http-nio-8080-exec-3] INFO  com.kei.tliaswebmanagement1.aop.RecordTimeAspect-目标方法参数：{}
2025-07-18 00:16:29.407 [http-nio-8080-exec-6] INFO  c.k.tliaswebmanagement1.controller.DeptController-查询全部乐队数据
2025-07-18 00:16:29.407 [http-nio-8080-exec-6] INFO  com.kei.tliaswebmanagement1.aop.RecordTimeAspect-before
2025-07-18 00:16:29.407 [http-nio-8080-exec-6] INFO  com.kei.tliaswebmanagement1.aop.RecordTimeAspect-目标对象：com.kei.tliaswebmanagement1.service.Impl.DeptServiceImpl@7aa79607
2025-07-18 00:16:29.407 [http-nio-8080-exec-6] INFO  com.kei.tliaswebmanagement1.aop.RecordTimeAspect-目标类：com.kei.tliaswebmanagement1.service.Impl.DeptServiceImpl
2025-07-18 00:16:29.407 [http-nio-8080-exec-6] INFO  com.kei.tliaswebmanagement1.aop.RecordTimeAspect-目标方法：findAll
2025-07-18 00:16:29.407 [http-nio-8080-exec-6] INFO  com.kei.tliaswebmanagement1.aop.RecordTimeAspect-目标方法参数：{}
2025-07-18 00:16:32.292 [http-nio-8080-exec-7] INFO  c.k.tliaswebmanagement1.controller.DeptController-根据id删除乐队数据：null
2025-07-18 00:16:32.292 [http-nio-8080-exec-7] INFO  com.kei.tliaswebmanagement1.aop.RecordTimeAspect-before
2025-07-18 00:16:32.293 [http-nio-8080-exec-7] INFO  com.kei.tliaswebmanagement1.aop.RecordTimeAspect-目标对象：com.kei.tliaswebmanagement1.service.Impl.DeptServiceImpl@7aa79607
2025-07-18 00:16:32.293 [http-nio-8080-exec-7] INFO  com.kei.tliaswebmanagement1.aop.RecordTimeAspect-目标类：com.kei.tliaswebmanagement1.service.Impl.DeptServiceImpl
2025-07-18 00:16:32.293 [http-nio-8080-exec-7] INFO  com.kei.tliaswebmanagement1.aop.RecordTimeAspect-目标方法：deleteById
2025-07-18 00:16:32.293 [http-nio-8080-exec-7] INFO  com.kei.tliaswebmanagement1.aop.RecordTimeAspect-目标方法参数：null
2025-07-18 00:16:32.301 [http-nio-8080-exec-7] INFO  com.kei.tliaswebmanagement1.aop.OperateLogAspect-operateLog:OperateLog{id=null, operateEmpId=null, operateTime=2025-07-18T00:16:32.301443300, className='com.kei.tliaswebmanagement1.controller.DeptController', methodName='deleteById', methodParams='[Ljava.lang.Object;@30b6fe9a', returnValue='Result(code=1, msg=success, data=null)', costTime=10}
2025-07-18 00:16:32.472 [http-nio-8080-exec-10] INFO  c.k.tliaswebmanagement1.controller.DeptController-查询全部乐队数据
2025-07-18 00:16:32.472 [http-nio-8080-exec-10] INFO  com.kei.tliaswebmanagement1.aop.RecordTimeAspect-before
2025-07-18 00:16:32.472 [http-nio-8080-exec-10] INFO  com.kei.tliaswebmanagement1.aop.RecordTimeAspect-目标对象：com.kei.tliaswebmanagement1.service.Impl.DeptServiceImpl@7aa79607
2025-07-18 00:16:32.473 [http-nio-8080-exec-10] INFO  com.kei.tliaswebmanagement1.aop.RecordTimeAspect-目标类：com.kei.tliaswebmanagement1.service.Impl.DeptServiceImpl
2025-07-18 00:16:32.473 [http-nio-8080-exec-10] INFO  com.kei.tliaswebmanagement1.aop.RecordTimeAspect-目标方法：findAll
2025-07-18 00:16:32.473 [http-nio-8080-exec-10] INFO  com.kei.tliaswebmanagement1.aop.RecordTimeAspect-目标方法参数：{}
2025-07-18 00:19:09.004 [http-nio-8080-exec-8] INFO  c.k.tliaswebmanagement1.controller.DeptController-查询全部乐队数据
2025-07-18 00:19:09.004 [http-nio-8080-exec-8] INFO  com.kei.tliaswebmanagement1.aop.RecordTimeAspect-before
2025-07-18 00:19:09.004 [http-nio-8080-exec-8] INFO  com.kei.tliaswebmanagement1.aop.RecordTimeAspect-目标对象：com.kei.tliaswebmanagement1.service.Impl.DeptServiceImpl@7aa79607
2025-07-18 00:19:09.004 [http-nio-8080-exec-8] INFO  com.kei.tliaswebmanagement1.aop.RecordTimeAspect-目标类：com.kei.tliaswebmanagement1.service.Impl.DeptServiceImpl
2025-07-18 00:19:09.005 [http-nio-8080-exec-8] INFO  com.kei.tliaswebmanagement1.aop.RecordTimeAspect-目标方法：findAll
2025-07-18 00:19:09.005 [http-nio-8080-exec-8] INFO  com.kei.tliaswebmanagement1.aop.RecordTimeAspect-目标方法参数：{}
2025-07-18 00:19:13.124 [http-nio-8080-exec-9] INFO  c.k.tliaswebmanagement1.controller.DeptController-根据id删除乐队数据：null
2025-07-18 00:19:13.125 [http-nio-8080-exec-9] INFO  com.kei.tliaswebmanagement1.aop.RecordTimeAspect-before
2025-07-18 00:19:13.125 [http-nio-8080-exec-9] INFO  com.kei.tliaswebmanagement1.aop.RecordTimeAspect-目标对象：com.kei.tliaswebmanagement1.service.Impl.DeptServiceImpl@7aa79607
2025-07-18 00:19:13.125 [http-nio-8080-exec-9] INFO  com.kei.tliaswebmanagement1.aop.RecordTimeAspect-目标类：com.kei.tliaswebmanagement1.service.Impl.DeptServiceImpl
2025-07-18 00:19:13.125 [http-nio-8080-exec-9] INFO  com.kei.tliaswebmanagement1.aop.RecordTimeAspect-目标方法：deleteById
2025-07-18 00:19:13.125 [http-nio-8080-exec-9] INFO  com.kei.tliaswebmanagement1.aop.RecordTimeAspect-目标方法参数：null
2025-07-18 00:19:13.129 [http-nio-8080-exec-9] INFO  com.kei.tliaswebmanagement1.aop.OperateLogAspect-operateLog:OperateLog{id=null, operateEmpId=null, operateTime=2025-07-18T00:19:13.129684200, className='com.kei.tliaswebmanagement1.controller.DeptController', methodName='deleteById', methodParams='[Ljava.lang.Object;@7497b5c1', returnValue='Result(code=1, msg=success, data=null)', costTime=5}
2025-07-18 00:19:13.231 [http-nio-8080-exec-1] INFO  c.k.tliaswebmanagement1.controller.DeptController-查询全部乐队数据
2025-07-18 00:19:13.233 [http-nio-8080-exec-1] INFO  com.kei.tliaswebmanagement1.aop.RecordTimeAspect-before
2025-07-18 00:19:13.233 [http-nio-8080-exec-1] INFO  com.kei.tliaswebmanagement1.aop.RecordTimeAspect-目标对象：com.kei.tliaswebmanagement1.service.Impl.DeptServiceImpl@7aa79607
2025-07-18 00:19:13.233 [http-nio-8080-exec-1] INFO  com.kei.tliaswebmanagement1.aop.RecordTimeAspect-目标类：com.kei.tliaswebmanagement1.service.Impl.DeptServiceImpl
2025-07-18 00:19:13.234 [http-nio-8080-exec-1] INFO  com.kei.tliaswebmanagement1.aop.RecordTimeAspect-目标方法：findAll
2025-07-18 00:19:13.234 [http-nio-8080-exec-1] INFO  com.kei.tliaswebmanagement1.aop.RecordTimeAspect-目标方法参数：{}
2025-07-18 00:19:17.398 [http-nio-8080-exec-2] INFO  c.k.tliaswebmanagement1.controller.DeptController-根据id删除乐队数据：null
2025-07-18 00:19:17.398 [http-nio-8080-exec-2] INFO  com.kei.tliaswebmanagement1.aop.RecordTimeAspect-before
2025-07-18 00:19:17.398 [http-nio-8080-exec-2] INFO  com.kei.tliaswebmanagement1.aop.RecordTimeAspect-目标对象：com.kei.tliaswebmanagement1.service.Impl.DeptServiceImpl@7aa79607
2025-07-18 00:19:17.398 [http-nio-8080-exec-2] INFO  com.kei.tliaswebmanagement1.aop.RecordTimeAspect-目标类：com.kei.tliaswebmanagement1.service.Impl.DeptServiceImpl
2025-07-18 00:19:17.398 [http-nio-8080-exec-2] INFO  com.kei.tliaswebmanagement1.aop.RecordTimeAspect-目标方法：deleteById
2025-07-18 00:19:17.398 [http-nio-8080-exec-2] INFO  com.kei.tliaswebmanagement1.aop.RecordTimeAspect-目标方法参数：null
2025-07-18 00:19:17.401 [http-nio-8080-exec-2] INFO  com.kei.tliaswebmanagement1.aop.OperateLogAspect-operateLog:OperateLog{id=null, operateEmpId=null, operateTime=2025-07-18T00:19:17.401928100, className='com.kei.tliaswebmanagement1.controller.DeptController', methodName='deleteById', methodParams='[Ljava.lang.Object;@356590cb', returnValue='Result(code=1, msg=success, data=null)', costTime=3}
2025-07-18 00:19:17.502 [http-nio-8080-exec-5] INFO  c.k.tliaswebmanagement1.controller.DeptController-查询全部乐队数据
2025-07-18 00:19:17.502 [http-nio-8080-exec-5] INFO  com.kei.tliaswebmanagement1.aop.RecordTimeAspect-before
2025-07-18 00:19:17.502 [http-nio-8080-exec-5] INFO  com.kei.tliaswebmanagement1.aop.RecordTimeAspect-目标对象：com.kei.tliaswebmanagement1.service.Impl.DeptServiceImpl@7aa79607
2025-07-18 00:19:17.502 [http-nio-8080-exec-5] INFO  com.kei.tliaswebmanagement1.aop.RecordTimeAspect-目标类：com.kei.tliaswebmanagement1.service.Impl.DeptServiceImpl
2025-07-18 00:19:17.502 [http-nio-8080-exec-5] INFO  com.kei.tliaswebmanagement1.aop.RecordTimeAspect-目标方法：findAll
2025-07-18 00:19:17.502 [http-nio-8080-exec-5] INFO  com.kei.tliaswebmanagement1.aop.RecordTimeAspect-目标方法参数：{}
2025-07-18 00:19:19.979 [http-nio-8080-exec-4] INFO  c.k.tliaswebmanagement1.controller.DeptController-根据id查询信息：11
2025-07-18 00:19:19.979 [http-nio-8080-exec-4] INFO  com.kei.tliaswebmanagement1.aop.RecordTimeAspect-before
2025-07-18 00:19:19.979 [http-nio-8080-exec-4] INFO  com.kei.tliaswebmanagement1.aop.RecordTimeAspect-目标对象：com.kei.tliaswebmanagement1.service.Impl.DeptServiceImpl@7aa79607
2025-07-18 00:19:19.979 [http-nio-8080-exec-4] INFO  com.kei.tliaswebmanagement1.aop.RecordTimeAspect-目标类：com.kei.tliaswebmanagement1.service.Impl.DeptServiceImpl
2025-07-18 00:19:19.979 [http-nio-8080-exec-4] INFO  com.kei.tliaswebmanagement1.aop.RecordTimeAspect-目标方法：getInfo
2025-07-18 00:19:19.979 [http-nio-8080-exec-4] INFO  com.kei.tliaswebmanagement1.aop.RecordTimeAspect-目标方法参数：11
2025-07-18 00:19:23.775 [http-nio-8080-exec-3] INFO  c.k.tliaswebmanagement1.controller.DeptController-查询全部乐队数据
2025-07-18 00:19:23.776 [http-nio-8080-exec-3] INFO  com.kei.tliaswebmanagement1.aop.RecordTimeAspect-before
2025-07-18 00:19:23.776 [http-nio-8080-exec-3] INFO  com.kei.tliaswebmanagement1.aop.RecordTimeAspect-目标对象：com.kei.tliaswebmanagement1.service.Impl.DeptServiceImpl@7aa79607
2025-07-18 00:19:23.776 [http-nio-8080-exec-3] INFO  com.kei.tliaswebmanagement1.aop.RecordTimeAspect-目标类：com.kei.tliaswebmanagement1.service.Impl.DeptServiceImpl
2025-07-18 00:19:23.776 [http-nio-8080-exec-3] INFO  com.kei.tliaswebmanagement1.aop.RecordTimeAspect-目标方法：findAll
2025-07-18 00:19:23.776 [http-nio-8080-exec-3] INFO  com.kei.tliaswebmanagement1.aop.RecordTimeAspect-目标方法参数：{}
2025-07-18 00:19:28.692 [http-nio-8080-exec-6] INFO  c.k.tliaswebmanagement1.controller.DeptController-根据id删除乐队数据：null
2025-07-18 00:19:28.693 [http-nio-8080-exec-6] INFO  com.kei.tliaswebmanagement1.aop.RecordTimeAspect-before
2025-07-18 00:19:28.693 [http-nio-8080-exec-6] INFO  com.kei.tliaswebmanagement1.aop.RecordTimeAspect-目标对象：com.kei.tliaswebmanagement1.service.Impl.DeptServiceImpl@7aa79607
2025-07-18 00:19:28.693 [http-nio-8080-exec-6] INFO  com.kei.tliaswebmanagement1.aop.RecordTimeAspect-目标类：com.kei.tliaswebmanagement1.service.Impl.DeptServiceImpl
2025-07-18 00:19:28.693 [http-nio-8080-exec-6] INFO  com.kei.tliaswebmanagement1.aop.RecordTimeAspect-目标方法：deleteById
2025-07-18 00:19:28.693 [http-nio-8080-exec-6] INFO  com.kei.tliaswebmanagement1.aop.RecordTimeAspect-目标方法参数：null
2025-07-18 00:19:28.697 [http-nio-8080-exec-6] INFO  com.kei.tliaswebmanagement1.aop.OperateLogAspect-operateLog:OperateLog{id=null, operateEmpId=null, operateTime=2025-07-18T00:19:28.697108400, className='com.kei.tliaswebmanagement1.controller.DeptController', methodName='deleteById', methodParams='[Ljava.lang.Object;@8b224af', returnValue='Result(code=1, msg=success, data=null)', costTime=5}
2025-07-18 00:19:28.784 [http-nio-8080-exec-7] INFO  c.k.tliaswebmanagement1.controller.DeptController-查询全部乐队数据
2025-07-18 00:19:28.784 [http-nio-8080-exec-7] INFO  com.kei.tliaswebmanagement1.aop.RecordTimeAspect-before
2025-07-18 00:19:28.784 [http-nio-8080-exec-7] INFO  com.kei.tliaswebmanagement1.aop.RecordTimeAspect-目标对象：com.kei.tliaswebmanagement1.service.Impl.DeptServiceImpl@7aa79607
2025-07-18 00:19:28.784 [http-nio-8080-exec-7] INFO  com.kei.tliaswebmanagement1.aop.RecordTimeAspect-目标类：com.kei.tliaswebmanagement1.service.Impl.DeptServiceImpl
2025-07-18 00:19:28.784 [http-nio-8080-exec-7] INFO  com.kei.tliaswebmanagement1.aop.RecordTimeAspect-目标方法：findAll
2025-07-18 00:19:28.784 [http-nio-8080-exec-7] INFO  com.kei.tliaswebmanagement1.aop.RecordTimeAspect-目标方法参数：{}
2025-07-18 00:20:17.713 [http-nio-8080-exec-10] INFO  c.k.tliaswebmanagement1.controller.DeptController-根据id删除乐队数据：null
2025-07-18 00:20:17.713 [http-nio-8080-exec-10] INFO  com.kei.tliaswebmanagement1.aop.RecordTimeAspect-before
2025-07-18 00:20:17.713 [http-nio-8080-exec-10] INFO  com.kei.tliaswebmanagement1.aop.RecordTimeAspect-目标对象：com.kei.tliaswebmanagement1.service.Impl.DeptServiceImpl@7aa79607
2025-07-18 00:20:17.713 [http-nio-8080-exec-10] INFO  com.kei.tliaswebmanagement1.aop.RecordTimeAspect-目标类：com.kei.tliaswebmanagement1.service.Impl.DeptServiceImpl
2025-07-18 00:20:17.713 [http-nio-8080-exec-10] INFO  com.kei.tliaswebmanagement1.aop.RecordTimeAspect-目标方法：deleteById
2025-07-18 00:20:17.713 [http-nio-8080-exec-10] INFO  com.kei.tliaswebmanagement1.aop.RecordTimeAspect-目标方法参数：null
2025-07-18 00:20:17.717 [http-nio-8080-exec-10] INFO  com.kei.tliaswebmanagement1.aop.OperateLogAspect-operateLog:OperateLog{id=null, operateEmpId=null, operateTime=2025-07-18T00:20:17.717672300, className='com.kei.tliaswebmanagement1.controller.DeptController', methodName='deleteById', methodParams='[Ljava.lang.Object;@2bf56692', returnValue='Result(code=1, msg=success, data=null)', costTime=4}
2025-07-18 00:20:18.156 [http-nio-8080-exec-8] INFO  c.k.tliaswebmanagement1.controller.DeptController-查询全部乐队数据
2025-07-18 00:20:18.156 [http-nio-8080-exec-8] INFO  com.kei.tliaswebmanagement1.aop.RecordTimeAspect-before
2025-07-18 00:20:18.156 [http-nio-8080-exec-8] INFO  com.kei.tliaswebmanagement1.aop.RecordTimeAspect-目标对象：com.kei.tliaswebmanagement1.service.Impl.DeptServiceImpl@7aa79607
2025-07-18 00:20:18.156 [http-nio-8080-exec-8] INFO  com.kei.tliaswebmanagement1.aop.RecordTimeAspect-目标类：com.kei.tliaswebmanagement1.service.Impl.DeptServiceImpl
2025-07-18 00:20:18.156 [http-nio-8080-exec-8] INFO  com.kei.tliaswebmanagement1.aop.RecordTimeAspect-目标方法：findAll
2025-07-18 00:20:18.156 [http-nio-8080-exec-8] INFO  com.kei.tliaswebmanagement1.aop.RecordTimeAspect-目标方法参数：{}
2025-07-18 00:20:43.359 [http-nio-8080-exec-9] INFO  c.k.tliaswebmanagement1.controller.DeptController-查询全部乐队数据
2025-07-18 00:20:43.359 [http-nio-8080-exec-9] INFO  com.kei.tliaswebmanagement1.aop.RecordTimeAspect-before
2025-07-18 00:20:43.359 [http-nio-8080-exec-9] INFO  com.kei.tliaswebmanagement1.aop.RecordTimeAspect-目标对象：com.kei.tliaswebmanagement1.service.Impl.DeptServiceImpl@7aa79607
2025-07-18 00:20:43.359 [http-nio-8080-exec-9] INFO  com.kei.tliaswebmanagement1.aop.RecordTimeAspect-目标类：com.kei.tliaswebmanagement1.service.Impl.DeptServiceImpl
2025-07-18 00:20:43.359 [http-nio-8080-exec-9] INFO  com.kei.tliaswebmanagement1.aop.RecordTimeAspect-目标方法：findAll
2025-07-18 00:20:43.359 [http-nio-8080-exec-9] INFO  com.kei.tliaswebmanagement1.aop.RecordTimeAspect-目标方法参数：{}
2025-07-18 00:21:17.194 [http-nio-8080-exec-1] INFO  c.k.tliaswebmanagement1.controller.DeptController-查询全部乐队数据
2025-07-18 00:21:17.194 [http-nio-8080-exec-1] INFO  com.kei.tliaswebmanagement1.aop.RecordTimeAspect-before
2025-07-18 00:21:17.194 [http-nio-8080-exec-1] INFO  com.kei.tliaswebmanagement1.aop.RecordTimeAspect-目标对象：com.kei.tliaswebmanagement1.service.Impl.DeptServiceImpl@7aa79607
2025-07-18 00:21:17.194 [http-nio-8080-exec-1] INFO  com.kei.tliaswebmanagement1.aop.RecordTimeAspect-目标类：com.kei.tliaswebmanagement1.service.Impl.DeptServiceImpl
2025-07-18 00:21:17.194 [http-nio-8080-exec-1] INFO  com.kei.tliaswebmanagement1.aop.RecordTimeAspect-目标方法：findAll
2025-07-18 00:21:17.194 [http-nio-8080-exec-1] INFO  com.kei.tliaswebmanagement1.aop.RecordTimeAspect-目标方法参数：{}
2025-07-18 00:21:57.886 [http-nio-8080-exec-2] INFO  c.k.tliaswebmanagement1.controller.DeptController-根据id删除乐队数据：null
2025-07-18 00:21:57.887 [http-nio-8080-exec-2] INFO  com.kei.tliaswebmanagement1.aop.RecordTimeAspect-before
2025-07-18 00:21:57.887 [http-nio-8080-exec-2] INFO  com.kei.tliaswebmanagement1.aop.RecordTimeAspect-目标对象：com.kei.tliaswebmanagement1.service.Impl.DeptServiceImpl@7aa79607
2025-07-18 00:21:57.887 [http-nio-8080-exec-2] INFO  com.kei.tliaswebmanagement1.aop.RecordTimeAspect-目标类：com.kei.tliaswebmanagement1.service.Impl.DeptServiceImpl
2025-07-18 00:21:57.887 [http-nio-8080-exec-2] INFO  com.kei.tliaswebmanagement1.aop.RecordTimeAspect-目标方法：deleteById
2025-07-18 00:21:57.887 [http-nio-8080-exec-2] INFO  com.kei.tliaswebmanagement1.aop.RecordTimeAspect-目标方法参数：null
2025-07-18 00:21:57.892 [http-nio-8080-exec-2] INFO  com.kei.tliaswebmanagement1.aop.OperateLogAspect-operateLog:OperateLog{id=null, operateEmpId=null, operateTime=2025-07-18T00:21:57.892521100, className='com.kei.tliaswebmanagement1.controller.DeptController', methodName='deleteById', methodParams='[Ljava.lang.Object;@5f09015c', returnValue='Result(code=1, msg=success, data=null)', costTime=6}
2025-07-18 00:21:57.973 [http-nio-8080-exec-5] INFO  c.k.tliaswebmanagement1.controller.DeptController-查询全部乐队数据
2025-07-18 00:21:57.973 [http-nio-8080-exec-5] INFO  com.kei.tliaswebmanagement1.aop.RecordTimeAspect-before
2025-07-18 00:21:57.973 [http-nio-8080-exec-5] INFO  com.kei.tliaswebmanagement1.aop.RecordTimeAspect-目标对象：com.kei.tliaswebmanagement1.service.Impl.DeptServiceImpl@7aa79607
2025-07-18 00:21:57.973 [http-nio-8080-exec-5] INFO  com.kei.tliaswebmanagement1.aop.RecordTimeAspect-目标类：com.kei.tliaswebmanagement1.service.Impl.DeptServiceImpl
2025-07-18 00:21:57.975 [http-nio-8080-exec-5] INFO  com.kei.tliaswebmanagement1.aop.RecordTimeAspect-目标方法：findAll
2025-07-18 00:21:57.975 [http-nio-8080-exec-5] INFO  com.kei.tliaswebmanagement1.aop.RecordTimeAspect-目标方法参数：{}
2025-07-18 00:23:14.135 [http-nio-8080-exec-4] INFO  c.k.tliaswebmanagement1.controller.DeptController-根据id删除乐队数据：null
2025-07-18 00:23:14.135 [http-nio-8080-exec-4] INFO  com.kei.tliaswebmanagement1.aop.RecordTimeAspect-before
2025-07-18 00:23:14.135 [http-nio-8080-exec-4] INFO  com.kei.tliaswebmanagement1.aop.RecordTimeAspect-目标对象：com.kei.tliaswebmanagement1.service.Impl.DeptServiceImpl@7aa79607
2025-07-18 00:23:14.135 [http-nio-8080-exec-4] INFO  com.kei.tliaswebmanagement1.aop.RecordTimeAspect-目标类：com.kei.tliaswebmanagement1.service.Impl.DeptServiceImpl
2025-07-18 00:23:14.135 [http-nio-8080-exec-4] INFO  com.kei.tliaswebmanagement1.aop.RecordTimeAspect-目标方法：deleteById
2025-07-18 00:23:14.135 [http-nio-8080-exec-4] INFO  com.kei.tliaswebmanagement1.aop.RecordTimeAspect-目标方法参数：null
2025-07-18 00:23:14.139 [http-nio-8080-exec-4] INFO  com.kei.tliaswebmanagement1.aop.OperateLogAspect-operateLog:OperateLog{id=null, operateEmpId=null, operateTime=2025-07-18T00:23:14.139948, className='com.kei.tliaswebmanagement1.controller.DeptController', methodName='deleteById', methodParams='[Ljava.lang.Object;@799eaa9f', returnValue='Result(code=1, msg=success, data=null)', costTime=4}
2025-07-18 00:23:16.463 [http-nio-8080-exec-3] INFO  c.k.tliaswebmanagement1.controller.DeptController-查询全部乐队数据
2025-07-18 00:23:16.463 [http-nio-8080-exec-3] INFO  com.kei.tliaswebmanagement1.aop.RecordTimeAspect-before
2025-07-18 00:23:16.463 [http-nio-8080-exec-3] INFO  com.kei.tliaswebmanagement1.aop.RecordTimeAspect-目标对象：com.kei.tliaswebmanagement1.service.Impl.DeptServiceImpl@7aa79607
2025-07-18 00:23:16.463 [http-nio-8080-exec-3] INFO  com.kei.tliaswebmanagement1.aop.RecordTimeAspect-目标类：com.kei.tliaswebmanagement1.service.Impl.DeptServiceImpl
2025-07-18 00:23:16.463 [http-nio-8080-exec-3] INFO  com.kei.tliaswebmanagement1.aop.RecordTimeAspect-目标方法：findAll
2025-07-18 00:23:16.464 [http-nio-8080-exec-3] INFO  com.kei.tliaswebmanagement1.aop.RecordTimeAspect-目标方法参数：{}
2025-07-18 00:26:11.688 [SpringApplicationShutdownHook] INFO  o.s.boot.web.embedded.tomcat.GracefulShutdown-Commencing graceful shutdown. Waiting for active requests to complete
2025-07-18 00:26:12.324 [tomcat-shutdown] INFO  o.s.boot.web.embedded.tomcat.GracefulShutdown-Graceful shutdown complete
2025-07-18 00:26:12.336 [SpringApplicationShutdownHook] INFO  com.zaxxer.hikari.HikariDataSource-HikariPool-1 - Shutdown initiated...
2025-07-18 00:26:12.342 [SpringApplicationShutdownHook] INFO  com.zaxxer.hikari.HikariDataSource-HikariPool-1 - Shutdown completed.
2025-07-18 00:26:20.304 [main] INFO  c.k.t.TliasWebManagement1Application-Starting TliasWebManagement1Application using Java 17.0.14 with PID 31704 (F:\学习资料\编程\后端开发\kei\tlias-web-management1\target\classes started by hp in F:\学习资料\编程\后端开发\kei\tlias-web-management1)
2025-07-18 00:26:20.305 [main] INFO  c.k.t.TliasWebManagement1Application-No active profile set, falling back to 1 default profile: "default"
2025-07-18 00:26:22.290 [main] INFO  o.s.boot.web.embedded.tomcat.TomcatWebServer-Tomcat initialized with port 8080 (http)
2025-07-18 00:26:22.303 [main] INFO  org.apache.coyote.http11.Http11NioProtocol-Initializing ProtocolHandler ["http-nio-8080"]
2025-07-18 00:26:22.305 [main] INFO  org.apache.catalina.core.StandardService-Starting service [Tomcat]
2025-07-18 00:26:22.305 [main] INFO  org.apache.catalina.core.StandardEngine-Starting Servlet engine: [Apache Tomcat/10.1.40]
2025-07-18 00:26:22.379 [main] INFO  o.a.c.core.ContainerBase.[Tomcat].[localhost].[/]-Initializing Spring embedded WebApplicationContext
2025-07-18 00:26:22.379 [main] INFO  o.s.b.w.s.c.ServletWebServerApplicationContext-Root WebApplicationContext: initialization completed in 2026 ms
2025-07-18 00:26:23.919 [main] INFO  o.s.b.actuate.endpoint.web.EndpointLinksResolver-Exposing 1 endpoint beneath base path '/actuator'
2025-07-18 00:26:23.978 [main] INFO  org.apache.coyote.http11.Http11NioProtocol-Starting ProtocolHandler ["http-nio-8080"]
2025-07-18 00:26:23.995 [main] INFO  o.s.boot.web.embedded.tomcat.TomcatWebServer-Tomcat started on port 8080 (http) with context path '/'
2025-07-18 00:26:24.010 [main] INFO  c.k.t.TliasWebManagement1Application-Started TliasWebManagement1Application in 4.148 seconds (process running for 5.346)
2025-07-18 00:26:24.259 [RMI TCP Connection(3)-192.168.3.75] INFO  o.a.c.core.ContainerBase.[Tomcat].[localhost].[/]-Initializing Spring DispatcherServlet 'dispatcherServlet'
2025-07-18 00:26:24.259 [RMI TCP Connection(3)-192.168.3.75] INFO  org.springframework.web.servlet.DispatcherServlet-Initializing Servlet 'dispatcherServlet'
2025-07-18 00:26:24.260 [RMI TCP Connection(3)-192.168.3.75] INFO  org.springframework.web.servlet.DispatcherServlet-Completed initialization in 1 ms
2025-07-18 00:26:24.262 [RMI TCP Connection(2)-192.168.3.75] INFO  com.zaxxer.hikari.HikariDataSource-HikariPool-1 - Starting...
2025-07-18 00:26:24.597 [RMI TCP Connection(2)-192.168.3.75] INFO  com.zaxxer.hikari.pool.HikariPool-HikariPool-1 - Added connection com.mysql.cj.jdbc.ConnectionImpl@2db323f5
2025-07-18 00:26:24.615 [RMI TCP Connection(2)-192.168.3.75] INFO  com.zaxxer.hikari.HikariDataSource-HikariPool-1 - Start completed.
2025-07-18 00:26:37.615 [http-nio-8080-exec-1] INFO  c.k.tliaswebmanagement1.controller.DeptController-查询全部乐队数据
2025-07-18 00:26:37.619 [http-nio-8080-exec-1] INFO  com.kei.tliaswebmanagement1.aop.RecordTimeAspect-before
2025-07-18 00:26:37.619 [http-nio-8080-exec-1] INFO  com.kei.tliaswebmanagement1.aop.RecordTimeAspect-目标对象：com.kei.tliaswebmanagement1.service.Impl.DeptServiceImpl@48a8110a
2025-07-18 00:26:37.620 [http-nio-8080-exec-1] INFO  com.kei.tliaswebmanagement1.aop.RecordTimeAspect-目标类：com.kei.tliaswebmanagement1.service.Impl.DeptServiceImpl
2025-07-18 00:26:37.622 [http-nio-8080-exec-1] INFO  com.kei.tliaswebmanagement1.aop.RecordTimeAspect-目标方法：findAll
2025-07-18 00:26:37.622 [http-nio-8080-exec-1] INFO  com.kei.tliaswebmanagement1.aop.RecordTimeAspect-目标方法参数：{}
2025-07-18 00:26:48.803 [http-nio-8080-exec-2] ERROR c.k.t.exception.GlobalExceptionHandler-程序出错了喵~
org.springframework.web.bind.MissingServletRequestParameterException: Required request parameter 'id' for method parameter type Integer is not present
	at org.springframework.web.method.annotation.RequestParamMethodArgumentResolver.handleMissingValueInternal(RequestParamMethodArgumentResolver.java:220)
	at org.springframework.web.method.annotation.RequestParamMethodArgumentResolver.handleMissingValue(RequestParamMethodArgumentResolver.java:196)
	at org.springframework.web.method.annotation.AbstractNamedValueMethodArgumentResolver.resolveArgument(AbstractNamedValueMethodArgumentResolver.java:125)
	at org.springframework.web.method.support.HandlerMethodArgumentResolverComposite.resolveArgument(HandlerMethodArgumentResolverComposite.java:122)
	at org.springframework.web.method.support.InvocableHandlerMethod.getMethodArgumentValues(InvocableHandlerMethod.java:227)
	at org.springframework.web.method.support.InvocableHandlerMethod.invokeForRequest(InvocableHandlerMethod.java:181)
	at org.springframework.web.servlet.mvc.method.annotation.ServletInvocableHandlerMethod.invokeAndHandle(ServletInvocableHandlerMethod.java:118)
	at org.springframework.web.servlet.mvc.method.annotation.RequestMappingHandlerAdapter.invokeHandlerMethod(RequestMappingHandlerAdapter.java:986)
	at org.springframework.web.servlet.mvc.method.annotation.RequestMappingHandlerAdapter.handleInternal(RequestMappingHandlerAdapter.java:891)
	at org.springframework.web.servlet.mvc.method.AbstractHandlerMethodAdapter.handle(AbstractHandlerMethodAdapter.java:87)
	at org.springframework.web.servlet.DispatcherServlet.doDispatch(DispatcherServlet.java:1089)
	at org.springframework.web.servlet.DispatcherServlet.doService(DispatcherServlet.java:979)
	at org.springframework.web.servlet.FrameworkServlet.processRequest(FrameworkServlet.java:1014)
	at org.springframework.web.servlet.FrameworkServlet.doDelete(FrameworkServlet.java:936)
	at jakarta.servlet.http.HttpServlet.service(HttpServlet.java:596)
	at org.springframework.web.servlet.FrameworkServlet.service(FrameworkServlet.java:885)
	at jakarta.servlet.http.HttpServlet.service(HttpServlet.java:658)
	at org.apache.catalina.core.ApplicationFilterChain.internalDoFilter(ApplicationFilterChain.java:195)
	at org.apache.catalina.core.ApplicationFilterChain.doFilter(ApplicationFilterChain.java:140)
	at org.apache.tomcat.websocket.server.WsFilter.doFilter(WsFilter.java:51)
	at org.apache.catalina.core.ApplicationFilterChain.internalDoFilter(ApplicationFilterChain.java:164)
	at org.apache.catalina.core.ApplicationFilterChain.doFilter(ApplicationFilterChain.java:140)
	at org.springframework.web.filter.RequestContextFilter.doFilterInternal(RequestContextFilter.java:100)
	at org.springframework.web.filter.OncePerRequestFilter.doFilter(OncePerRequestFilter.java:116)
	at org.apache.catalina.core.ApplicationFilterChain.internalDoFilter(ApplicationFilterChain.java:164)
	at org.apache.catalina.core.ApplicationFilterChain.doFilter(ApplicationFilterChain.java:140)
	at org.springframework.web.filter.FormContentFilter.doFilterInternal(FormContentFilter.java:93)
	at org.springframework.web.filter.OncePerRequestFilter.doFilter(OncePerRequestFilter.java:116)
	at org.apache.catalina.core.ApplicationFilterChain.internalDoFilter(ApplicationFilterChain.java:164)
	at org.apache.catalina.core.ApplicationFilterChain.doFilter(ApplicationFilterChain.java:140)
	at org.springframework.web.filter.ServerHttpObservationFilter.doFilterInternal(ServerHttpObservationFilter.java:114)
	at org.springframework.web.filter.OncePerRequestFilter.doFilter(OncePerRequestFilter.java:116)
	at org.apache.catalina.core.ApplicationFilterChain.internalDoFilter(ApplicationFilterChain.java:164)
	at org.apache.catalina.core.ApplicationFilterChain.doFilter(ApplicationFilterChain.java:140)
	at org.springframework.web.filter.CharacterEncodingFilter.doFilterInternal(CharacterEncodingFilter.java:201)
	at org.springframework.web.filter.OncePerRequestFilter.doFilter(OncePerRequestFilter.java:116)
	at org.apache.catalina.core.ApplicationFilterChain.internalDoFilter(ApplicationFilterChain.java:164)
	at org.apache.catalina.core.ApplicationFilterChain.doFilter(ApplicationFilterChain.java:140)
	at org.apache.catalina.core.StandardWrapperValve.invoke(StandardWrapperValve.java:167)
	at org.apache.catalina.core.StandardContextValve.invoke(StandardContextValve.java:90)
	at org.apache.catalina.authenticator.AuthenticatorBase.invoke(AuthenticatorBase.java:483)
	at org.apache.catalina.core.StandardHostValve.invoke(StandardHostValve.java:116)
	at org.apache.catalina.valves.ErrorReportValve.invoke(ErrorReportValve.java:93)
	at org.apache.catalina.core.StandardEngineValve.invoke(StandardEngineValve.java:74)
	at org.apache.catalina.connector.CoyoteAdapter.service(CoyoteAdapter.java:344)
	at org.apache.coyote.http11.Http11Processor.service(Http11Processor.java:398)
	at org.apache.coyote.AbstractProcessorLight.process(AbstractProcessorLight.java:63)
	at org.apache.coyote.AbstractProtocol$ConnectionHandler.process(AbstractProtocol.java:903)
	at org.apache.tomcat.util.net.NioEndpoint$SocketProcessor.doRun(NioEndpoint.java:1740)
	at org.apache.tomcat.util.net.SocketProcessorBase.run(SocketProcessorBase.java:52)
	at org.apache.tomcat.util.threads.ThreadPoolExecutor.runWorker(ThreadPoolExecutor.java:1189)
	at org.apache.tomcat.util.threads.ThreadPoolExecutor$Worker.run(ThreadPoolExecutor.java:658)
	at org.apache.tomcat.util.threads.TaskThread$WrappingRunnable.run(TaskThread.java:63)
	at java.base/java.lang.Thread.run(Thread.java:840)
2025-07-18 00:26:53.692 [http-nio-8080-exec-3] ERROR c.k.t.exception.GlobalExceptionHandler-程序出错了喵~
org.springframework.web.bind.MissingServletRequestParameterException: Required request parameter 'id' for method parameter type Integer is not present
	at org.springframework.web.method.annotation.RequestParamMethodArgumentResolver.handleMissingValueInternal(RequestParamMethodArgumentResolver.java:220)
	at org.springframework.web.method.annotation.RequestParamMethodArgumentResolver.handleMissingValue(RequestParamMethodArgumentResolver.java:196)
	at org.springframework.web.method.annotation.AbstractNamedValueMethodArgumentResolver.resolveArgument(AbstractNamedValueMethodArgumentResolver.java:125)
	at org.springframework.web.method.support.HandlerMethodArgumentResolverComposite.resolveArgument(HandlerMethodArgumentResolverComposite.java:122)
	at org.springframework.web.method.support.InvocableHandlerMethod.getMethodArgumentValues(InvocableHandlerMethod.java:227)
	at org.springframework.web.method.support.InvocableHandlerMethod.invokeForRequest(InvocableHandlerMethod.java:181)
	at org.springframework.web.servlet.mvc.method.annotation.ServletInvocableHandlerMethod.invokeAndHandle(ServletInvocableHandlerMethod.java:118)
	at org.springframework.web.servlet.mvc.method.annotation.RequestMappingHandlerAdapter.invokeHandlerMethod(RequestMappingHandlerAdapter.java:986)
	at org.springframework.web.servlet.mvc.method.annotation.RequestMappingHandlerAdapter.handleInternal(RequestMappingHandlerAdapter.java:891)
	at org.springframework.web.servlet.mvc.method.AbstractHandlerMethodAdapter.handle(AbstractHandlerMethodAdapter.java:87)
	at org.springframework.web.servlet.DispatcherServlet.doDispatch(DispatcherServlet.java:1089)
	at org.springframework.web.servlet.DispatcherServlet.doService(DispatcherServlet.java:979)
	at org.springframework.web.servlet.FrameworkServlet.processRequest(FrameworkServlet.java:1014)
	at org.springframework.web.servlet.FrameworkServlet.doDelete(FrameworkServlet.java:936)
	at jakarta.servlet.http.HttpServlet.service(HttpServlet.java:596)
	at org.springframework.web.servlet.FrameworkServlet.service(FrameworkServlet.java:885)
	at jakarta.servlet.http.HttpServlet.service(HttpServlet.java:658)
	at org.apache.catalina.core.ApplicationFilterChain.internalDoFilter(ApplicationFilterChain.java:195)
	at org.apache.catalina.core.ApplicationFilterChain.doFilter(ApplicationFilterChain.java:140)
	at org.apache.tomcat.websocket.server.WsFilter.doFilter(WsFilter.java:51)
	at org.apache.catalina.core.ApplicationFilterChain.internalDoFilter(ApplicationFilterChain.java:164)
	at org.apache.catalina.core.ApplicationFilterChain.doFilter(ApplicationFilterChain.java:140)
	at org.springframework.web.filter.RequestContextFilter.doFilterInternal(RequestContextFilter.java:100)
	at org.springframework.web.filter.OncePerRequestFilter.doFilter(OncePerRequestFilter.java:116)
	at org.apache.catalina.core.ApplicationFilterChain.internalDoFilter(ApplicationFilterChain.java:164)
	at org.apache.catalina.core.ApplicationFilterChain.doFilter(ApplicationFilterChain.java:140)
	at org.springframework.web.filter.FormContentFilter.doFilterInternal(FormContentFilter.java:93)
	at org.springframework.web.filter.OncePerRequestFilter.doFilter(OncePerRequestFilter.java:116)
	at org.apache.catalina.core.ApplicationFilterChain.internalDoFilter(ApplicationFilterChain.java:164)
	at org.apache.catalina.core.ApplicationFilterChain.doFilter(ApplicationFilterChain.java:140)
	at org.springframework.web.filter.ServerHttpObservationFilter.doFilterInternal(ServerHttpObservationFilter.java:114)
	at org.springframework.web.filter.OncePerRequestFilter.doFilter(OncePerRequestFilter.java:116)
	at org.apache.catalina.core.ApplicationFilterChain.internalDoFilter(ApplicationFilterChain.java:164)
	at org.apache.catalina.core.ApplicationFilterChain.doFilter(ApplicationFilterChain.java:140)
	at org.springframework.web.filter.CharacterEncodingFilter.doFilterInternal(CharacterEncodingFilter.java:201)
	at org.springframework.web.filter.OncePerRequestFilter.doFilter(OncePerRequestFilter.java:116)
	at org.apache.catalina.core.ApplicationFilterChain.internalDoFilter(ApplicationFilterChain.java:164)
	at org.apache.catalina.core.ApplicationFilterChain.doFilter(ApplicationFilterChain.java:140)
	at org.apache.catalina.core.StandardWrapperValve.invoke(StandardWrapperValve.java:167)
	at org.apache.catalina.core.StandardContextValve.invoke(StandardContextValve.java:90)
	at org.apache.catalina.authenticator.AuthenticatorBase.invoke(AuthenticatorBase.java:483)
	at org.apache.catalina.core.StandardHostValve.invoke(StandardHostValve.java:116)
	at org.apache.catalina.valves.ErrorReportValve.invoke(ErrorReportValve.java:93)
	at org.apache.catalina.core.StandardEngineValve.invoke(StandardEngineValve.java:74)
	at org.apache.catalina.connector.CoyoteAdapter.service(CoyoteAdapter.java:344)
	at org.apache.coyote.http11.Http11Processor.service(Http11Processor.java:398)
	at org.apache.coyote.AbstractProcessorLight.process(AbstractProcessorLight.java:63)
	at org.apache.coyote.AbstractProtocol$ConnectionHandler.process(AbstractProtocol.java:903)
	at org.apache.tomcat.util.net.NioEndpoint$SocketProcessor.doRun(NioEndpoint.java:1740)
	at org.apache.tomcat.util.net.SocketProcessorBase.run(SocketProcessorBase.java:52)
	at org.apache.tomcat.util.threads.ThreadPoolExecutor.runWorker(ThreadPoolExecutor.java:1189)
	at org.apache.tomcat.util.threads.ThreadPoolExecutor$Worker.run(ThreadPoolExecutor.java:658)
	at org.apache.tomcat.util.threads.TaskThread$WrappingRunnable.run(TaskThread.java:63)
	at java.base/java.lang.Thread.run(Thread.java:840)
2025-07-18 00:28:53.269 [http-nio-8080-exec-4] INFO  c.k.tliaswebmanagement1.controller.DeptController-查询全部乐队数据
2025-07-18 00:28:53.269 [http-nio-8080-exec-4] INFO  com.kei.tliaswebmanagement1.aop.RecordTimeAspect-before
2025-07-18 00:28:53.271 [http-nio-8080-exec-4] INFO  com.kei.tliaswebmanagement1.aop.RecordTimeAspect-目标对象：com.kei.tliaswebmanagement1.service.Impl.DeptServiceImpl@48a8110a
2025-07-18 00:28:53.271 [http-nio-8080-exec-4] INFO  com.kei.tliaswebmanagement1.aop.RecordTimeAspect-目标类：com.kei.tliaswebmanagement1.service.Impl.DeptServiceImpl
2025-07-18 00:28:53.271 [http-nio-8080-exec-4] INFO  com.kei.tliaswebmanagement1.aop.RecordTimeAspect-目标方法：findAll
2025-07-18 00:28:53.271 [http-nio-8080-exec-4] INFO  com.kei.tliaswebmanagement1.aop.RecordTimeAspect-目标方法参数：{}
2025-07-18 00:29:12.928 [http-nio-8080-exec-5] ERROR c.k.t.exception.GlobalExceptionHandler-程序出错了喵~
org.springframework.web.bind.MissingServletRequestParameterException: Required request parameter 'id' for method parameter type Integer is not present
	at org.springframework.web.method.annotation.RequestParamMethodArgumentResolver.handleMissingValueInternal(RequestParamMethodArgumentResolver.java:220)
	at org.springframework.web.method.annotation.RequestParamMethodArgumentResolver.handleMissingValue(RequestParamMethodArgumentResolver.java:196)
	at org.springframework.web.method.annotation.AbstractNamedValueMethodArgumentResolver.resolveArgument(AbstractNamedValueMethodArgumentResolver.java:125)
	at org.springframework.web.method.support.HandlerMethodArgumentResolverComposite.resolveArgument(HandlerMethodArgumentResolverComposite.java:122)
	at org.springframework.web.method.support.InvocableHandlerMethod.getMethodArgumentValues(InvocableHandlerMethod.java:227)
	at org.springframework.web.method.support.InvocableHandlerMethod.invokeForRequest(InvocableHandlerMethod.java:181)
	at org.springframework.web.servlet.mvc.method.annotation.ServletInvocableHandlerMethod.invokeAndHandle(ServletInvocableHandlerMethod.java:118)
	at org.springframework.web.servlet.mvc.method.annotation.RequestMappingHandlerAdapter.invokeHandlerMethod(RequestMappingHandlerAdapter.java:986)
	at org.springframework.web.servlet.mvc.method.annotation.RequestMappingHandlerAdapter.handleInternal(RequestMappingHandlerAdapter.java:891)
	at org.springframework.web.servlet.mvc.method.AbstractHandlerMethodAdapter.handle(AbstractHandlerMethodAdapter.java:87)
	at org.springframework.web.servlet.DispatcherServlet.doDispatch(DispatcherServlet.java:1089)
	at org.springframework.web.servlet.DispatcherServlet.doService(DispatcherServlet.java:979)
	at org.springframework.web.servlet.FrameworkServlet.processRequest(FrameworkServlet.java:1014)
	at org.springframework.web.servlet.FrameworkServlet.doDelete(FrameworkServlet.java:936)
	at jakarta.servlet.http.HttpServlet.service(HttpServlet.java:596)
	at org.springframework.web.servlet.FrameworkServlet.service(FrameworkServlet.java:885)
	at jakarta.servlet.http.HttpServlet.service(HttpServlet.java:658)
	at org.apache.catalina.core.ApplicationFilterChain.internalDoFilter(ApplicationFilterChain.java:195)
	at org.apache.catalina.core.ApplicationFilterChain.doFilter(ApplicationFilterChain.java:140)
	at org.apache.tomcat.websocket.server.WsFilter.doFilter(WsFilter.java:51)
	at org.apache.catalina.core.ApplicationFilterChain.internalDoFilter(ApplicationFilterChain.java:164)
	at org.apache.catalina.core.ApplicationFilterChain.doFilter(ApplicationFilterChain.java:140)
	at org.springframework.web.filter.RequestContextFilter.doFilterInternal(RequestContextFilter.java:100)
	at org.springframework.web.filter.OncePerRequestFilter.doFilter(OncePerRequestFilter.java:116)
	at org.apache.catalina.core.ApplicationFilterChain.internalDoFilter(ApplicationFilterChain.java:164)
	at org.apache.catalina.core.ApplicationFilterChain.doFilter(ApplicationFilterChain.java:140)
	at org.springframework.web.filter.FormContentFilter.doFilterInternal(FormContentFilter.java:93)
	at org.springframework.web.filter.OncePerRequestFilter.doFilter(OncePerRequestFilter.java:116)
	at org.apache.catalina.core.ApplicationFilterChain.internalDoFilter(ApplicationFilterChain.java:164)
	at org.apache.catalina.core.ApplicationFilterChain.doFilter(ApplicationFilterChain.java:140)
	at org.springframework.web.filter.ServerHttpObservationFilter.doFilterInternal(ServerHttpObservationFilter.java:114)
	at org.springframework.web.filter.OncePerRequestFilter.doFilter(OncePerRequestFilter.java:116)
	at org.apache.catalina.core.ApplicationFilterChain.internalDoFilter(ApplicationFilterChain.java:164)
	at org.apache.catalina.core.ApplicationFilterChain.doFilter(ApplicationFilterChain.java:140)
	at org.springframework.web.filter.CharacterEncodingFilter.doFilterInternal(CharacterEncodingFilter.java:201)
	at org.springframework.web.filter.OncePerRequestFilter.doFilter(OncePerRequestFilter.java:116)
	at org.apache.catalina.core.ApplicationFilterChain.internalDoFilter(ApplicationFilterChain.java:164)
	at org.apache.catalina.core.ApplicationFilterChain.doFilter(ApplicationFilterChain.java:140)
	at org.apache.catalina.core.StandardWrapperValve.invoke(StandardWrapperValve.java:167)
	at org.apache.catalina.core.StandardContextValve.invoke(StandardContextValve.java:90)
	at org.apache.catalina.authenticator.AuthenticatorBase.invoke(AuthenticatorBase.java:483)
	at org.apache.catalina.core.StandardHostValve.invoke(StandardHostValve.java:116)
	at org.apache.catalina.valves.ErrorReportValve.invoke(ErrorReportValve.java:93)
	at org.apache.catalina.core.StandardEngineValve.invoke(StandardEngineValve.java:74)
	at org.apache.catalina.connector.CoyoteAdapter.service(CoyoteAdapter.java:344)
	at org.apache.coyote.http11.Http11Processor.service(Http11Processor.java:398)
	at org.apache.coyote.AbstractProcessorLight.process(AbstractProcessorLight.java:63)
	at org.apache.coyote.AbstractProtocol$ConnectionHandler.process(AbstractProtocol.java:903)
	at org.apache.tomcat.util.net.NioEndpoint$SocketProcessor.doRun(NioEndpoint.java:1740)
	at org.apache.tomcat.util.net.SocketProcessorBase.run(SocketProcessorBase.java:52)
	at org.apache.tomcat.util.threads.ThreadPoolExecutor.runWorker(ThreadPoolExecutor.java:1189)
	at org.apache.tomcat.util.threads.ThreadPoolExecutor$Worker.run(ThreadPoolExecutor.java:658)
	at org.apache.tomcat.util.threads.TaskThread$WrappingRunnable.run(TaskThread.java:63)
	at java.base/java.lang.Thread.run(Thread.java:840)
2025-07-18 00:30:38.154 [http-nio-8080-exec-7] INFO  c.k.tliaswebmanagement1.controller.DeptController-根据id删除乐队数据：16
2025-07-18 00:30:38.175 [http-nio-8080-exec-7] INFO  com.kei.tliaswebmanagement1.aop.RecordTimeAspect-before
2025-07-18 00:30:38.175 [http-nio-8080-exec-7] INFO  com.kei.tliaswebmanagement1.aop.RecordTimeAspect-目标对象：com.kei.tliaswebmanagement1.service.Impl.DeptServiceImpl@48a8110a
2025-07-18 00:30:38.175 [http-nio-8080-exec-7] INFO  com.kei.tliaswebmanagement1.aop.RecordTimeAspect-目标类：com.kei.tliaswebmanagement1.service.Impl.DeptServiceImpl
2025-07-18 00:30:38.175 [http-nio-8080-exec-7] INFO  com.kei.tliaswebmanagement1.aop.RecordTimeAspect-目标方法：deleteById
2025-07-18 00:30:38.175 [http-nio-8080-exec-7] INFO  com.kei.tliaswebmanagement1.aop.RecordTimeAspect-目标方法参数：16
2025-07-18 00:30:38.336 [http-nio-8080-exec-7] INFO  com.kei.tliaswebmanagement1.aop.OperateLogAspect-operateLog:OperateLog{id=null, operateEmpId=null, operateTime=2025-07-18T00:30:38.335745400, className='com.kei.tliaswebmanagement1.controller.DeptController', methodName='deleteById', methodParams='[Ljava.lang.Object;@3ccc2d4e', returnValue='Result(code=1, msg=success, data=null)', costTime=157}
2025-07-18 00:30:44.321 [http-nio-8080-exec-8] INFO  c.k.tliaswebmanagement1.controller.DeptController-查询全部乐队数据
2025-07-18 00:30:44.322 [http-nio-8080-exec-8] INFO  com.kei.tliaswebmanagement1.aop.RecordTimeAspect-before
2025-07-18 00:30:44.322 [http-nio-8080-exec-8] INFO  com.kei.tliaswebmanagement1.aop.RecordTimeAspect-目标对象：com.kei.tliaswebmanagement1.service.Impl.DeptServiceImpl@48a8110a
2025-07-18 00:30:44.322 [http-nio-8080-exec-8] INFO  com.kei.tliaswebmanagement1.aop.RecordTimeAspect-目标类：com.kei.tliaswebmanagement1.service.Impl.DeptServiceImpl
2025-07-18 00:30:44.322 [http-nio-8080-exec-8] INFO  com.kei.tliaswebmanagement1.aop.RecordTimeAspect-目标方法：findAll
2025-07-18 00:30:44.322 [http-nio-8080-exec-8] INFO  com.kei.tliaswebmanagement1.aop.RecordTimeAspect-目标方法参数：{}
2025-07-18 00:31:20.693 [http-nio-8080-exec-9] INFO  c.k.tliaswebmanagement1.controller.DeptController-查询全部乐队数据
2025-07-18 00:31:20.693 [http-nio-8080-exec-9] INFO  com.kei.tliaswebmanagement1.aop.RecordTimeAspect-before
2025-07-18 00:31:20.694 [http-nio-8080-exec-9] INFO  com.kei.tliaswebmanagement1.aop.RecordTimeAspect-目标对象：com.kei.tliaswebmanagement1.service.Impl.DeptServiceImpl@48a8110a
2025-07-18 00:31:20.694 [http-nio-8080-exec-9] INFO  com.kei.tliaswebmanagement1.aop.RecordTimeAspect-目标类：com.kei.tliaswebmanagement1.service.Impl.DeptServiceImpl
2025-07-18 00:31:20.694 [http-nio-8080-exec-9] INFO  com.kei.tliaswebmanagement1.aop.RecordTimeAspect-目标方法：findAll
2025-07-18 00:31:20.694 [http-nio-8080-exec-9] INFO  com.kei.tliaswebmanagement1.aop.RecordTimeAspect-目标方法参数：{}
2025-07-18 00:31:23.713 [http-nio-8080-exec-10] ERROR c.k.t.exception.GlobalExceptionHandler-程序出错了喵~
org.springframework.web.bind.MissingServletRequestParameterException: Required request parameter 'id' for method parameter type Integer is not present
	at org.springframework.web.method.annotation.RequestParamMethodArgumentResolver.handleMissingValueInternal(RequestParamMethodArgumentResolver.java:220)
	at org.springframework.web.method.annotation.RequestParamMethodArgumentResolver.handleMissingValue(RequestParamMethodArgumentResolver.java:196)
	at org.springframework.web.method.annotation.AbstractNamedValueMethodArgumentResolver.resolveArgument(AbstractNamedValueMethodArgumentResolver.java:125)
	at org.springframework.web.method.support.HandlerMethodArgumentResolverComposite.resolveArgument(HandlerMethodArgumentResolverComposite.java:122)
	at org.springframework.web.method.support.InvocableHandlerMethod.getMethodArgumentValues(InvocableHandlerMethod.java:227)
	at org.springframework.web.method.support.InvocableHandlerMethod.invokeForRequest(InvocableHandlerMethod.java:181)
	at org.springframework.web.servlet.mvc.method.annotation.ServletInvocableHandlerMethod.invokeAndHandle(ServletInvocableHandlerMethod.java:118)
	at org.springframework.web.servlet.mvc.method.annotation.RequestMappingHandlerAdapter.invokeHandlerMethod(RequestMappingHandlerAdapter.java:986)
	at org.springframework.web.servlet.mvc.method.annotation.RequestMappingHandlerAdapter.handleInternal(RequestMappingHandlerAdapter.java:891)
	at org.springframework.web.servlet.mvc.method.AbstractHandlerMethodAdapter.handle(AbstractHandlerMethodAdapter.java:87)
	at org.springframework.web.servlet.DispatcherServlet.doDispatch(DispatcherServlet.java:1089)
	at org.springframework.web.servlet.DispatcherServlet.doService(DispatcherServlet.java:979)
	at org.springframework.web.servlet.FrameworkServlet.processRequest(FrameworkServlet.java:1014)
	at org.springframework.web.servlet.FrameworkServlet.doDelete(FrameworkServlet.java:936)
	at jakarta.servlet.http.HttpServlet.service(HttpServlet.java:596)
	at org.springframework.web.servlet.FrameworkServlet.service(FrameworkServlet.java:885)
	at jakarta.servlet.http.HttpServlet.service(HttpServlet.java:658)
	at org.apache.catalina.core.ApplicationFilterChain.internalDoFilter(ApplicationFilterChain.java:195)
	at org.apache.catalina.core.ApplicationFilterChain.doFilter(ApplicationFilterChain.java:140)
	at org.apache.tomcat.websocket.server.WsFilter.doFilter(WsFilter.java:51)
	at org.apache.catalina.core.ApplicationFilterChain.internalDoFilter(ApplicationFilterChain.java:164)
	at org.apache.catalina.core.ApplicationFilterChain.doFilter(ApplicationFilterChain.java:140)
	at org.springframework.web.filter.RequestContextFilter.doFilterInternal(RequestContextFilter.java:100)
	at org.springframework.web.filter.OncePerRequestFilter.doFilter(OncePerRequestFilter.java:116)
	at org.apache.catalina.core.ApplicationFilterChain.internalDoFilter(ApplicationFilterChain.java:164)
	at org.apache.catalina.core.ApplicationFilterChain.doFilter(ApplicationFilterChain.java:140)
	at org.springframework.web.filter.FormContentFilter.doFilterInternal(FormContentFilter.java:93)
	at org.springframework.web.filter.OncePerRequestFilter.doFilter(OncePerRequestFilter.java:116)
	at org.apache.catalina.core.ApplicationFilterChain.internalDoFilter(ApplicationFilterChain.java:164)
	at org.apache.catalina.core.ApplicationFilterChain.doFilter(ApplicationFilterChain.java:140)
	at org.springframework.web.filter.ServerHttpObservationFilter.doFilterInternal(ServerHttpObservationFilter.java:114)
	at org.springframework.web.filter.OncePerRequestFilter.doFilter(OncePerRequestFilter.java:116)
	at org.apache.catalina.core.ApplicationFilterChain.internalDoFilter(ApplicationFilterChain.java:164)
	at org.apache.catalina.core.ApplicationFilterChain.doFilter(ApplicationFilterChain.java:140)
	at org.springframework.web.filter.CharacterEncodingFilter.doFilterInternal(CharacterEncodingFilter.java:201)
	at org.springframework.web.filter.OncePerRequestFilter.doFilter(OncePerRequestFilter.java:116)
	at org.apache.catalina.core.ApplicationFilterChain.internalDoFilter(ApplicationFilterChain.java:164)
	at org.apache.catalina.core.ApplicationFilterChain.doFilter(ApplicationFilterChain.java:140)
	at org.apache.catalina.core.StandardWrapperValve.invoke(StandardWrapperValve.java:167)
	at org.apache.catalina.core.StandardContextValve.invoke(StandardContextValve.java:90)
	at org.apache.catalina.authenticator.AuthenticatorBase.invoke(AuthenticatorBase.java:483)
	at org.apache.catalina.core.StandardHostValve.invoke(StandardHostValve.java:116)
	at org.apache.catalina.valves.ErrorReportValve.invoke(ErrorReportValve.java:93)
	at org.apache.catalina.core.StandardEngineValve.invoke(StandardEngineValve.java:74)
	at org.apache.catalina.connector.CoyoteAdapter.service(CoyoteAdapter.java:344)
	at org.apache.coyote.http11.Http11Processor.service(Http11Processor.java:398)
	at org.apache.coyote.AbstractProcessorLight.process(AbstractProcessorLight.java:63)
	at org.apache.coyote.AbstractProtocol$ConnectionHandler.process(AbstractProtocol.java:903)
	at org.apache.tomcat.util.net.NioEndpoint$SocketProcessor.doRun(NioEndpoint.java:1740)
	at org.apache.tomcat.util.net.SocketProcessorBase.run(SocketProcessorBase.java:52)
	at org.apache.tomcat.util.threads.ThreadPoolExecutor.runWorker(ThreadPoolExecutor.java:1189)
	at org.apache.tomcat.util.threads.ThreadPoolExecutor$Worker.run(ThreadPoolExecutor.java:658)
	at org.apache.tomcat.util.threads.TaskThread$WrappingRunnable.run(TaskThread.java:63)
	at java.base/java.lang.Thread.run(Thread.java:840)
2025-07-18 00:33:16.797 [http-nio-8080-exec-2] INFO  c.k.tliaswebmanagement1.controller.DeptController-查询全部乐队数据
2025-07-18 00:33:16.798 [http-nio-8080-exec-2] INFO  com.kei.tliaswebmanagement1.aop.RecordTimeAspect-before
2025-07-18 00:33:16.798 [http-nio-8080-exec-2] INFO  com.kei.tliaswebmanagement1.aop.RecordTimeAspect-目标对象：com.kei.tliaswebmanagement1.service.Impl.DeptServiceImpl@48a8110a
2025-07-18 00:33:16.798 [http-nio-8080-exec-2] INFO  com.kei.tliaswebmanagement1.aop.RecordTimeAspect-目标类：com.kei.tliaswebmanagement1.service.Impl.DeptServiceImpl
2025-07-18 00:33:16.798 [http-nio-8080-exec-2] INFO  com.kei.tliaswebmanagement1.aop.RecordTimeAspect-目标方法：findAll
2025-07-18 00:33:16.798 [http-nio-8080-exec-2] INFO  com.kei.tliaswebmanagement1.aop.RecordTimeAspect-目标方法参数：{}
2025-07-18 00:34:33.238 [http-nio-8080-exec-3] INFO  c.k.tliaswebmanagement1.controller.DeptController-查询全部乐队数据
2025-07-18 00:34:33.238 [http-nio-8080-exec-3] INFO  com.kei.tliaswebmanagement1.aop.RecordTimeAspect-before
2025-07-18 00:34:33.238 [http-nio-8080-exec-3] INFO  com.kei.tliaswebmanagement1.aop.RecordTimeAspect-目标对象：com.kei.tliaswebmanagement1.service.Impl.DeptServiceImpl@48a8110a
2025-07-18 00:34:33.238 [http-nio-8080-exec-3] INFO  com.kei.tliaswebmanagement1.aop.RecordTimeAspect-目标类：com.kei.tliaswebmanagement1.service.Impl.DeptServiceImpl
2025-07-18 00:34:33.238 [http-nio-8080-exec-3] INFO  com.kei.tliaswebmanagement1.aop.RecordTimeAspect-目标方法：findAll
2025-07-18 00:34:33.239 [http-nio-8080-exec-3] INFO  com.kei.tliaswebmanagement1.aop.RecordTimeAspect-目标方法参数：{}
2025-07-18 00:35:14.474 [http-nio-8080-exec-4] INFO  c.k.tliaswebmanagement1.controller.DeptController-查询全部乐队数据
2025-07-18 00:35:14.474 [http-nio-8080-exec-4] INFO  com.kei.tliaswebmanagement1.aop.RecordTimeAspect-before
2025-07-18 00:35:14.474 [http-nio-8080-exec-4] INFO  com.kei.tliaswebmanagement1.aop.RecordTimeAspect-目标对象：com.kei.tliaswebmanagement1.service.Impl.DeptServiceImpl@48a8110a
2025-07-18 00:35:14.475 [http-nio-8080-exec-4] INFO  com.kei.tliaswebmanagement1.aop.RecordTimeAspect-目标类：com.kei.tliaswebmanagement1.service.Impl.DeptServiceImpl
2025-07-18 00:35:14.475 [http-nio-8080-exec-4] INFO  com.kei.tliaswebmanagement1.aop.RecordTimeAspect-目标方法：findAll
2025-07-18 00:35:14.475 [http-nio-8080-exec-4] INFO  com.kei.tliaswebmanagement1.aop.RecordTimeAspect-目标方法参数：{}
2025-07-18 00:35:18.395 [http-nio-8080-exec-5] INFO  c.k.tliaswebmanagement1.controller.DeptController-根据id删除乐队数据：26
2025-07-18 00:35:18.395 [http-nio-8080-exec-5] INFO  com.kei.tliaswebmanagement1.aop.RecordTimeAspect-before
2025-07-18 00:35:18.395 [http-nio-8080-exec-5] INFO  com.kei.tliaswebmanagement1.aop.RecordTimeAspect-目标对象：com.kei.tliaswebmanagement1.service.Impl.DeptServiceImpl@48a8110a
2025-07-18 00:35:18.395 [http-nio-8080-exec-5] INFO  com.kei.tliaswebmanagement1.aop.RecordTimeAspect-目标类：com.kei.tliaswebmanagement1.service.Impl.DeptServiceImpl
2025-07-18 00:35:18.396 [http-nio-8080-exec-5] INFO  com.kei.tliaswebmanagement1.aop.RecordTimeAspect-目标方法：deleteById
2025-07-18 00:35:18.396 [http-nio-8080-exec-5] INFO  com.kei.tliaswebmanagement1.aop.RecordTimeAspect-目标方法参数：26
2025-07-18 00:35:18.442 [http-nio-8080-exec-5] INFO  com.kei.tliaswebmanagement1.aop.OperateLogAspect-operateLog:OperateLog{id=null, operateEmpId=null, operateTime=2025-07-18T00:35:18.442714900, className='com.kei.tliaswebmanagement1.controller.DeptController', methodName='deleteById', methodParams='[Ljava.lang.Object;@1359c25e', returnValue='Result(code=1, msg=success, data=null)', costTime=47}
2025-07-18 00:35:18.522 [http-nio-8080-exec-6] INFO  c.k.tliaswebmanagement1.controller.DeptController-查询全部乐队数据
2025-07-18 00:35:18.522 [http-nio-8080-exec-6] INFO  com.kei.tliaswebmanagement1.aop.RecordTimeAspect-before
2025-07-18 00:35:18.522 [http-nio-8080-exec-6] INFO  com.kei.tliaswebmanagement1.aop.RecordTimeAspect-目标对象：com.kei.tliaswebmanagement1.service.Impl.DeptServiceImpl@48a8110a
2025-07-18 00:35:18.522 [http-nio-8080-exec-6] INFO  com.kei.tliaswebmanagement1.aop.RecordTimeAspect-目标类：com.kei.tliaswebmanagement1.service.Impl.DeptServiceImpl
2025-07-18 00:35:18.522 [http-nio-8080-exec-6] INFO  com.kei.tliaswebmanagement1.aop.RecordTimeAspect-目标方法：findAll
2025-07-18 00:35:18.522 [http-nio-8080-exec-6] INFO  com.kei.tliaswebmanagement1.aop.RecordTimeAspect-目标方法参数：{}
2025-07-18 00:35:20.979 [http-nio-8080-exec-7] INFO  c.k.tliaswebmanagement1.controller.DeptController-根据id删除乐队数据：27
2025-07-18 00:35:20.979 [http-nio-8080-exec-7] INFO  com.kei.tliaswebmanagement1.aop.RecordTimeAspect-before
2025-07-18 00:35:20.980 [http-nio-8080-exec-7] INFO  com.kei.tliaswebmanagement1.aop.RecordTimeAspect-目标对象：com.kei.tliaswebmanagement1.service.Impl.DeptServiceImpl@48a8110a
2025-07-18 00:35:20.980 [http-nio-8080-exec-7] INFO  com.kei.tliaswebmanagement1.aop.RecordTimeAspect-目标类：com.kei.tliaswebmanagement1.service.Impl.DeptServiceImpl
2025-07-18 00:35:20.980 [http-nio-8080-exec-7] INFO  com.kei.tliaswebmanagement1.aop.RecordTimeAspect-目标方法：deleteById
2025-07-18 00:35:20.980 [http-nio-8080-exec-7] INFO  com.kei.tliaswebmanagement1.aop.RecordTimeAspect-目标方法参数：27
2025-07-18 00:35:21.045 [http-nio-8080-exec-7] INFO  com.kei.tliaswebmanagement1.aop.OperateLogAspect-operateLog:OperateLog{id=null, operateEmpId=null, operateTime=2025-07-18T00:35:21.045771700, className='com.kei.tliaswebmanagement1.controller.DeptController', methodName='deleteById', methodParams='[Ljava.lang.Object;@2cfbf731', returnValue='Result(code=1, msg=success, data=null)', costTime=66}
2025-07-18 00:35:21.144 [http-nio-8080-exec-8] INFO  c.k.tliaswebmanagement1.controller.DeptController-查询全部乐队数据
2025-07-18 00:35:21.144 [http-nio-8080-exec-8] INFO  com.kei.tliaswebmanagement1.aop.RecordTimeAspect-before
2025-07-18 00:35:21.144 [http-nio-8080-exec-8] INFO  com.kei.tliaswebmanagement1.aop.RecordTimeAspect-目标对象：com.kei.tliaswebmanagement1.service.Impl.DeptServiceImpl@48a8110a
2025-07-18 00:35:21.144 [http-nio-8080-exec-8] INFO  com.kei.tliaswebmanagement1.aop.RecordTimeAspect-目标类：com.kei.tliaswebmanagement1.service.Impl.DeptServiceImpl
2025-07-18 00:35:21.144 [http-nio-8080-exec-8] INFO  com.kei.tliaswebmanagement1.aop.RecordTimeAspect-目标方法：findAll
2025-07-18 00:35:21.144 [http-nio-8080-exec-8] INFO  com.kei.tliaswebmanagement1.aop.RecordTimeAspect-目标方法参数：{}
2025-07-18 00:35:23.564 [http-nio-8080-exec-9] INFO  c.k.tliaswebmanagement1.controller.DeptController-根据id删除乐队数据：11
2025-07-18 00:35:23.565 [http-nio-8080-exec-9] INFO  com.kei.tliaswebmanagement1.aop.RecordTimeAspect-before
2025-07-18 00:35:23.565 [http-nio-8080-exec-9] INFO  com.kei.tliaswebmanagement1.aop.RecordTimeAspect-目标对象：com.kei.tliaswebmanagement1.service.Impl.DeptServiceImpl@48a8110a
2025-07-18 00:35:23.565 [http-nio-8080-exec-9] INFO  com.kei.tliaswebmanagement1.aop.RecordTimeAspect-目标类：com.kei.tliaswebmanagement1.service.Impl.DeptServiceImpl
2025-07-18 00:35:23.565 [http-nio-8080-exec-9] INFO  com.kei.tliaswebmanagement1.aop.RecordTimeAspect-目标方法：deleteById
2025-07-18 00:35:23.565 [http-nio-8080-exec-9] INFO  com.kei.tliaswebmanagement1.aop.RecordTimeAspect-目标方法参数：11
2025-07-18 00:35:23.623 [http-nio-8080-exec-9] INFO  com.kei.tliaswebmanagement1.aop.OperateLogAspect-operateLog:OperateLog{id=null, operateEmpId=null, operateTime=2025-07-18T00:35:23.623379100, className='com.kei.tliaswebmanagement1.controller.DeptController', methodName='deleteById', methodParams='[Ljava.lang.Object;@2a6951e0', returnValue='Result(code=1, msg=success, data=null)', costTime=59}
2025-07-18 00:35:23.679 [http-nio-8080-exec-10] INFO  c.k.tliaswebmanagement1.controller.DeptController-查询全部乐队数据
2025-07-18 00:35:23.679 [http-nio-8080-exec-10] INFO  com.kei.tliaswebmanagement1.aop.RecordTimeAspect-before
2025-07-18 00:35:23.679 [http-nio-8080-exec-10] INFO  com.kei.tliaswebmanagement1.aop.RecordTimeAspect-目标对象：com.kei.tliaswebmanagement1.service.Impl.DeptServiceImpl@48a8110a
2025-07-18 00:35:23.679 [http-nio-8080-exec-10] INFO  com.kei.tliaswebmanagement1.aop.RecordTimeAspect-目标类：com.kei.tliaswebmanagement1.service.Impl.DeptServiceImpl
2025-07-18 00:35:23.679 [http-nio-8080-exec-10] INFO  com.kei.tliaswebmanagement1.aop.RecordTimeAspect-目标方法：findAll
2025-07-18 00:35:23.679 [http-nio-8080-exec-10] INFO  com.kei.tliaswebmanagement1.aop.RecordTimeAspect-目标方法参数：{}
2025-07-18 00:35:26.016 [http-nio-8080-exec-1] INFO  c.k.tliaswebmanagement1.controller.DeptController-根据id删除乐队数据：10
2025-07-18 00:35:26.016 [http-nio-8080-exec-1] INFO  com.kei.tliaswebmanagement1.aop.RecordTimeAspect-before
2025-07-18 00:35:26.016 [http-nio-8080-exec-1] INFO  com.kei.tliaswebmanagement1.aop.RecordTimeAspect-目标对象：com.kei.tliaswebmanagement1.service.Impl.DeptServiceImpl@48a8110a
2025-07-18 00:35:26.016 [http-nio-8080-exec-1] INFO  com.kei.tliaswebmanagement1.aop.RecordTimeAspect-目标类：com.kei.tliaswebmanagement1.service.Impl.DeptServiceImpl
2025-07-18 00:35:26.016 [http-nio-8080-exec-1] INFO  com.kei.tliaswebmanagement1.aop.RecordTimeAspect-目标方法：deleteById
2025-07-18 00:35:26.017 [http-nio-8080-exec-1] INFO  com.kei.tliaswebmanagement1.aop.RecordTimeAspect-目标方法参数：10
2025-07-18 00:35:26.084 [http-nio-8080-exec-1] INFO  com.kei.tliaswebmanagement1.aop.OperateLogAspect-operateLog:OperateLog{id=null, operateEmpId=null, operateTime=2025-07-18T00:35:26.084277200, className='com.kei.tliaswebmanagement1.controller.DeptController', methodName='deleteById', methodParams='[Ljava.lang.Object;@cbb380c', returnValue='Result(code=1, msg=success, data=null)', costTime=68}
2025-07-18 00:35:26.138 [http-nio-8080-exec-2] INFO  c.k.tliaswebmanagement1.controller.DeptController-查询全部乐队数据
2025-07-18 00:35:26.139 [http-nio-8080-exec-2] INFO  com.kei.tliaswebmanagement1.aop.RecordTimeAspect-before
2025-07-18 00:35:26.139 [http-nio-8080-exec-2] INFO  com.kei.tliaswebmanagement1.aop.RecordTimeAspect-目标对象：com.kei.tliaswebmanagement1.service.Impl.DeptServiceImpl@48a8110a
2025-07-18 00:35:26.140 [http-nio-8080-exec-2] INFO  com.kei.tliaswebmanagement1.aop.RecordTimeAspect-目标类：com.kei.tliaswebmanagement1.service.Impl.DeptServiceImpl
2025-07-18 00:35:26.140 [http-nio-8080-exec-2] INFO  com.kei.tliaswebmanagement1.aop.RecordTimeAspect-目标方法：findAll
2025-07-18 00:35:26.140 [http-nio-8080-exec-2] INFO  com.kei.tliaswebmanagement1.aop.RecordTimeAspect-目标方法参数：{}
2025-07-18 00:36:30.847 [SpringApplicationShutdownHook] INFO  o.s.boot.web.embedded.tomcat.GracefulShutdown-Commencing graceful shutdown. Waiting for active requests to complete
2025-07-18 00:36:31.365 [tomcat-shutdown] INFO  o.s.boot.web.embedded.tomcat.GracefulShutdown-Graceful shutdown complete
2025-07-18 00:36:31.391 [SpringApplicationShutdownHook] INFO  com.zaxxer.hikari.HikariDataSource-HikariPool-1 - Shutdown initiated...
2025-07-18 00:36:31.450 [SpringApplicationShutdownHook] INFO  com.zaxxer.hikari.HikariDataSource-HikariPool-1 - Shutdown completed.
2025-07-18 16:07:19.243 [main] INFO  c.k.t.TliasWebManagement1Application-Starting TliasWebManagement1Application using Java 17.0.14 with PID 32272 (F:\学习资料\编程\后端开发\kei\tlias-web-management1\target\classes started by hp in F:\学习资料\编程\后端开发\kei\tlias-web-management1)
2025-07-18 16:07:19.270 [main] INFO  c.k.t.TliasWebManagement1Application-No active profile set, falling back to 1 default profile: "default"
2025-07-18 16:07:21.448 [main] INFO  o.s.boot.web.embedded.tomcat.TomcatWebServer-Tomcat initialized with port 8080 (http)
2025-07-18 16:07:21.466 [main] INFO  org.apache.coyote.http11.Http11NioProtocol-Initializing ProtocolHandler ["http-nio-8080"]
2025-07-18 16:07:21.470 [main] INFO  org.apache.catalina.core.StandardService-Starting service [Tomcat]
2025-07-18 16:07:21.470 [main] INFO  org.apache.catalina.core.StandardEngine-Starting Servlet engine: [Apache Tomcat/10.1.40]
2025-07-18 16:07:21.553 [main] INFO  o.a.c.core.ContainerBase.[Tomcat].[localhost].[/]-Initializing Spring embedded WebApplicationContext
2025-07-18 16:07:21.554 [main] INFO  o.s.b.w.s.c.ServletWebServerApplicationContext-Root WebApplicationContext: initialization completed in 2239 ms
2025-07-18 16:07:23.329 [main] INFO  o.s.b.actuate.endpoint.web.EndpointLinksResolver-Exposing 1 endpoint beneath base path '/actuator'
2025-07-18 16:07:23.391 [main] INFO  org.apache.coyote.http11.Http11NioProtocol-Starting ProtocolHandler ["http-nio-8080"]
2025-07-18 16:07:23.408 [main] INFO  o.s.boot.web.embedded.tomcat.TomcatWebServer-Tomcat started on port 8080 (http) with context path '/'
2025-07-18 16:07:23.424 [main] INFO  c.k.t.TliasWebManagement1Application-Started TliasWebManagement1Application in 4.61 seconds (process running for 6.147)
2025-07-18 16:07:23.946 [RMI TCP Connection(4)-192.168.3.75] INFO  o.a.c.core.ContainerBase.[Tomcat].[localhost].[/]-Initializing Spring DispatcherServlet 'dispatcherServlet'
2025-07-18 16:07:23.946 [RMI TCP Connection(4)-192.168.3.75] INFO  org.springframework.web.servlet.DispatcherServlet-Initializing Servlet 'dispatcherServlet'
2025-07-18 16:07:23.947 [RMI TCP Connection(4)-192.168.3.75] INFO  org.springframework.web.servlet.DispatcherServlet-Completed initialization in 1 ms
2025-07-18 16:07:23.951 [RMI TCP Connection(3)-192.168.3.75] INFO  com.zaxxer.hikari.HikariDataSource-HikariPool-1 - Starting...
2025-07-18 16:07:25.523 [RMI TCP Connection(3)-192.168.3.75] INFO  com.zaxxer.hikari.pool.HikariPool-HikariPool-1 - Added connection com.mysql.cj.jdbc.ConnectionImpl@28a1c92f
2025-07-18 16:07:25.526 [RMI TCP Connection(3)-192.168.3.75] INFO  com.zaxxer.hikari.HikariDataSource-HikariPool-1 - Start completed.
2025-07-18 16:09:47.784 [http-nio-8080-exec-1] INFO  c.k.tliaswebmanagement1.controller.DeptController-查询全部乐队数据
2025-07-18 16:09:47.788 [http-nio-8080-exec-1] INFO  com.kei.tliaswebmanagement1.aop.RecordTimeAspect-before
2025-07-18 16:09:47.789 [http-nio-8080-exec-1] INFO  com.kei.tliaswebmanagement1.aop.RecordTimeAspect-目标对象：com.kei.tliaswebmanagement1.service.Impl.DeptServiceImpl@680c715e
2025-07-18 16:09:47.789 [http-nio-8080-exec-1] INFO  com.kei.tliaswebmanagement1.aop.RecordTimeAspect-目标类：com.kei.tliaswebmanagement1.service.Impl.DeptServiceImpl
2025-07-18 16:09:47.792 [http-nio-8080-exec-1] INFO  com.kei.tliaswebmanagement1.aop.RecordTimeAspect-目标方法：findAll
2025-07-18 16:09:47.792 [http-nio-8080-exec-1] INFO  com.kei.tliaswebmanagement1.aop.RecordTimeAspect-目标方法参数：{}
2025-07-18 16:09:49.467 [http-nio-8080-exec-2] INFO  c.k.tliaswebmanagement1.controller.DeptController-查询全部乐队数据
2025-07-18 16:09:49.467 [http-nio-8080-exec-2] INFO  com.kei.tliaswebmanagement1.aop.RecordTimeAspect-before
2025-07-18 16:09:49.467 [http-nio-8080-exec-2] INFO  com.kei.tliaswebmanagement1.aop.RecordTimeAspect-目标对象：com.kei.tliaswebmanagement1.service.Impl.DeptServiceImpl@680c715e
2025-07-18 16:09:49.468 [http-nio-8080-exec-2] INFO  com.kei.tliaswebmanagement1.aop.RecordTimeAspect-目标类：com.kei.tliaswebmanagement1.service.Impl.DeptServiceImpl
2025-07-18 16:09:49.468 [http-nio-8080-exec-2] INFO  com.kei.tliaswebmanagement1.aop.RecordTimeAspect-目标方法：findAll
2025-07-18 16:09:49.468 [http-nio-8080-exec-2] INFO  com.kei.tliaswebmanagement1.aop.RecordTimeAspect-目标方法参数：{}
2025-07-18 16:21:01.163 [http-nio-8080-exec-6] INFO  c.k.tliaswebmanagement1.controller.DeptController-查询全部乐队数据
2025-07-18 16:21:01.164 [http-nio-8080-exec-6] INFO  com.kei.tliaswebmanagement1.aop.RecordTimeAspect-before
2025-07-18 16:21:01.165 [http-nio-8080-exec-6] INFO  com.kei.tliaswebmanagement1.aop.RecordTimeAspect-目标对象：com.kei.tliaswebmanagement1.service.Impl.DeptServiceImpl@680c715e
2025-07-18 16:21:01.165 [http-nio-8080-exec-6] INFO  com.kei.tliaswebmanagement1.aop.RecordTimeAspect-目标类：com.kei.tliaswebmanagement1.service.Impl.DeptServiceImpl
2025-07-18 16:21:01.165 [http-nio-8080-exec-6] INFO  com.kei.tliaswebmanagement1.aop.RecordTimeAspect-目标方法：findAll
2025-07-18 16:21:01.166 [http-nio-8080-exec-6] INFO  com.kei.tliaswebmanagement1.aop.RecordTimeAspect-目标方法参数：{}
2025-07-18 21:15:20.333 [SpringApplicationShutdownHook] INFO  o.s.boot.web.embedded.tomcat.GracefulShutdown-Commencing graceful shutdown. Waiting for active requests to complete
2025-07-18 21:15:22.119 [tomcat-shutdown] INFO  o.s.boot.web.embedded.tomcat.GracefulShutdown-Graceful shutdown complete
2025-07-18 21:15:22.159 [SpringApplicationShutdownHook] INFO  com.zaxxer.hikari.HikariDataSource-HikariPool-1 - Shutdown initiated...
2025-07-18 21:15:22.172 [SpringApplicationShutdownHook] INFO  com.zaxxer.hikari.HikariDataSource-HikariPool-1 - Shutdown completed.
2025-07-18 21:15:29.060 [main] INFO  c.k.t.TliasWebManagement1Application-Starting TliasWebManagement1Application using Java 17.0.14 with PID 33540 (F:\学习资料\编程\后端开发\kei\tlias-web-management1\target\classes started by hp in F:\学习资料\编程\后端开发\kei\tlias-web-management1)
2025-07-18 21:15:29.063 [main] INFO  c.k.t.TliasWebManagement1Application-No active profile set, falling back to 1 default profile: "default"
2025-07-18 21:15:41.592 [main] INFO  o.s.boot.web.embedded.tomcat.TomcatWebServer-Tomcat initialized with port 8080 (http)
2025-07-18 21:15:41.642 [main] INFO  org.apache.coyote.http11.Http11NioProtocol-Initializing ProtocolHandler ["http-nio-8080"]
2025-07-18 21:15:41.649 [main] INFO  org.apache.catalina.core.StandardService-Starting service [Tomcat]
2025-07-18 21:15:41.650 [main] INFO  org.apache.catalina.core.StandardEngine-Starting Servlet engine: [Apache Tomcat/10.1.40]
2025-07-18 21:15:41.880 [main] INFO  o.a.c.core.ContainerBase.[Tomcat].[localhost].[/]-Initializing Spring embedded WebApplicationContext
2025-07-18 21:15:41.881 [main] INFO  o.s.b.w.s.c.ServletWebServerApplicationContext-Root WebApplicationContext: initialization completed in 12750 ms
2025-07-18 21:15:46.446 [main] INFO  o.s.b.actuate.endpoint.web.EndpointLinksResolver-Exposing 1 endpoint beneath base path '/actuator'
2025-07-18 21:15:46.663 [main] INFO  org.apache.coyote.http11.Http11NioProtocol-Starting ProtocolHandler ["http-nio-8080"]
2025-07-18 21:15:46.708 [main] INFO  o.s.boot.web.embedded.tomcat.TomcatWebServer-Tomcat started on port 8080 (http) with context path '/'
2025-07-18 21:15:46.743 [main] INFO  c.k.t.TliasWebManagement1Application-Started TliasWebManagement1Application in 18.585 seconds (process running for 20.495)
2025-07-18 21:15:47.161 [RMI TCP Connection(1)-192.168.3.75] INFO  o.a.c.core.ContainerBase.[Tomcat].[localhost].[/]-Initializing Spring DispatcherServlet 'dispatcherServlet'
2025-07-18 21:15:47.163 [RMI TCP Connection(1)-192.168.3.75] INFO  org.springframework.web.servlet.DispatcherServlet-Initializing Servlet 'dispatcherServlet'
2025-07-18 21:15:47.169 [RMI TCP Connection(2)-192.168.3.75] INFO  com.zaxxer.hikari.HikariDataSource-HikariPool-1 - Starting...
2025-07-18 21:15:47.177 [RMI TCP Connection(1)-192.168.3.75] INFO  org.springframework.web.servlet.DispatcherServlet-Completed initialization in 2 ms
2025-07-18 21:15:48.188 [RMI TCP Connection(2)-192.168.3.75] INFO  com.zaxxer.hikari.pool.HikariPool-HikariPool-1 - Added connection com.mysql.cj.jdbc.ConnectionImpl@7cbdd688
2025-07-18 21:15:48.199 [RMI TCP Connection(2)-192.168.3.75] INFO  com.zaxxer.hikari.HikariDataSource-HikariPool-1 - Start completed.
2025-07-18 21:50:34.565 [http-nio-8080-exec-1] INFO  c.k.tliaswebmanagement1.controller.DeptController-查询全部乐队数据
2025-07-18 21:50:34.575 [http-nio-8080-exec-1] INFO  com.kei.tliaswebmanagement1.aop.RecordTimeAspect-before
2025-07-18 21:50:34.576 [http-nio-8080-exec-1] INFO  com.kei.tliaswebmanagement1.aop.RecordTimeAspect-目标对象：com.kei.tliaswebmanagement1.service.Impl.DeptServiceImpl@37910727
2025-07-18 21:50:34.577 [http-nio-8080-exec-1] INFO  com.kei.tliaswebmanagement1.aop.RecordTimeAspect-目标类：com.kei.tliaswebmanagement1.service.Impl.DeptServiceImpl
2025-07-18 21:50:34.580 [http-nio-8080-exec-1] INFO  com.kei.tliaswebmanagement1.aop.RecordTimeAspect-目标方法：findAll
2025-07-18 21:50:34.580 [http-nio-8080-exec-1] INFO  com.kei.tliaswebmanagement1.aop.RecordTimeAspect-目标方法参数：{}
2025-07-18 21:50:35.506 [http-nio-8080-exec-2] INFO  c.k.tliaswebmanagement1.controller.DeptController-查询全部乐队数据
2025-07-18 21:50:35.507 [http-nio-8080-exec-2] INFO  com.kei.tliaswebmanagement1.aop.RecordTimeAspect-before
2025-07-18 21:50:35.507 [http-nio-8080-exec-2] INFO  com.kei.tliaswebmanagement1.aop.RecordTimeAspect-目标对象：com.kei.tliaswebmanagement1.service.Impl.DeptServiceImpl@37910727
2025-07-18 21:50:35.507 [http-nio-8080-exec-2] INFO  com.kei.tliaswebmanagement1.aop.RecordTimeAspect-目标类：com.kei.tliaswebmanagement1.service.Impl.DeptServiceImpl
2025-07-18 21:50:35.507 [http-nio-8080-exec-2] INFO  com.kei.tliaswebmanagement1.aop.RecordTimeAspect-目标方法：findAll
2025-07-18 21:50:35.507 [http-nio-8080-exec-2] INFO  com.kei.tliaswebmanagement1.aop.RecordTimeAspect-目标方法参数：{}
2025-07-18 22:45:15.317 [SpringApplicationShutdownHook] INFO  o.s.boot.web.embedded.tomcat.GracefulShutdown-Commencing graceful shutdown. Waiting for active requests to complete
2025-07-18 22:45:15.945 [tomcat-shutdown] INFO  o.s.boot.web.embedded.tomcat.GracefulShutdown-Graceful shutdown complete
2025-07-18 22:45:15.961 [SpringApplicationShutdownHook] INFO  com.zaxxer.hikari.HikariDataSource-HikariPool-1 - Shutdown initiated...
2025-07-18 22:45:15.967 [SpringApplicationShutdownHook] INFO  com.zaxxer.hikari.HikariDataSource-HikariPool-1 - Shutdown completed.
