2025-07-17 23:16:29.582 [main] INFO  c.k.t.TliasWebManagement1Application-Starting TliasWebManagement1Application using Java 17.0.14 with PID 4500 (F:\学习资料\编程\后端开发\kei\tlias-web-management1\target\classes started by hp in F:\学习资料\编程\后端开发\kei\tlias-web-management1)
2025-07-17 23:16:29.586 [main] INFO  c.k.t.TliasWebManagement1Application-No active profile set, falling back to 1 default profile: "default"
2025-07-17 23:16:32.348 [main] INFO  o.s.boot.web.embedded.tomcat.TomcatWebServer-Tomcat initialized with port 8080 (http)
2025-07-17 23:16:32.364 [main] INFO  org.apache.coyote.http11.Http11NioProtocol-Initializing ProtocolHandler ["http-nio-8080"]
2025-07-17 23:16:32.366 [main] INFO  org.apache.catalina.core.StandardService-Starting service [Tomcat]
2025-07-17 23:16:32.366 [main] INFO  org.apache.catalina.core.StandardEngine-Starting Servlet engine: [Apache Tomcat/10.1.40]
2025-07-17 23:16:32.450 [main] INFO  o.a.c.core.ContainerBase.[Tomcat].[localhost].[/]-Initializing Spring embedded WebApplicationContext
2025-07-17 23:16:32.450 [main] INFO  o.s.b.w.s.c.ServletWebServerApplicationContext-Root WebApplicationContext: initialization completed in 2776 ms
2025-07-17 23:16:34.130 [main] INFO  o.s.b.actuate.endpoint.web.EndpointLinksResolver-Exposing 1 endpoint beneath base path '/actuator'
2025-07-17 23:16:34.194 [main] INFO  org.apache.coyote.http11.Http11NioProtocol-Starting ProtocolHandler ["http-nio-8080"]
2025-07-17 23:16:34.211 [main] INFO  o.s.boot.web.embedded.tomcat.TomcatWebServer-Tomcat started on port 8080 (http) with context path '/'
2025-07-17 23:16:34.228 [main] INFO  c.k.t.TliasWebManagement1Application-Started TliasWebManagement1Application in 5.384 seconds (process running for 7.468)
2025-07-17 23:16:34.988 [RMI TCP Connection(7)-192.168.3.75] INFO  o.a.c.core.ContainerBase.[Tomcat].[localhost].[/]-Initializing Spring DispatcherServlet 'dispatcherServlet'
2025-07-17 23:16:34.988 [RMI TCP Connection(7)-192.168.3.75] INFO  org.springframework.web.servlet.DispatcherServlet-Initializing Servlet 'dispatcherServlet'
2025-07-17 23:16:34.990 [RMI TCP Connection(7)-192.168.3.75] INFO  org.springframework.web.servlet.DispatcherServlet-Completed initialization in 2 ms
2025-07-17 23:16:34.991 [RMI TCP Connection(6)-192.168.3.75] INFO  com.zaxxer.hikari.HikariDataSource-HikariPool-1 - Starting...
2025-07-17 23:16:37.004 [RMI TCP Connection(6)-192.168.3.75] INFO  com.zaxxer.hikari.pool.HikariPool-HikariPool-1 - Added connection com.mysql.cj.jdbc.ConnectionImpl@289e4676
2025-07-17 23:16:37.010 [RMI TCP Connection(6)-192.168.3.75] INFO  com.zaxxer.hikari.HikariDataSource-HikariPool-1 - Start completed.
2025-07-17 23:18:47.723 [http-nio-8080-exec-1] INFO  c.k.tliaswebmanagement1.controller.DeptController-查询全部乐队数据
2025-07-17 23:18:47.726 [http-nio-8080-exec-1] INFO  com.kei.tliaswebmanagement1.aop.RecordTimeAspect-before
2025-07-17 23:18:47.726 [http-nio-8080-exec-1] INFO  com.kei.tliaswebmanagement1.aop.RecordTimeAspect-目标对象：com.kei.tliaswebmanagement1.service.Impl.DeptServiceImpl@7aa79607
2025-07-17 23:18:47.726 [http-nio-8080-exec-1] INFO  com.kei.tliaswebmanagement1.aop.RecordTimeAspect-目标类：com.kei.tliaswebmanagement1.service.Impl.DeptServiceImpl
2025-07-17 23:18:47.727 [http-nio-8080-exec-1] INFO  com.kei.tliaswebmanagement1.aop.RecordTimeAspect-目标方法：findAll
2025-07-17 23:18:47.728 [http-nio-8080-exec-1] INFO  com.kei.tliaswebmanagement1.aop.RecordTimeAspect-目标方法参数：{}
2025-07-17 23:19:00.420 [http-nio-8080-exec-2] INFO  c.k.tliaswebmanagement1.controller.DeptController-查询全部乐队数据
2025-07-17 23:19:00.421 [http-nio-8080-exec-2] INFO  com.kei.tliaswebmanagement1.aop.RecordTimeAspect-before
2025-07-17 23:19:00.421 [http-nio-8080-exec-2] INFO  com.kei.tliaswebmanagement1.aop.RecordTimeAspect-目标对象：com.kei.tliaswebmanagement1.service.Impl.DeptServiceImpl@7aa79607
2025-07-17 23:19:00.421 [http-nio-8080-exec-2] INFO  com.kei.tliaswebmanagement1.aop.RecordTimeAspect-目标类：com.kei.tliaswebmanagement1.service.Impl.DeptServiceImpl
2025-07-17 23:19:00.421 [http-nio-8080-exec-2] INFO  com.kei.tliaswebmanagement1.aop.RecordTimeAspect-目标方法：findAll
2025-07-17 23:19:00.421 [http-nio-8080-exec-2] INFO  com.kei.tliaswebmanagement1.aop.RecordTimeAspect-目标方法参数：{}
2025-07-17 23:20:37.783 [http-nio-8080-exec-5] INFO  c.k.tliaswebmanagement1.controller.DeptController-根据id查询信息：16
2025-07-17 23:20:37.783 [http-nio-8080-exec-5] INFO  com.kei.tliaswebmanagement1.aop.RecordTimeAspect-before
2025-07-17 23:20:37.783 [http-nio-8080-exec-5] INFO  com.kei.tliaswebmanagement1.aop.RecordTimeAspect-目标对象：com.kei.tliaswebmanagement1.service.Impl.DeptServiceImpl@7aa79607
2025-07-17 23:20:37.783 [http-nio-8080-exec-5] INFO  com.kei.tliaswebmanagement1.aop.RecordTimeAspect-目标类：com.kei.tliaswebmanagement1.service.Impl.DeptServiceImpl
2025-07-17 23:20:37.784 [http-nio-8080-exec-5] INFO  com.kei.tliaswebmanagement1.aop.RecordTimeAspect-目标方法：getInfo
2025-07-17 23:20:37.784 [http-nio-8080-exec-5] INFO  com.kei.tliaswebmanagement1.aop.RecordTimeAspect-目标方法参数：16
2025-07-17 23:20:45.950 [http-nio-8080-exec-4] INFO  c.k.tliaswebmanagement1.controller.DeptController-根据id查询信息：12
2025-07-17 23:20:45.951 [http-nio-8080-exec-4] INFO  com.kei.tliaswebmanagement1.aop.RecordTimeAspect-before
2025-07-17 23:20:45.951 [http-nio-8080-exec-4] INFO  com.kei.tliaswebmanagement1.aop.RecordTimeAspect-目标对象：com.kei.tliaswebmanagement1.service.Impl.DeptServiceImpl@7aa79607
2025-07-17 23:20:45.951 [http-nio-8080-exec-4] INFO  com.kei.tliaswebmanagement1.aop.RecordTimeAspect-目标类：com.kei.tliaswebmanagement1.service.Impl.DeptServiceImpl
2025-07-17 23:20:45.952 [http-nio-8080-exec-4] INFO  com.kei.tliaswebmanagement1.aop.RecordTimeAspect-目标方法：getInfo
2025-07-17 23:20:45.952 [http-nio-8080-exec-4] INFO  com.kei.tliaswebmanagement1.aop.RecordTimeAspect-目标方法参数：12
2025-07-17 23:26:02.753 [http-nio-8080-exec-3] INFO  c.k.tliaswebmanagement1.controller.DeptController-查询全部乐队数据
2025-07-17 23:26:02.753 [http-nio-8080-exec-3] INFO  com.kei.tliaswebmanagement1.aop.RecordTimeAspect-before
2025-07-17 23:26:02.753 [http-nio-8080-exec-3] INFO  com.kei.tliaswebmanagement1.aop.RecordTimeAspect-目标对象：com.kei.tliaswebmanagement1.service.Impl.DeptServiceImpl@7aa79607
2025-07-17 23:26:02.753 [http-nio-8080-exec-3] INFO  com.kei.tliaswebmanagement1.aop.RecordTimeAspect-目标类：com.kei.tliaswebmanagement1.service.Impl.DeptServiceImpl
2025-07-17 23:26:02.753 [http-nio-8080-exec-3] INFO  com.kei.tliaswebmanagement1.aop.RecordTimeAspect-目标方法：findAll
2025-07-17 23:26:02.754 [http-nio-8080-exec-3] INFO  com.kei.tliaswebmanagement1.aop.RecordTimeAspect-目标方法参数：{}
2025-07-17 23:26:04.879 [http-nio-8080-exec-6] INFO  c.k.tliaswebmanagement1.controller.DeptController-根据id查询信息：16
2025-07-17 23:26:04.880 [http-nio-8080-exec-6] INFO  com.kei.tliaswebmanagement1.aop.RecordTimeAspect-before
2025-07-17 23:26:04.880 [http-nio-8080-exec-6] INFO  com.kei.tliaswebmanagement1.aop.RecordTimeAspect-目标对象：com.kei.tliaswebmanagement1.service.Impl.DeptServiceImpl@7aa79607
2025-07-17 23:26:04.880 [http-nio-8080-exec-6] INFO  com.kei.tliaswebmanagement1.aop.RecordTimeAspect-目标类：com.kei.tliaswebmanagement1.service.Impl.DeptServiceImpl
2025-07-17 23:26:04.880 [http-nio-8080-exec-6] INFO  com.kei.tliaswebmanagement1.aop.RecordTimeAspect-目标方法：getInfo
2025-07-17 23:26:04.880 [http-nio-8080-exec-6] INFO  com.kei.tliaswebmanagement1.aop.RecordTimeAspect-目标方法参数：16
2025-07-17 23:26:07.394 [http-nio-8080-exec-7] INFO  c.k.tliaswebmanagement1.controller.DeptController-新增乐队：1
2025-07-17 23:26:07.394 [http-nio-8080-exec-7] INFO  com.kei.tliaswebmanagement1.aop.RecordTimeAspect-before
2025-07-17 23:26:07.394 [http-nio-8080-exec-7] INFO  com.kei.tliaswebmanagement1.aop.RecordTimeAspect-目标对象：com.kei.tliaswebmanagement1.service.Impl.DeptServiceImpl@7aa79607
2025-07-17 23:26:07.394 [http-nio-8080-exec-7] INFO  com.kei.tliaswebmanagement1.aop.RecordTimeAspect-目标类：com.kei.tliaswebmanagement1.service.Impl.DeptServiceImpl
2025-07-17 23:26:07.395 [http-nio-8080-exec-7] INFO  com.kei.tliaswebmanagement1.aop.RecordTimeAspect-目标方法：add
2025-07-17 23:26:07.395 [http-nio-8080-exec-7] INFO  com.kei.tliaswebmanagement1.aop.RecordTimeAspect-目标方法参数：Dept(id=16, name=1, createTime=2025-07-15T14:59:23, updateTime=2025-07-15T14:59:23)
2025-07-17 23:26:07.943 [http-nio-8080-exec-7] ERROR c.k.t.exception.GlobalExceptionHandler-程序出错了喵~
org.springframework.dao.DuplicateKeyException: 
### Error updating database.  Cause: java.sql.SQLIntegrityConstraintViolationException: Duplicate entry '1' for key 'dept.name'
### The error may exist in com/kei/tliaswebmanagement1/mapper/DeptMapper.java (best guess)
### The error may involve com.kei.tliaswebmanagement1.mapper.DeptMapper.insert-Inline
### The error occurred while setting parameters
### SQL: insert into dept (name, create_time, update_time) values (?,?,?)
### Cause: java.sql.SQLIntegrityConstraintViolationException: Duplicate entry '1' for key 'dept.name'
; Duplicate entry '1' for key 'dept.name'
	at org.springframework.jdbc.support.SQLErrorCodeSQLExceptionTranslator.doTranslate(SQLErrorCodeSQLExceptionTranslator.java:254)
	at org.springframework.jdbc.support.AbstractFallbackSQLExceptionTranslator.translate(AbstractFallbackSQLExceptionTranslator.java:107)
	at org.mybatis.spring.MyBatisExceptionTranslator.translateExceptionIfPossible(MyBatisExceptionTranslator.java:93)
	at org.mybatis.spring.SqlSessionTemplate$SqlSessionInterceptor.invoke(SqlSessionTemplate.java:347)
	at jdk.proxy2/jdk.proxy2.$Proxy85.insert(Unknown Source)
	at org.mybatis.spring.SqlSessionTemplate.insert(SqlSessionTemplate.java:224)
	at org.apache.ibatis.binding.MapperMethod.execute(MapperMethod.java:62)
	at org.apache.ibatis.binding.MapperProxy$PlainMethodInvoker.invoke(MapperProxy.java:141)
	at org.apache.ibatis.binding.MapperProxy.invoke(MapperProxy.java:86)
	at jdk.proxy2/jdk.proxy2.$Proxy105.insert(Unknown Source)
	at com.kei.tliaswebmanagement1.service.Impl.DeptServiceImpl.add(DeptServiceImpl.java:31)
	at java.base/jdk.internal.reflect.NativeMethodAccessorImpl.invoke0(Native Method)
	at java.base/jdk.internal.reflect.NativeMethodAccessorImpl.invoke(NativeMethodAccessorImpl.java:77)
	at java.base/jdk.internal.reflect.DelegatingMethodAccessorImpl.invoke(DelegatingMethodAccessorImpl.java:43)
	at java.base/java.lang.reflect.Method.invoke(Method.java:569)
	at org.springframework.aop.support.AopUtils.invokeJoinpointUsingReflection(AopUtils.java:359)
	at org.springframework.aop.framework.ReflectiveMethodInvocation.invokeJoinpoint(ReflectiveMethodInvocation.java:196)
	at org.springframework.aop.framework.ReflectiveMethodInvocation.proceed(ReflectiveMethodInvocation.java:163)
	at org.springframework.aop.framework.adapter.MethodBeforeAdviceInterceptor.invoke(MethodBeforeAdviceInterceptor.java:58)
	at org.springframework.aop.framework.ReflectiveMethodInvocation.proceed(ReflectiveMethodInvocation.java:184)
	at org.springframework.aop.interceptor.ExposeInvocationInterceptor.invoke(ExposeInvocationInterceptor.java:97)
	at org.springframework.aop.framework.ReflectiveMethodInvocation.proceed(ReflectiveMethodInvocation.java:184)
	at org.springframework.aop.framework.CglibAopProxy$DynamicAdvisedInterceptor.intercept(CglibAopProxy.java:728)
	at com.kei.tliaswebmanagement1.service.Impl.DeptServiceImpl$$SpringCGLIB$$0.add(<generated>)
	at com.kei.tliaswebmanagement1.controller.DeptController.add(DeptController.java:87)
	at java.base/jdk.internal.reflect.NativeMethodAccessorImpl.invoke0(Native Method)
	at java.base/jdk.internal.reflect.NativeMethodAccessorImpl.invoke(NativeMethodAccessorImpl.java:77)
	at java.base/jdk.internal.reflect.DelegatingMethodAccessorImpl.invoke(DelegatingMethodAccessorImpl.java:43)
	at java.base/java.lang.reflect.Method.invoke(Method.java:569)
	at org.springframework.aop.support.AopUtils.invokeJoinpointUsingReflection(AopUtils.java:359)
	at org.springframework.aop.framework.ReflectiveMethodInvocation.invokeJoinpoint(ReflectiveMethodInvocation.java:196)
	at org.springframework.aop.framework.ReflectiveMethodInvocation.proceed(ReflectiveMethodInvocation.java:163)
	at org.springframework.aop.aspectj.MethodInvocationProceedingJoinPoint.proceed(MethodInvocationProceedingJoinPoint.java:89)
	at com.kei.tliaswebmanagement1.aop.OperateLogAspect.operateLog(OperateLogAspect.java:47)
	at java.base/jdk.internal.reflect.NativeMethodAccessorImpl.invoke0(Native Method)
	at java.base/jdk.internal.reflect.NativeMethodAccessorImpl.invoke(NativeMethodAccessorImpl.java:77)
	at java.base/jdk.internal.reflect.DelegatingMethodAccessorImpl.invoke(DelegatingMethodAccessorImpl.java:43)
	at java.base/java.lang.reflect.Method.invoke(Method.java:569)
	at org.springframework.aop.aspectj.AbstractAspectJAdvice.invokeAdviceMethodWithGivenArgs(AbstractAspectJAdvice.java:642)
	at org.springframework.aop.aspectj.AbstractAspectJAdvice.invokeAdviceMethod(AbstractAspectJAdvice.java:632)
	at org.springframework.aop.aspectj.AspectJAroundAdvice.invoke(AspectJAroundAdvice.java:71)
	at org.springframework.aop.framework.ReflectiveMethodInvocation.proceed(ReflectiveMethodInvocation.java:173)
	at org.springframework.aop.interceptor.ExposeInvocationInterceptor.invoke(ExposeInvocationInterceptor.java:97)
	at org.springframework.aop.framework.ReflectiveMethodInvocation.proceed(ReflectiveMethodInvocation.java:184)
	at org.springframework.aop.framework.CglibAopProxy$DynamicAdvisedInterceptor.intercept(CglibAopProxy.java:728)
	at com.kei.tliaswebmanagement1.controller.DeptController$$SpringCGLIB$$0.add(<generated>)
	at java.base/jdk.internal.reflect.NativeMethodAccessorImpl.invoke0(Native Method)
	at java.base/jdk.internal.reflect.NativeMethodAccessorImpl.invoke(NativeMethodAccessorImpl.java:77)
	at java.base/jdk.internal.reflect.DelegatingMethodAccessorImpl.invoke(DelegatingMethodAccessorImpl.java:43)
	at java.base/java.lang.reflect.Method.invoke(Method.java:569)
	at org.springframework.web.method.support.InvocableHandlerMethod.doInvoke(InvocableHandlerMethod.java:258)
	at org.springframework.web.method.support.InvocableHandlerMethod.invokeForRequest(InvocableHandlerMethod.java:191)
	at org.springframework.web.servlet.mvc.method.annotation.ServletInvocableHandlerMethod.invokeAndHandle(ServletInvocableHandlerMethod.java:118)
	at org.springframework.web.servlet.mvc.method.annotation.RequestMappingHandlerAdapter.invokeHandlerMethod(RequestMappingHandlerAdapter.java:986)
	at org.springframework.web.servlet.mvc.method.annotation.RequestMappingHandlerAdapter.handleInternal(RequestMappingHandlerAdapter.java:891)
	at org.springframework.web.servlet.mvc.method.AbstractHandlerMethodAdapter.handle(AbstractHandlerMethodAdapter.java:87)
	at org.springframework.web.servlet.DispatcherServlet.doDispatch(DispatcherServlet.java:1089)
	at org.springframework.web.servlet.DispatcherServlet.doService(DispatcherServlet.java:979)
	at org.springframework.web.servlet.FrameworkServlet.processRequest(FrameworkServlet.java:1014)
	at org.springframework.web.servlet.FrameworkServlet.doPost(FrameworkServlet.java:914)
	at jakarta.servlet.http.HttpServlet.service(HttpServlet.java:590)
	at org.springframework.web.servlet.FrameworkServlet.service(FrameworkServlet.java:885)
	at jakarta.servlet.http.HttpServlet.service(HttpServlet.java:658)
	at org.apache.catalina.core.ApplicationFilterChain.internalDoFilter(ApplicationFilterChain.java:195)
	at org.apache.catalina.core.ApplicationFilterChain.doFilter(ApplicationFilterChain.java:140)
	at org.apache.tomcat.websocket.server.WsFilter.doFilter(WsFilter.java:51)
	at org.apache.catalina.core.ApplicationFilterChain.internalDoFilter(ApplicationFilterChain.java:164)
	at org.apache.catalina.core.ApplicationFilterChain.doFilter(ApplicationFilterChain.java:140)
	at org.springframework.web.filter.RequestContextFilter.doFilterInternal(RequestContextFilter.java:100)
	at org.springframework.web.filter.OncePerRequestFilter.doFilter(OncePerRequestFilter.java:116)
	at org.apache.catalina.core.ApplicationFilterChain.internalDoFilter(ApplicationFilterChain.java:164)
	at org.apache.catalina.core.ApplicationFilterChain.doFilter(ApplicationFilterChain.java:140)
	at org.springframework.web.filter.FormContentFilter.doFilterInternal(FormContentFilter.java:93)
	at org.springframework.web.filter.OncePerRequestFilter.doFilter(OncePerRequestFilter.java:116)
	at org.apache.catalina.core.ApplicationFilterChain.internalDoFilter(ApplicationFilterChain.java:164)
	at org.apache.catalina.core.ApplicationFilterChain.doFilter(ApplicationFilterChain.java:140)
	at org.springframework.web.filter.ServerHttpObservationFilter.doFilterInternal(ServerHttpObservationFilter.java:114)
	at org.springframework.web.filter.OncePerRequestFilter.doFilter(OncePerRequestFilter.java:116)
	at org.apache.catalina.core.ApplicationFilterChain.internalDoFilter(ApplicationFilterChain.java:164)
	at org.apache.catalina.core.ApplicationFilterChain.doFilter(ApplicationFilterChain.java:140)
	at org.springframework.web.filter.CharacterEncodingFilter.doFilterInternal(CharacterEncodingFilter.java:201)
	at org.springframework.web.filter.OncePerRequestFilter.doFilter(OncePerRequestFilter.java:116)
	at org.apache.catalina.core.ApplicationFilterChain.internalDoFilter(ApplicationFilterChain.java:164)
	at org.apache.catalina.core.ApplicationFilterChain.doFilter(ApplicationFilterChain.java:140)
	at org.apache.catalina.core.StandardWrapperValve.invoke(StandardWrapperValve.java:167)
	at org.apache.catalina.core.StandardContextValve.invoke(StandardContextValve.java:90)
	at org.apache.catalina.authenticator.AuthenticatorBase.invoke(AuthenticatorBase.java:483)
	at org.apache.catalina.core.StandardHostValve.invoke(StandardHostValve.java:116)
	at org.apache.catalina.valves.ErrorReportValve.invoke(ErrorReportValve.java:93)
	at org.apache.catalina.core.StandardEngineValve.invoke(StandardEngineValve.java:74)
	at org.apache.catalina.connector.CoyoteAdapter.service(CoyoteAdapter.java:344)
	at org.apache.coyote.http11.Http11Processor.service(Http11Processor.java:398)
	at org.apache.coyote.AbstractProcessorLight.process(AbstractProcessorLight.java:63)
	at org.apache.coyote.AbstractProtocol$ConnectionHandler.process(AbstractProtocol.java:903)
	at org.apache.tomcat.util.net.NioEndpoint$SocketProcessor.doRun(NioEndpoint.java:1740)
	at org.apache.tomcat.util.net.SocketProcessorBase.run(SocketProcessorBase.java:52)
	at org.apache.tomcat.util.threads.ThreadPoolExecutor.runWorker(ThreadPoolExecutor.java:1189)
	at org.apache.tomcat.util.threads.ThreadPoolExecutor$Worker.run(ThreadPoolExecutor.java:658)
	at org.apache.tomcat.util.threads.TaskThread$WrappingRunnable.run(TaskThread.java:63)
	at java.base/java.lang.Thread.run(Thread.java:840)
Caused by: java.sql.SQLIntegrityConstraintViolationException: Duplicate entry '1' for key 'dept.name'
	at com.mysql.cj.jdbc.exceptions.SQLError.createSQLException(SQLError.java:109)
	at com.mysql.cj.jdbc.exceptions.SQLExceptionsMapping.translateException(SQLExceptionsMapping.java:114)
	at com.mysql.cj.jdbc.ClientPreparedStatement.executeInternal(ClientPreparedStatement.java:988)
	at com.mysql.cj.jdbc.ClientPreparedStatement.execute(ClientPreparedStatement.java:382)
	at com.zaxxer.hikari.pool.ProxyPreparedStatement.execute(ProxyPreparedStatement.java:44)
	at com.zaxxer.hikari.pool.HikariProxyPreparedStatement.execute(HikariProxyPreparedStatement.java)
	at java.base/jdk.internal.reflect.NativeMethodAccessorImpl.invoke0(Native Method)
	at java.base/jdk.internal.reflect.NativeMethodAccessorImpl.invoke(NativeMethodAccessorImpl.java:77)
	at java.base/jdk.internal.reflect.DelegatingMethodAccessorImpl.invoke(DelegatingMethodAccessorImpl.java:43)
	at java.base/java.lang.reflect.Method.invoke(Method.java:569)
	at org.apache.ibatis.logging.jdbc.PreparedStatementLogger.invoke(PreparedStatementLogger.java:58)
	at jdk.proxy3/jdk.proxy3.$Proxy129.execute(Unknown Source)
	at org.apache.ibatis.executor.statement.PreparedStatementHandler.update(PreparedStatementHandler.java:48)
	at org.apache.ibatis.executor.statement.RoutingStatementHandler.update(RoutingStatementHandler.java:75)
	at org.apache.ibatis.executor.SimpleExecutor.doUpdate(SimpleExecutor.java:50)
	at org.apache.ibatis.executor.BaseExecutor.update(BaseExecutor.java:117)
	at org.apache.ibatis.executor.CachingExecutor.update(CachingExecutor.java:76)
	at java.base/jdk.internal.reflect.NativeMethodAccessorImpl.invoke0(Native Method)
	at java.base/jdk.internal.reflect.NativeMethodAccessorImpl.invoke(NativeMethodAccessorImpl.java:77)
	at java.base/jdk.internal.reflect.DelegatingMethodAccessorImpl.invoke(DelegatingMethodAccessorImpl.java:43)
	at java.base/java.lang.reflect.Method.invoke(Method.java:569)
	at org.apache.ibatis.plugin.Plugin.invoke(Plugin.java:61)
	at jdk.proxy2/jdk.proxy2.$Proxy128.update(Unknown Source)
	at org.apache.ibatis.session.defaults.DefaultSqlSession.update(DefaultSqlSession.java:197)
	at org.apache.ibatis.session.defaults.DefaultSqlSession.insert(DefaultSqlSession.java:184)
	at java.base/jdk.internal.reflect.NativeMethodAccessorImpl.invoke0(Native Method)
	at java.base/jdk.internal.reflect.NativeMethodAccessorImpl.invoke(NativeMethodAccessorImpl.java:77)
	at java.base/jdk.internal.reflect.DelegatingMethodAccessorImpl.invoke(DelegatingMethodAccessorImpl.java:43)
	at java.base/java.lang.reflect.Method.invoke(Method.java:569)
	at org.mybatis.spring.SqlSessionTemplate$SqlSessionInterceptor.invoke(SqlSessionTemplate.java:333)
	... 96 common frames omitted
2025-07-17 23:26:16.436 [http-nio-8080-exec-10] INFO  c.k.tliaswebmanagement1.controller.DeptController-根据id查询信息：16
2025-07-17 23:26:16.436 [http-nio-8080-exec-10] INFO  com.kei.tliaswebmanagement1.aop.RecordTimeAspect-before
2025-07-17 23:26:16.436 [http-nio-8080-exec-10] INFO  com.kei.tliaswebmanagement1.aop.RecordTimeAspect-目标对象：com.kei.tliaswebmanagement1.service.Impl.DeptServiceImpl@7aa79607
2025-07-17 23:26:16.436 [http-nio-8080-exec-10] INFO  com.kei.tliaswebmanagement1.aop.RecordTimeAspect-目标类：com.kei.tliaswebmanagement1.service.Impl.DeptServiceImpl
2025-07-17 23:26:16.436 [http-nio-8080-exec-10] INFO  com.kei.tliaswebmanagement1.aop.RecordTimeAspect-目标方法：getInfo
2025-07-17 23:26:16.436 [http-nio-8080-exec-10] INFO  com.kei.tliaswebmanagement1.aop.RecordTimeAspect-目标方法参数：16
2025-07-17 23:26:20.555 [http-nio-8080-exec-8] INFO  c.k.tliaswebmanagement1.controller.DeptController-新增乐队：222
2025-07-17 23:26:20.556 [http-nio-8080-exec-8] INFO  com.kei.tliaswebmanagement1.aop.RecordTimeAspect-before
2025-07-17 23:26:20.556 [http-nio-8080-exec-8] INFO  com.kei.tliaswebmanagement1.aop.RecordTimeAspect-目标对象：com.kei.tliaswebmanagement1.service.Impl.DeptServiceImpl@7aa79607
2025-07-17 23:26:20.556 [http-nio-8080-exec-8] INFO  com.kei.tliaswebmanagement1.aop.RecordTimeAspect-目标类：com.kei.tliaswebmanagement1.service.Impl.DeptServiceImpl
2025-07-17 23:26:20.556 [http-nio-8080-exec-8] INFO  com.kei.tliaswebmanagement1.aop.RecordTimeAspect-目标方法：add
2025-07-17 23:26:20.556 [http-nio-8080-exec-8] INFO  com.kei.tliaswebmanagement1.aop.RecordTimeAspect-目标方法参数：Dept(id=16, name=222, createTime=2025-07-15T14:59:23, updateTime=2025-07-15T14:59:23)
2025-07-17 23:26:20.850 [http-nio-8080-exec-8] INFO  com.kei.tliaswebmanagement1.aop.OperateLogAspect-operateLog:OperateLog{id=null, operateEmpId=null, operateTime=2025-07-17T23:26:20.849815700, className='com.kei.tliaswebmanagement1.controller.DeptController', methodName='add', methodParams='[Ljava.lang.Object;@39d38544', returnValue='Result(code=1, msg=success, data=null)', costTime=276}
2025-07-17 23:26:21.019 [http-nio-8080-exec-9] INFO  c.k.tliaswebmanagement1.controller.DeptController-查询全部乐队数据
2025-07-17 23:26:21.019 [http-nio-8080-exec-9] INFO  com.kei.tliaswebmanagement1.aop.RecordTimeAspect-before
2025-07-17 23:26:21.019 [http-nio-8080-exec-9] INFO  com.kei.tliaswebmanagement1.aop.RecordTimeAspect-目标对象：com.kei.tliaswebmanagement1.service.Impl.DeptServiceImpl@7aa79607
2025-07-17 23:26:21.019 [http-nio-8080-exec-9] INFO  com.kei.tliaswebmanagement1.aop.RecordTimeAspect-目标类：com.kei.tliaswebmanagement1.service.Impl.DeptServiceImpl
2025-07-17 23:26:21.019 [http-nio-8080-exec-9] INFO  com.kei.tliaswebmanagement1.aop.RecordTimeAspect-目标方法：findAll
2025-07-17 23:26:21.020 [http-nio-8080-exec-9] INFO  com.kei.tliaswebmanagement1.aop.RecordTimeAspect-目标方法参数：{}
2025-07-17 23:26:59.200 [http-nio-8080-exec-1] INFO  c.k.tliaswebmanagement1.controller.DeptController-根据id查询信息：16
2025-07-17 23:26:59.201 [http-nio-8080-exec-1] INFO  com.kei.tliaswebmanagement1.aop.RecordTimeAspect-before
2025-07-17 23:26:59.201 [http-nio-8080-exec-1] INFO  com.kei.tliaswebmanagement1.aop.RecordTimeAspect-目标对象：com.kei.tliaswebmanagement1.service.Impl.DeptServiceImpl@7aa79607
2025-07-17 23:26:59.201 [http-nio-8080-exec-1] INFO  com.kei.tliaswebmanagement1.aop.RecordTimeAspect-目标类：com.kei.tliaswebmanagement1.service.Impl.DeptServiceImpl
2025-07-17 23:26:59.201 [http-nio-8080-exec-1] INFO  com.kei.tliaswebmanagement1.aop.RecordTimeAspect-目标方法：getInfo
2025-07-17 23:26:59.201 [http-nio-8080-exec-1] INFO  com.kei.tliaswebmanagement1.aop.RecordTimeAspect-目标方法参数：16
2025-07-17 23:27:06.033 [http-nio-8080-exec-2] INFO  c.k.tliaswebmanagement1.controller.DeptController-新增乐队：12222
2025-07-17 23:27:06.033 [http-nio-8080-exec-2] INFO  com.kei.tliaswebmanagement1.aop.RecordTimeAspect-before
2025-07-17 23:27:06.033 [http-nio-8080-exec-2] INFO  com.kei.tliaswebmanagement1.aop.RecordTimeAspect-目标对象：com.kei.tliaswebmanagement1.service.Impl.DeptServiceImpl@7aa79607
2025-07-17 23:27:06.033 [http-nio-8080-exec-2] INFO  com.kei.tliaswebmanagement1.aop.RecordTimeAspect-目标类：com.kei.tliaswebmanagement1.service.Impl.DeptServiceImpl
2025-07-17 23:27:06.034 [http-nio-8080-exec-2] INFO  com.kei.tliaswebmanagement1.aop.RecordTimeAspect-目标方法：add
2025-07-17 23:27:06.034 [http-nio-8080-exec-2] INFO  com.kei.tliaswebmanagement1.aop.RecordTimeAspect-目标方法参数：Dept(id=16, name=12222, createTime=2025-07-15T14:59:23, updateTime=2025-07-15T14:59:23)
2025-07-17 23:27:06.085 [http-nio-8080-exec-2] INFO  com.kei.tliaswebmanagement1.aop.OperateLogAspect-operateLog:OperateLog{id=null, operateEmpId=null, operateTime=2025-07-17T23:27:06.085559900, className='com.kei.tliaswebmanagement1.controller.DeptController', methodName='add', methodParams='[Ljava.lang.Object;@4e4c6504', returnValue='Result(code=1, msg=success, data=null)', costTime=52}
2025-07-17 23:27:06.141 [http-nio-8080-exec-5] INFO  c.k.tliaswebmanagement1.controller.DeptController-查询全部乐队数据
2025-07-17 23:27:06.141 [http-nio-8080-exec-5] INFO  com.kei.tliaswebmanagement1.aop.RecordTimeAspect-before
2025-07-17 23:27:06.141 [http-nio-8080-exec-5] INFO  com.kei.tliaswebmanagement1.aop.RecordTimeAspect-目标对象：com.kei.tliaswebmanagement1.service.Impl.DeptServiceImpl@7aa79607
2025-07-17 23:27:06.141 [http-nio-8080-exec-5] INFO  com.kei.tliaswebmanagement1.aop.RecordTimeAspect-目标类：com.kei.tliaswebmanagement1.service.Impl.DeptServiceImpl
2025-07-17 23:27:06.141 [http-nio-8080-exec-5] INFO  com.kei.tliaswebmanagement1.aop.RecordTimeAspect-目标方法：findAll
2025-07-17 23:27:06.141 [http-nio-8080-exec-5] INFO  com.kei.tliaswebmanagement1.aop.RecordTimeAspect-目标方法参数：{}
2025-07-17 23:30:31.798 [http-nio-8080-exec-4] INFO  c.k.tliaswebmanagement1.controller.DeptController-查询全部乐队数据
2025-07-17 23:30:31.799 [http-nio-8080-exec-4] INFO  com.kei.tliaswebmanagement1.aop.RecordTimeAspect-before
2025-07-17 23:30:31.799 [http-nio-8080-exec-4] INFO  com.kei.tliaswebmanagement1.aop.RecordTimeAspect-目标对象：com.kei.tliaswebmanagement1.service.Impl.DeptServiceImpl@7aa79607
2025-07-17 23:30:31.799 [http-nio-8080-exec-4] INFO  com.kei.tliaswebmanagement1.aop.RecordTimeAspect-目标类：com.kei.tliaswebmanagement1.service.Impl.DeptServiceImpl
2025-07-17 23:30:31.799 [http-nio-8080-exec-4] INFO  com.kei.tliaswebmanagement1.aop.RecordTimeAspect-目标方法：findAll
2025-07-17 23:30:31.799 [http-nio-8080-exec-4] INFO  com.kei.tliaswebmanagement1.aop.RecordTimeAspect-目标方法参数：{}
2025-07-17 23:36:00.635 [http-nio-8080-exec-3] INFO  c.k.tliaswebmanagement1.controller.DeptController-查询全部乐队数据
2025-07-17 23:36:00.636 [http-nio-8080-exec-3] INFO  com.kei.tliaswebmanagement1.aop.RecordTimeAspect-before
2025-07-17 23:36:00.636 [http-nio-8080-exec-3] INFO  com.kei.tliaswebmanagement1.aop.RecordTimeAspect-目标对象：com.kei.tliaswebmanagement1.service.Impl.DeptServiceImpl@7aa79607
2025-07-17 23:36:00.636 [http-nio-8080-exec-3] INFO  com.kei.tliaswebmanagement1.aop.RecordTimeAspect-目标类：com.kei.tliaswebmanagement1.service.Impl.DeptServiceImpl
2025-07-17 23:36:00.636 [http-nio-8080-exec-3] INFO  com.kei.tliaswebmanagement1.aop.RecordTimeAspect-目标方法：findAll
2025-07-17 23:36:00.636 [http-nio-8080-exec-3] INFO  com.kei.tliaswebmanagement1.aop.RecordTimeAspect-目标方法参数：{}
2025-07-17 23:36:27.801 [http-nio-8080-exec-6] INFO  c.k.tliaswebmanagement1.controller.DeptController-根据id查询信息：27
2025-07-17 23:36:27.801 [http-nio-8080-exec-6] INFO  com.kei.tliaswebmanagement1.aop.RecordTimeAspect-before
2025-07-17 23:36:27.801 [http-nio-8080-exec-6] INFO  com.kei.tliaswebmanagement1.aop.RecordTimeAspect-目标对象：com.kei.tliaswebmanagement1.service.Impl.DeptServiceImpl@7aa79607
2025-07-17 23:36:27.801 [http-nio-8080-exec-6] INFO  com.kei.tliaswebmanagement1.aop.RecordTimeAspect-目标类：com.kei.tliaswebmanagement1.service.Impl.DeptServiceImpl
2025-07-17 23:36:27.803 [http-nio-8080-exec-6] INFO  com.kei.tliaswebmanagement1.aop.RecordTimeAspect-目标方法：getInfo
2025-07-17 23:36:27.803 [http-nio-8080-exec-6] INFO  com.kei.tliaswebmanagement1.aop.RecordTimeAspect-目标方法参数：27
2025-07-17 23:39:23.259 [http-nio-8080-exec-7] INFO  c.k.tliaswebmanagement1.controller.DeptController-根据id查询信息：27
2025-07-17 23:39:23.259 [http-nio-8080-exec-7] INFO  com.kei.tliaswebmanagement1.aop.RecordTimeAspect-before
2025-07-17 23:39:23.259 [http-nio-8080-exec-7] INFO  com.kei.tliaswebmanagement1.aop.RecordTimeAspect-目标对象：com.kei.tliaswebmanagement1.service.Impl.DeptServiceImpl@7aa79607
2025-07-17 23:39:23.260 [http-nio-8080-exec-7] INFO  com.kei.tliaswebmanagement1.aop.RecordTimeAspect-目标类：com.kei.tliaswebmanagement1.service.Impl.DeptServiceImpl
2025-07-17 23:39:23.260 [http-nio-8080-exec-7] INFO  com.kei.tliaswebmanagement1.aop.RecordTimeAspect-目标方法：getInfo
2025-07-17 23:39:23.260 [http-nio-8080-exec-7] INFO  com.kei.tliaswebmanagement1.aop.RecordTimeAspect-目标方法参数：27
2025-07-17 23:46:25.412 [http-nio-8080-exec-10] INFO  c.k.tliaswebmanagement1.controller.DeptController-查询全部乐队数据
2025-07-17 23:46:25.413 [http-nio-8080-exec-10] INFO  com.kei.tliaswebmanagement1.aop.RecordTimeAspect-before
2025-07-17 23:46:25.413 [http-nio-8080-exec-10] INFO  com.kei.tliaswebmanagement1.aop.RecordTimeAspect-目标对象：com.kei.tliaswebmanagement1.service.Impl.DeptServiceImpl@7aa79607
2025-07-17 23:46:25.413 [http-nio-8080-exec-10] INFO  com.kei.tliaswebmanagement1.aop.RecordTimeAspect-目标类：com.kei.tliaswebmanagement1.service.Impl.DeptServiceImpl
2025-07-17 23:46:25.413 [http-nio-8080-exec-10] INFO  com.kei.tliaswebmanagement1.aop.RecordTimeAspect-目标方法：findAll
2025-07-17 23:46:25.413 [http-nio-8080-exec-10] INFO  com.kei.tliaswebmanagement1.aop.RecordTimeAspect-目标方法参数：{}
2025-07-17 23:46:28.813 [http-nio-8080-exec-8] INFO  c.k.tliaswebmanagement1.controller.DeptController-根据id查询信息：16
2025-07-17 23:46:28.813 [http-nio-8080-exec-8] INFO  com.kei.tliaswebmanagement1.aop.RecordTimeAspect-before
2025-07-17 23:46:28.813 [http-nio-8080-exec-8] INFO  com.kei.tliaswebmanagement1.aop.RecordTimeAspect-目标对象：com.kei.tliaswebmanagement1.service.Impl.DeptServiceImpl@7aa79607
2025-07-17 23:46:28.813 [http-nio-8080-exec-8] INFO  com.kei.tliaswebmanagement1.aop.RecordTimeAspect-目标类：com.kei.tliaswebmanagement1.service.Impl.DeptServiceImpl
2025-07-17 23:46:28.813 [http-nio-8080-exec-8] INFO  com.kei.tliaswebmanagement1.aop.RecordTimeAspect-目标方法：getInfo
2025-07-17 23:46:28.813 [http-nio-8080-exec-8] INFO  com.kei.tliaswebmanagement1.aop.RecordTimeAspect-目标方法参数：16
2025-07-17 23:46:33.517 [http-nio-8080-exec-9] INFO  c.k.tliaswebmanagement1.controller.DeptController-修改信息：1110
2025-07-17 23:46:33.517 [http-nio-8080-exec-9] INFO  com.kei.tliaswebmanagement1.aop.RecordTimeAspect-before
2025-07-17 23:46:33.517 [http-nio-8080-exec-9] INFO  com.kei.tliaswebmanagement1.aop.RecordTimeAspect-目标对象：com.kei.tliaswebmanagement1.service.Impl.DeptServiceImpl@7aa79607
2025-07-17 23:46:33.517 [http-nio-8080-exec-9] INFO  com.kei.tliaswebmanagement1.aop.RecordTimeAspect-目标类：com.kei.tliaswebmanagement1.service.Impl.DeptServiceImpl
2025-07-17 23:46:33.517 [http-nio-8080-exec-9] INFO  com.kei.tliaswebmanagement1.aop.RecordTimeAspect-目标方法：update
2025-07-17 23:46:33.517 [http-nio-8080-exec-9] INFO  com.kei.tliaswebmanagement1.aop.RecordTimeAspect-目标方法参数：Dept(id=16, name=1110, createTime=2025-07-15T14:59:23, updateTime=2025-07-15T14:59:23)
2025-07-17 23:46:33.689 [http-nio-8080-exec-9] INFO  com.kei.tliaswebmanagement1.aop.OperateLogAspect-operateLog:OperateLog{id=null, operateEmpId=null, operateTime=2025-07-17T23:46:33.689228, className='com.kei.tliaswebmanagement1.controller.DeptController', methodName='update', methodParams='[Ljava.lang.Object;@540651c5', returnValue='Result(code=1, msg=success, data=null)', costTime=172}
2025-07-17 23:46:33.834 [http-nio-8080-exec-1] INFO  c.k.tliaswebmanagement1.controller.DeptController-查询全部乐队数据
2025-07-17 23:46:33.834 [http-nio-8080-exec-1] INFO  com.kei.tliaswebmanagement1.aop.RecordTimeAspect-before
2025-07-17 23:46:33.834 [http-nio-8080-exec-1] INFO  com.kei.tliaswebmanagement1.aop.RecordTimeAspect-目标对象：com.kei.tliaswebmanagement1.service.Impl.DeptServiceImpl@7aa79607
2025-07-17 23:46:33.834 [http-nio-8080-exec-1] INFO  com.kei.tliaswebmanagement1.aop.RecordTimeAspect-目标类：com.kei.tliaswebmanagement1.service.Impl.DeptServiceImpl
2025-07-17 23:46:33.834 [http-nio-8080-exec-1] INFO  com.kei.tliaswebmanagement1.aop.RecordTimeAspect-目标方法：findAll
2025-07-17 23:46:33.834 [http-nio-8080-exec-1] INFO  com.kei.tliaswebmanagement1.aop.RecordTimeAspect-目标方法参数：{}
2025-07-17 23:46:36.025 [http-nio-8080-exec-2] INFO  c.k.tliaswebmanagement1.controller.DeptController-根据id查询信息：16
2025-07-17 23:46:36.025 [http-nio-8080-exec-2] INFO  com.kei.tliaswebmanagement1.aop.RecordTimeAspect-before
2025-07-17 23:46:36.025 [http-nio-8080-exec-2] INFO  com.kei.tliaswebmanagement1.aop.RecordTimeAspect-目标对象：com.kei.tliaswebmanagement1.service.Impl.DeptServiceImpl@7aa79607
2025-07-17 23:46:36.025 [http-nio-8080-exec-2] INFO  com.kei.tliaswebmanagement1.aop.RecordTimeAspect-目标类：com.kei.tliaswebmanagement1.service.Impl.DeptServiceImpl
2025-07-17 23:46:36.025 [http-nio-8080-exec-2] INFO  com.kei.tliaswebmanagement1.aop.RecordTimeAspect-目标方法：getInfo
2025-07-17 23:46:36.025 [http-nio-8080-exec-2] INFO  com.kei.tliaswebmanagement1.aop.RecordTimeAspect-目标方法参数：16
2025-07-17 23:46:41.525 [http-nio-8080-exec-5] INFO  c.k.tliaswebmanagement1.controller.DeptController-修改信息：0721
2025-07-17 23:46:41.525 [http-nio-8080-exec-5] INFO  com.kei.tliaswebmanagement1.aop.RecordTimeAspect-before
2025-07-17 23:46:41.525 [http-nio-8080-exec-5] INFO  com.kei.tliaswebmanagement1.aop.RecordTimeAspect-目标对象：com.kei.tliaswebmanagement1.service.Impl.DeptServiceImpl@7aa79607
2025-07-17 23:46:41.525 [http-nio-8080-exec-5] INFO  com.kei.tliaswebmanagement1.aop.RecordTimeAspect-目标类：com.kei.tliaswebmanagement1.service.Impl.DeptServiceImpl
2025-07-17 23:46:41.525 [http-nio-8080-exec-5] INFO  com.kei.tliaswebmanagement1.aop.RecordTimeAspect-目标方法：update
2025-07-17 23:46:41.525 [http-nio-8080-exec-5] INFO  com.kei.tliaswebmanagement1.aop.RecordTimeAspect-目标方法参数：Dept(id=16, name=0721, createTime=2025-07-15T14:59:23, updateTime=2025-07-17T23:46:34)
2025-07-17 23:46:41.582 [http-nio-8080-exec-5] INFO  com.kei.tliaswebmanagement1.aop.OperateLogAspect-operateLog:OperateLog{id=null, operateEmpId=null, operateTime=2025-07-17T23:46:41.582462600, className='com.kei.tliaswebmanagement1.controller.DeptController', methodName='update', methodParams='[Ljava.lang.Object;@1480c662', returnValue='Result(code=1, msg=success, data=null)', costTime=57}
2025-07-17 23:46:41.634 [http-nio-8080-exec-4] INFO  c.k.tliaswebmanagement1.controller.DeptController-查询全部乐队数据
2025-07-17 23:46:41.635 [http-nio-8080-exec-4] INFO  com.kei.tliaswebmanagement1.aop.RecordTimeAspect-before
2025-07-17 23:46:41.635 [http-nio-8080-exec-4] INFO  com.kei.tliaswebmanagement1.aop.RecordTimeAspect-目标对象：com.kei.tliaswebmanagement1.service.Impl.DeptServiceImpl@7aa79607
2025-07-17 23:46:41.635 [http-nio-8080-exec-4] INFO  com.kei.tliaswebmanagement1.aop.RecordTimeAspect-目标类：com.kei.tliaswebmanagement1.service.Impl.DeptServiceImpl
2025-07-17 23:46:41.635 [http-nio-8080-exec-4] INFO  com.kei.tliaswebmanagement1.aop.RecordTimeAspect-目标方法：findAll
2025-07-17 23:46:41.635 [http-nio-8080-exec-4] INFO  com.kei.tliaswebmanagement1.aop.RecordTimeAspect-目标方法参数：{}
2025-07-17 23:46:56.042 [http-nio-8080-exec-3] INFO  c.k.tliaswebmanagement1.controller.DeptController-根据id查询信息：13
2025-07-17 23:46:56.042 [http-nio-8080-exec-3] INFO  com.kei.tliaswebmanagement1.aop.RecordTimeAspect-before
2025-07-17 23:46:56.042 [http-nio-8080-exec-3] INFO  com.kei.tliaswebmanagement1.aop.RecordTimeAspect-目标对象：com.kei.tliaswebmanagement1.service.Impl.DeptServiceImpl@7aa79607
2025-07-17 23:46:56.042 [http-nio-8080-exec-3] INFO  com.kei.tliaswebmanagement1.aop.RecordTimeAspect-目标类：com.kei.tliaswebmanagement1.service.Impl.DeptServiceImpl
2025-07-17 23:46:56.042 [http-nio-8080-exec-3] INFO  com.kei.tliaswebmanagement1.aop.RecordTimeAspect-目标方法：getInfo
2025-07-17 23:46:56.042 [http-nio-8080-exec-3] INFO  com.kei.tliaswebmanagement1.aop.RecordTimeAspect-目标方法参数：13
2025-07-17 23:47:22.455 [http-nio-8080-exec-6] INFO  c.k.tliaswebmanagement1.controller.DeptController-修改信息：下北泽会员制日式咖喱餐厅
2025-07-17 23:47:22.455 [http-nio-8080-exec-6] INFO  com.kei.tliaswebmanagement1.aop.RecordTimeAspect-before
2025-07-17 23:47:22.455 [http-nio-8080-exec-6] INFO  com.kei.tliaswebmanagement1.aop.RecordTimeAspect-目标对象：com.kei.tliaswebmanagement1.service.Impl.DeptServiceImpl@7aa79607
2025-07-17 23:47:22.456 [http-nio-8080-exec-6] INFO  com.kei.tliaswebmanagement1.aop.RecordTimeAspect-目标类：com.kei.tliaswebmanagement1.service.Impl.DeptServiceImpl
2025-07-17 23:47:22.456 [http-nio-8080-exec-6] INFO  com.kei.tliaswebmanagement1.aop.RecordTimeAspect-目标方法：update
2025-07-17 23:47:22.456 [http-nio-8080-exec-6] INFO  com.kei.tliaswebmanagement1.aop.RecordTimeAspect-目标方法参数：Dept(id=13, name=下北泽会员制日式咖喱餐厅, createTime=2025-07-15T14:24:56, updateTime=2025-07-15T14:24:56)
2025-07-17 23:47:22.505 [http-nio-8080-exec-6] INFO  com.kei.tliaswebmanagement1.aop.OperateLogAspect-operateLog:OperateLog{id=null, operateEmpId=null, operateTime=2025-07-17T23:47:22.505943100, className='com.kei.tliaswebmanagement1.controller.DeptController', methodName='update', methodParams='[Ljava.lang.Object;@2c3d6ef1', returnValue='Result(code=1, msg=success, data=null)', costTime=50}
2025-07-17 23:47:22.555 [http-nio-8080-exec-7] INFO  c.k.tliaswebmanagement1.controller.DeptController-查询全部乐队数据
2025-07-17 23:47:22.555 [http-nio-8080-exec-7] INFO  com.kei.tliaswebmanagement1.aop.RecordTimeAspect-before
2025-07-17 23:47:22.555 [http-nio-8080-exec-7] INFO  com.kei.tliaswebmanagement1.aop.RecordTimeAspect-目标对象：com.kei.tliaswebmanagement1.service.Impl.DeptServiceImpl@7aa79607
2025-07-17 23:47:22.555 [http-nio-8080-exec-7] INFO  com.kei.tliaswebmanagement1.aop.RecordTimeAspect-目标类：com.kei.tliaswebmanagement1.service.Impl.DeptServiceImpl
2025-07-17 23:47:22.555 [http-nio-8080-exec-7] INFO  com.kei.tliaswebmanagement1.aop.RecordTimeAspect-目标方法：findAll
2025-07-17 23:47:22.555 [http-nio-8080-exec-7] INFO  com.kei.tliaswebmanagement1.aop.RecordTimeAspect-目标方法参数：{}
2025-07-17 23:47:55.253 [http-nio-8080-exec-10] INFO  c.k.tliaswebmanagement1.controller.DeptController-新增乐队：成步堂律师事务所
2025-07-17 23:47:55.253 [http-nio-8080-exec-10] INFO  com.kei.tliaswebmanagement1.aop.RecordTimeAspect-before
2025-07-17 23:47:55.253 [http-nio-8080-exec-10] INFO  com.kei.tliaswebmanagement1.aop.RecordTimeAspect-目标对象：com.kei.tliaswebmanagement1.service.Impl.DeptServiceImpl@7aa79607
2025-07-17 23:47:55.253 [http-nio-8080-exec-10] INFO  com.kei.tliaswebmanagement1.aop.RecordTimeAspect-目标类：com.kei.tliaswebmanagement1.service.Impl.DeptServiceImpl
2025-07-17 23:47:55.253 [http-nio-8080-exec-10] INFO  com.kei.tliaswebmanagement1.aop.RecordTimeAspect-目标方法：add
2025-07-17 23:47:55.253 [http-nio-8080-exec-10] INFO  com.kei.tliaswebmanagement1.aop.RecordTimeAspect-目标方法参数：Dept(id=null, name=成步堂律师事务所, createTime=null, updateTime=null)
2025-07-17 23:47:55.363 [http-nio-8080-exec-10] INFO  com.kei.tliaswebmanagement1.aop.OperateLogAspect-operateLog:OperateLog{id=null, operateEmpId=null, operateTime=2025-07-17T23:47:55.363301200, className='com.kei.tliaswebmanagement1.controller.DeptController', methodName='add', methodParams='[Ljava.lang.Object;@78b7e055', returnValue='Result(code=1, msg=success, data=null)', costTime=111}
2025-07-17 23:47:55.406 [http-nio-8080-exec-8] INFO  c.k.tliaswebmanagement1.controller.DeptController-查询全部乐队数据
2025-07-17 23:47:55.406 [http-nio-8080-exec-8] INFO  com.kei.tliaswebmanagement1.aop.RecordTimeAspect-before
2025-07-17 23:47:55.406 [http-nio-8080-exec-8] INFO  com.kei.tliaswebmanagement1.aop.RecordTimeAspect-目标对象：com.kei.tliaswebmanagement1.service.Impl.DeptServiceImpl@7aa79607
2025-07-17 23:47:55.406 [http-nio-8080-exec-8] INFO  com.kei.tliaswebmanagement1.aop.RecordTimeAspect-目标类：com.kei.tliaswebmanagement1.service.Impl.DeptServiceImpl
2025-07-17 23:47:55.406 [http-nio-8080-exec-8] INFO  com.kei.tliaswebmanagement1.aop.RecordTimeAspect-目标方法：findAll
2025-07-17 23:47:55.406 [http-nio-8080-exec-8] INFO  com.kei.tliaswebmanagement1.aop.RecordTimeAspect-目标方法参数：{}
2025-07-17 23:55:24.343 [http-nio-8080-exec-9] INFO  c.k.tliaswebmanagement1.controller.DeptController-查询全部乐队数据
2025-07-17 23:55:24.344 [http-nio-8080-exec-9] INFO  com.kei.tliaswebmanagement1.aop.RecordTimeAspect-before
2025-07-17 23:55:24.344 [http-nio-8080-exec-9] INFO  com.kei.tliaswebmanagement1.aop.RecordTimeAspect-目标对象：com.kei.tliaswebmanagement1.service.Impl.DeptServiceImpl@7aa79607
2025-07-17 23:55:24.344 [http-nio-8080-exec-9] INFO  com.kei.tliaswebmanagement1.aop.RecordTimeAspect-目标类：com.kei.tliaswebmanagement1.service.Impl.DeptServiceImpl
2025-07-17 23:55:24.344 [http-nio-8080-exec-9] INFO  com.kei.tliaswebmanagement1.aop.RecordTimeAspect-目标方法：findAll
2025-07-17 23:55:24.344 [http-nio-8080-exec-9] INFO  com.kei.tliaswebmanagement1.aop.RecordTimeAspect-目标方法参数：{}
